{"C:\\horizon-labs-code\\project_code\\frontend\\app\\Instructor\\Assessment\\assessment.jsx": {"path":"C:\\horizon-labs-code\\project_code\\frontend\\app\\Instructor\\Assessment\\assessment.jsx","all":false,"statementMap":{"0":{"start":{"line":1,"column":0},"end":{"line":1,"column":13}},"1":{"start":{"line":2,"column":0},"end":{"line":2,"column":0}},"2":{"start":{"line":3,"column":0},"end":{"line":3,"column":65}},"3":{"start":{"line":4,"column":0},"end":{"line":4,"column":44}},"4":{"start":{"line":5,"column":0},"end":{"line":5,"column":43}},"5":{"start":{"line":6,"column":0},"end":{"line":6,"column":0}},"6":{"start":{"line":7,"column":0},"end":{"line":7,"column":25}},"7":{"start":{"line":8,"column":0},"end":{"line":8,"column":21}},"8":{"start":{"line":9,"column":0},"end":{"line":9,"column":39}},"9":{"start":{"line":10,"column":0},"end":{"line":10,"column":3}},"10":{"start":{"line":11,"column":0},"end":{"line":11,"column":0}},"11":{"start":{"line":12,"column":0},"end":{"line":12,"column":94}},"12":{"start":{"line":13,"column":0},"end":{"line":13,"column":8}},"13":{"start":{"line":14,"column":0},"end":{"line":14,"column":4}},"14":{"start":{"line":15,"column":0},"end":{"line":15,"column":2}},"15":{"start":{"line":16,"column":0},"end":{"line":16,"column":65}},"16":{"start":{"line":17,"column":0},"end":{"line":17,"column":68}},"17":{"start":{"line":18,"column":0},"end":{"line":18,"column":0}},"18":{"start":{"line":19,"column":0},"end":{"line":19,"column":46}},"19":{"start":{"line":20,"column":0},"end":{"line":20,"column":29}},"20":{"start":{"line":21,"column":0},"end":{"line":21,"column":44}},"21":{"start":{"line":22,"column":0},"end":{"line":22,"column":14}},"22":{"start":{"line":23,"column":0},"end":{"line":23,"column":20}},"23":{"start":{"line":24,"column":0},"end":{"line":24,"column":25}},"24":{"start":{"line":25,"column":0},"end":{"line":25,"column":26}},"25":{"start":{"line":26,"column":0},"end":{"line":26,"column":18}},"26":{"start":{"line":27,"column":0},"end":{"line":27,"column":19}},"27":{"start":{"line":28,"column":0},"end":{"line":28,"column":21}},"28":{"start":{"line":29,"column":0},"end":{"line":29,"column":5}},"29":{"start":{"line":30,"column":0},"end":{"line":30,"column":51}},"30":{"start":{"line":31,"column":0},"end":{"line":31,"column":61}},"31":{"start":{"line":32,"column":0},"end":{"line":32,"column":59}},"32":{"start":{"line":33,"column":0},"end":{"line":33,"column":53}},"33":{"start":{"line":34,"column":0},"end":{"line":34,"column":68}},"34":{"start":{"line":35,"column":0},"end":{"line":35,"column":64}},"35":{"start":{"line":36,"column":0},"end":{"line":36,"column":51}},"36":{"start":{"line":37,"column":0},"end":{"line":37,"column":44}},"37":{"start":{"line":38,"column":0},"end":{"line":38,"column":56}},"38":{"start":{"line":39,"column":0},"end":{"line":39,"column":39}},"39":{"start":{"line":40,"column":0},"end":{"line":40,"column":47}},"40":{"start":{"line":41,"column":0},"end":{"line":41,"column":38}},"41":{"start":{"line":42,"column":0},"end":{"line":42,"column":0}},"42":{"start":{"line":43,"column":0},"end":{"line":43,"column":63}},"43":{"start":{"line":44,"column":0},"end":{"line":44,"column":24}},"44":{"start":{"line":45,"column":0},"end":{"line":45,"column":9}},"45":{"start":{"line":46,"column":0},"end":{"line":46,"column":96}},"46":{"start":{"line":47,"column":0},"end":{"line":47,"column":59}},"47":{"start":{"line":48,"column":0},"end":{"line":48,"column":25}},"48":{"start":{"line":49,"column":0},"end":{"line":49,"column":74}},"49":{"start":{"line":50,"column":0},"end":{"line":50,"column":7}},"50":{"start":{"line":51,"column":0},"end":{"line":51,"column":43}},"51":{"start":{"line":52,"column":0},"end":{"line":52,"column":26}},"52":{"start":{"line":53,"column":0},"end":{"line":53,"column":77}},"53":{"start":{"line":54,"column":0},"end":{"line":54,"column":33}},"54":{"start":{"line":55,"column":0},"end":{"line":55,"column":31}},"55":{"start":{"line":56,"column":0},"end":{"line":56,"column":30}},"56":{"start":{"line":57,"column":0},"end":{"line":57,"column":16}},"57":{"start":{"line":58,"column":0},"end":{"line":58,"column":31}},"58":{"start":{"line":59,"column":0},"end":{"line":59,"column":48}},"59":{"start":{"line":60,"column":0},"end":{"line":60,"column":25}},"60":{"start":{"line":61,"column":0},"end":{"line":61,"column":38}},"61":{"start":{"line":62,"column":0},"end":{"line":62,"column":93}},"62":{"start":{"line":63,"column":0},"end":{"line":63,"column":26}},"63":{"start":{"line":64,"column":0},"end":{"line":64,"column":39}},"64":{"start":{"line":65,"column":0},"end":{"line":65,"column":95}},"65":{"start":{"line":66,"column":0},"end":{"line":66,"column":18}},"66":{"start":{"line":67,"column":0},"end":{"line":67,"column":36}},"67":{"start":{"line":68,"column":0},"end":{"line":68,"column":31}},"68":{"start":{"line":69,"column":0},"end":{"line":69,"column":105}},"69":{"start":{"line":70,"column":0},"end":{"line":70,"column":19}},"70":{"start":{"line":71,"column":0},"end":{"line":71,"column":11}},"71":{"start":{"line":72,"column":0},"end":{"line":72,"column":39}},"72":{"start":{"line":73,"column":0},"end":{"line":73,"column":34}},"73":{"start":{"line":74,"column":0},"end":{"line":74,"column":38}},"74":{"start":{"line":75,"column":0},"end":{"line":75,"column":14}},"75":{"start":{"line":76,"column":0},"end":{"line":76,"column":37}},"76":{"start":{"line":77,"column":0},"end":{"line":77,"column":21}},"77":{"start":{"line":78,"column":0},"end":{"line":78,"column":10}},"78":{"start":{"line":79,"column":0},"end":{"line":79,"column":38}},"79":{"start":{"line":80,"column":0},"end":{"line":80,"column":52}},"80":{"start":{"line":81,"column":0},"end":{"line":81,"column":56}},"81":{"start":{"line":82,"column":0},"end":{"line":82,"column":49}},"82":{"start":{"line":83,"column":0},"end":{"line":83,"column":53}},"83":{"start":{"line":84,"column":0},"end":{"line":84,"column":21}},"84":{"start":{"line":85,"column":0},"end":{"line":85,"column":70}},"85":{"start":{"line":86,"column":0},"end":{"line":86,"column":5}},"86":{"start":{"line":87,"column":0},"end":{"line":87,"column":9}},"87":{"start":{"line":88,"column":0},"end":{"line":88,"column":0}},"88":{"start":{"line":89,"column":0},"end":{"line":89,"column":19}},"89":{"start":{"line":90,"column":0},"end":{"line":90,"column":35}},"90":{"start":{"line":91,"column":0},"end":{"line":91,"column":37}},"91":{"start":{"line":92,"column":0},"end":{"line":92,"column":6}},"92":{"start":{"line":93,"column":0},"end":{"line":93,"column":9}},"93":{"start":{"line":94,"column":0},"end":{"line":94,"column":42}},"94":{"start":{"line":95,"column":0},"end":{"line":95,"column":26}},"95":{"start":{"line":96,"column":0},"end":{"line":96,"column":15}},"96":{"start":{"line":97,"column":0},"end":{"line":97,"column":7}},"97":{"start":{"line":98,"column":0},"end":{"line":98,"column":58}},"98":{"start":{"line":99,"column":0},"end":{"line":99,"column":17}},"99":{"start":{"line":100,"column":0},"end":{"line":100,"column":26}},"100":{"start":{"line":101,"column":0},"end":{"line":101,"column":15}},"101":{"start":{"line":102,"column":0},"end":{"line":102,"column":7}},"102":{"start":{"line":103,"column":0},"end":{"line":103,"column":36}},"103":{"start":{"line":104,"column":0},"end":{"line":104,"column":41}},"104":{"start":{"line":105,"column":0},"end":{"line":105,"column":26}},"105":{"start":{"line":106,"column":0},"end":{"line":106,"column":15}},"106":{"start":{"line":107,"column":0},"end":{"line":107,"column":7}},"107":{"start":{"line":108,"column":0},"end":{"line":108,"column":47}},"108":{"start":{"line":109,"column":0},"end":{"line":109,"column":55}},"109":{"start":{"line":110,"column":0},"end":{"line":110,"column":30}},"110":{"start":{"line":111,"column":0},"end":{"line":111,"column":16}},"111":{"start":{"line":112,"column":0},"end":{"line":112,"column":33}},"112":{"start":{"line":113,"column":0},"end":{"line":113,"column":45}},"113":{"start":{"line":114,"column":0},"end":{"line":114,"column":56}},"114":{"start":{"line":115,"column":0},"end":{"line":115,"column":26}},"115":{"start":{"line":116,"column":0},"end":{"line":116,"column":79}},"116":{"start":{"line":117,"column":0},"end":{"line":117,"column":42}},"117":{"start":{"line":118,"column":0},"end":{"line":118,"column":44}},"118":{"start":{"line":119,"column":0},"end":{"line":119,"column":84}},"119":{"start":{"line":120,"column":0},"end":{"line":120,"column":10}},"120":{"start":{"line":121,"column":0},"end":{"line":121,"column":33}},"121":{"start":{"line":122,"column":0},"end":{"line":122,"column":70}},"122":{"start":{"line":123,"column":0},"end":{"line":123,"column":46}},"123":{"start":{"line":124,"column":0},"end":{"line":124,"column":49}},"124":{"start":{"line":125,"column":0},"end":{"line":125,"column":20}},"125":{"start":{"line":126,"column":0},"end":{"line":126,"column":64}},"126":{"start":{"line":127,"column":0},"end":{"line":127,"column":14}},"127":{"start":{"line":128,"column":0},"end":{"line":128,"column":26}},"128":{"start":{"line":129,"column":0},"end":{"line":129,"column":7}},"129":{"start":{"line":130,"column":0},"end":{"line":130,"column":21}},"130":{"start":{"line":131,"column":0},"end":{"line":131,"column":62}},"131":{"start":{"line":132,"column":0},"end":{"line":132,"column":24}},"132":{"start":{"line":133,"column":0},"end":{"line":133,"column":5}},"133":{"start":{"line":134,"column":0},"end":{"line":134,"column":34}},"134":{"start":{"line":135,"column":0},"end":{"line":135,"column":30}},"135":{"start":{"line":136,"column":0},"end":{"line":136,"column":0}},"136":{"start":{"line":137,"column":0},"end":{"line":137,"column":19}},"137":{"start":{"line":138,"column":0},"end":{"line":138,"column":18}},"138":{"start":{"line":139,"column":0},"end":{"line":139,"column":41}},"139":{"start":{"line":140,"column":0},"end":{"line":140,"column":51}},"140":{"start":{"line":141,"column":0},"end":{"line":141,"column":7}},"141":{"start":{"line":142,"column":0},"end":{"line":142,"column":6}},"142":{"start":{"line":143,"column":0},"end":{"line":143,"column":9}},"143":{"start":{"line":144,"column":0},"end":{"line":144,"column":0}},"144":{"start":{"line":145,"column":0},"end":{"line":145,"column":19}},"145":{"start":{"line":146,"column":0},"end":{"line":146,"column":9}},"146":{"start":{"line":147,"column":0},"end":{"line":147,"column":48}},"147":{"start":{"line":148,"column":0},"end":{"line":148,"column":64}},"148":{"start":{"line":149,"column":0},"end":{"line":149,"column":27}},"149":{"start":{"line":150,"column":0},"end":{"line":150,"column":39}},"150":{"start":{"line":151,"column":0},"end":{"line":151,"column":27}},"151":{"start":{"line":152,"column":0},"end":{"line":152,"column":41}},"152":{"start":{"line":153,"column":0},"end":{"line":153,"column":7}},"153":{"start":{"line":154,"column":0},"end":{"line":154,"column":29}},"154":{"start":{"line":155,"column":0},"end":{"line":155,"column":39}},"155":{"start":{"line":156,"column":0},"end":{"line":156,"column":7}},"156":{"start":{"line":157,"column":0},"end":{"line":157,"column":51}},"157":{"start":{"line":158,"column":0},"end":{"line":158,"column":41}},"158":{"start":{"line":159,"column":0},"end":{"line":159,"column":7}},"159":{"start":{"line":160,"column":0},"end":{"line":160,"column":21}},"160":{"start":{"line":161,"column":0},"end":{"line":161,"column":65}},"161":{"start":{"line":162,"column":0},"end":{"line":162,"column":5}},"162":{"start":{"line":163,"column":0},"end":{"line":163,"column":9}},"163":{"start":{"line":164,"column":0},"end":{"line":164,"column":0}},"164":{"start":{"line":165,"column":0},"end":{"line":165,"column":19}},"165":{"start":{"line":166,"column":0},"end":{"line":166,"column":40}},"166":{"start":{"line":167,"column":0},"end":{"line":167,"column":9}},"167":{"start":{"line":168,"column":0},"end":{"line":168,"column":48}},"168":{"start":{"line":169,"column":0},"end":{"line":169,"column":29}},"169":{"start":{"line":170,"column":0},"end":{"line":170,"column":20}},"170":{"start":{"line":171,"column":0},"end":{"line":171,"column":38}},"171":{"start":{"line":172,"column":0},"end":{"line":172,"column":8}},"172":{"start":{"line":173,"column":0},"end":{"line":173,"column":23}},"173":{"start":{"line":174,"column":0},"end":{"line":174,"column":27}},"174":{"start":{"line":175,"column":0},"end":{"line":175,"column":30}},"175":{"start":{"line":176,"column":0},"end":{"line":176,"column":42}},"176":{"start":{"line":177,"column":0},"end":{"line":177,"column":22}},"177":{"start":{"line":178,"column":0},"end":{"line":178,"column":27}},"178":{"start":{"line":179,"column":0},"end":{"line":179,"column":31}},"179":{"start":{"line":180,"column":0},"end":{"line":180,"column":23}},"180":{"start":{"line":181,"column":0},"end":{"line":181,"column":19}},"181":{"start":{"line":182,"column":0},"end":{"line":182,"column":20}},"182":{"start":{"line":183,"column":0},"end":{"line":183,"column":8}},"183":{"start":{"line":184,"column":0},"end":{"line":184,"column":71}},"184":{"start":{"line":185,"column":0},"end":{"line":185,"column":21}},"185":{"start":{"line":186,"column":0},"end":{"line":186,"column":65}},"186":{"start":{"line":187,"column":0},"end":{"line":187,"column":5}},"187":{"start":{"line":188,"column":0},"end":{"line":188,"column":74}},"188":{"start":{"line":189,"column":0},"end":{"line":189,"column":0}},"189":{"start":{"line":190,"column":0},"end":{"line":190,"column":19}},"190":{"start":{"line":191,"column":0},"end":{"line":191,"column":32}},"191":{"start":{"line":192,"column":0},"end":{"line":192,"column":67}},"192":{"start":{"line":193,"column":0},"end":{"line":193,"column":42}},"193":{"start":{"line":194,"column":0},"end":{"line":194,"column":46}},"194":{"start":{"line":195,"column":0},"end":{"line":195,"column":0}},"195":{"start":{"line":196,"column":0},"end":{"line":196,"column":36}},"196":{"start":{"line":197,"column":0},"end":{"line":197,"column":37}},"197":{"start":{"line":198,"column":0},"end":{"line":198,"column":28}},"198":{"start":{"line":199,"column":0},"end":{"line":199,"column":14}},"199":{"start":{"line":200,"column":0},"end":{"line":200,"column":20}},"200":{"start":{"line":201,"column":0},"end":{"line":201,"column":8}},"201":{"start":{"line":202,"column":0},"end":{"line":202,"column":4}},"202":{"start":{"line":203,"column":0},"end":{"line":203,"column":0}},"203":{"start":{"line":204,"column":0},"end":{"line":204,"column":41}},"204":{"start":{"line":205,"column":0},"end":{"line":205,"column":34}},"205":{"start":{"line":206,"column":0},"end":{"line":206,"column":4}},"206":{"start":{"line":207,"column":0},"end":{"line":207,"column":0}},"207":{"start":{"line":208,"column":0},"end":{"line":208,"column":32}},"208":{"start":{"line":209,"column":0},"end":{"line":209,"column":43}},"209":{"start":{"line":210,"column":0},"end":{"line":210,"column":72}},"210":{"start":{"line":211,"column":0},"end":{"line":211,"column":24}},"211":{"start":{"line":212,"column":0},"end":{"line":212,"column":13}},"212":{"start":{"line":213,"column":0},"end":{"line":213,"column":5}},"213":{"start":{"line":214,"column":0},"end":{"line":214,"column":28}},"214":{"start":{"line":215,"column":0},"end":{"line":215,"column":14}},"215":{"start":{"line":216,"column":0},"end":{"line":216,"column":57}},"216":{"start":{"line":217,"column":0},"end":{"line":217,"column":8}},"217":{"start":{"line":218,"column":0},"end":{"line":218,"column":22}},"218":{"start":{"line":219,"column":0},"end":{"line":219,"column":4}},"219":{"start":{"line":220,"column":0},"end":{"line":220,"column":0}},"220":{"start":{"line":221,"column":0},"end":{"line":221,"column":48}},"221":{"start":{"line":222,"column":0},"end":{"line":222,"column":28}},"222":{"start":{"line":223,"column":0},"end":{"line":223,"column":14}},"223":{"start":{"line":224,"column":0},"end":{"line":224,"column":81}},"224":{"start":{"line":225,"column":0},"end":{"line":225,"column":8}},"225":{"start":{"line":226,"column":0},"end":{"line":226,"column":4}},"226":{"start":{"line":227,"column":0},"end":{"line":227,"column":0}},"227":{"start":{"line":228,"column":0},"end":{"line":228,"column":47}},"228":{"start":{"line":229,"column":0},"end":{"line":229,"column":28}},"229":{"start":{"line":230,"column":0},"end":{"line":230,"column":9}},"230":{"start":{"line":231,"column":0},"end":{"line":231,"column":82}},"231":{"start":{"line":232,"column":0},"end":{"line":232,"column":25}},"232":{"start":{"line":233,"column":0},"end":{"line":233,"column":9}},"233":{"start":{"line":234,"column":0},"end":{"line":234,"column":21}},"234":{"start":{"line":235,"column":0},"end":{"line":235,"column":66}},"235":{"start":{"line":236,"column":0},"end":{"line":236,"column":5}},"236":{"start":{"line":237,"column":0},"end":{"line":237,"column":4}},"237":{"start":{"line":238,"column":0},"end":{"line":238,"column":0}},"238":{"start":{"line":239,"column":0},"end":{"line":239,"column":50}},"239":{"start":{"line":240,"column":0},"end":{"line":240,"column":24}},"240":{"start":{"line":241,"column":0},"end":{"line":241,"column":9}},"241":{"start":{"line":242,"column":0},"end":{"line":242,"column":80}},"242":{"start":{"line":243,"column":0},"end":{"line":243,"column":25}},"243":{"start":{"line":244,"column":0},"end":{"line":244,"column":9}},"244":{"start":{"line":245,"column":0},"end":{"line":245,"column":21}},"245":{"start":{"line":246,"column":0},"end":{"line":246,"column":62}},"246":{"start":{"line":247,"column":0},"end":{"line":247,"column":5}},"247":{"start":{"line":248,"column":0},"end":{"line":248,"column":4}},"248":{"start":{"line":249,"column":0},"end":{"line":249,"column":0}},"249":{"start":{"line":250,"column":0},"end":{"line":250,"column":64}},"250":{"start":{"line":251,"column":0},"end":{"line":251,"column":27}},"251":{"start":{"line":252,"column":0},"end":{"line":252,"column":39}},"252":{"start":{"line":253,"column":0},"end":{"line":253,"column":49}},"253":{"start":{"line":254,"column":0},"end":{"line":254,"column":5}},"254":{"start":{"line":255,"column":0},"end":{"line":255,"column":77}},"255":{"start":{"line":256,"column":0},"end":{"line":256,"column":4}},"256":{"start":{"line":257,"column":0},"end":{"line":257,"column":0}},"257":{"start":{"line":258,"column":0},"end":{"line":258,"column":48}},"258":{"start":{"line":259,"column":0},"end":{"line":259,"column":9}},"259":{"start":{"line":260,"column":0},"end":{"line":260,"column":48}},"260":{"start":{"line":261,"column":0},"end":{"line":261,"column":75}},"261":{"start":{"line":262,"column":0},"end":{"line":262,"column":52}},"262":{"start":{"line":263,"column":0},"end":{"line":263,"column":54}},"263":{"start":{"line":264,"column":0},"end":{"line":264,"column":54}},"264":{"start":{"line":265,"column":0},"end":{"line":265,"column":21}},"265":{"start":{"line":266,"column":0},"end":{"line":266,"column":64}},"266":{"start":{"line":267,"column":0},"end":{"line":267,"column":5}},"267":{"start":{"line":268,"column":0},"end":{"line":268,"column":4}},"268":{"start":{"line":269,"column":0},"end":{"line":269,"column":0}},"269":{"start":{"line":270,"column":0},"end":{"line":270,"column":41}},"270":{"start":{"line":271,"column":0},"end":{"line":271,"column":47}},"271":{"start":{"line":272,"column":0},"end":{"line":272,"column":59}},"272":{"start":{"line":273,"column":0},"end":{"line":273,"column":31}},"273":{"start":{"line":274,"column":0},"end":{"line":274,"column":8}},"274":{"start":{"line":275,"column":0},"end":{"line":275,"column":22}},"275":{"start":{"line":276,"column":0},"end":{"line":276,"column":35}},"276":{"start":{"line":277,"column":0},"end":{"line":277,"column":36}},"277":{"start":{"line":278,"column":0},"end":{"line":278,"column":28}},"278":{"start":{"line":279,"column":0},"end":{"line":279,"column":26}},"279":{"start":{"line":280,"column":0},"end":{"line":280,"column":7}},"280":{"start":{"line":281,"column":0},"end":{"line":281,"column":50}},"281":{"start":{"line":282,"column":0},"end":{"line":282,"column":13}},"282":{"start":{"line":283,"column":0},"end":{"line":283,"column":5}},"283":{"start":{"line":284,"column":0},"end":{"line":284,"column":51}},"284":{"start":{"line":285,"column":0},"end":{"line":285,"column":62}},"285":{"start":{"line":286,"column":0},"end":{"line":286,"column":18}},"286":{"start":{"line":287,"column":0},"end":{"line":287,"column":70}},"287":{"start":{"line":288,"column":0},"end":{"line":288,"column":13}},"288":{"start":{"line":289,"column":0},"end":{"line":289,"column":5}},"289":{"start":{"line":290,"column":0},"end":{"line":290,"column":78}},"290":{"start":{"line":291,"column":0},"end":{"line":291,"column":9}},"291":{"start":{"line":292,"column":0},"end":{"line":292,"column":27}},"292":{"start":{"line":293,"column":0},"end":{"line":293,"column":27}},"293":{"start":{"line":294,"column":0},"end":{"line":294,"column":15}},"294":{"start":{"line":295,"column":0},"end":{"line":295,"column":23}},"295":{"start":{"line":296,"column":0},"end":{"line":296,"column":19}},"296":{"start":{"line":297,"column":0},"end":{"line":297,"column":24}},"297":{"start":{"line":298,"column":0},"end":{"line":298,"column":22}},"298":{"start":{"line":299,"column":0},"end":{"line":299,"column":30}},"299":{"start":{"line":300,"column":0},"end":{"line":300,"column":42}},"300":{"start":{"line":301,"column":0},"end":{"line":301,"column":10}},"301":{"start":{"line":302,"column":0},"end":{"line":302,"column":9}},"302":{"start":{"line":303,"column":0},"end":{"line":303,"column":29}},"303":{"start":{"line":304,"column":0},"end":{"line":304,"column":21}},"304":{"start":{"line":305,"column":0},"end":{"line":305,"column":58}},"305":{"start":{"line":306,"column":0},"end":{"line":306,"column":5}},"306":{"start":{"line":307,"column":0},"end":{"line":307,"column":4}},"307":{"start":{"line":308,"column":0},"end":{"line":308,"column":0}},"308":{"start":{"line":309,"column":0},"end":{"line":309,"column":59}},"309":{"start":{"line":310,"column":0},"end":{"line":310,"column":47}},"310":{"start":{"line":311,"column":0},"end":{"line":311,"column":59}},"311":{"start":{"line":312,"column":0},"end":{"line":312,"column":8}},"312":{"start":{"line":313,"column":0},"end":{"line":313,"column":22}},"313":{"start":{"line":314,"column":0},"end":{"line":314,"column":35}},"314":{"start":{"line":315,"column":0},"end":{"line":315,"column":36}},"315":{"start":{"line":316,"column":0},"end":{"line":316,"column":28}},"316":{"start":{"line":317,"column":0},"end":{"line":317,"column":26}},"317":{"start":{"line":318,"column":0},"end":{"line":318,"column":7}},"318":{"start":{"line":319,"column":0},"end":{"line":319,"column":50}},"319":{"start":{"line":320,"column":0},"end":{"line":320,"column":19}},"320":{"start":{"line":321,"column":0},"end":{"line":321,"column":5}},"321":{"start":{"line":322,"column":0},"end":{"line":322,"column":0}},"322":{"start":{"line":323,"column":0},"end":{"line":323,"column":34}},"323":{"start":{"line":324,"column":0},"end":{"line":324,"column":77}},"324":{"start":{"line":325,"column":0},"end":{"line":325,"column":47}},"325":{"start":{"line":326,"column":0},"end":{"line":326,"column":30}},"326":{"start":{"line":327,"column":0},"end":{"line":327,"column":44}},"327":{"start":{"line":328,"column":0},"end":{"line":328,"column":53}},"328":{"start":{"line":329,"column":0},"end":{"line":329,"column":6}},"329":{"start":{"line":330,"column":0},"end":{"line":330,"column":0}},"330":{"start":{"line":331,"column":0},"end":{"line":331,"column":93}},"331":{"start":{"line":332,"column":0},"end":{"line":332,"column":64}},"332":{"start":{"line":333,"column":0},"end":{"line":333,"column":64}},"333":{"start":{"line":334,"column":0},"end":{"line":334,"column":66}},"334":{"start":{"line":335,"column":0},"end":{"line":335,"column":58}},"335":{"start":{"line":336,"column":0},"end":{"line":336,"column":76}},"336":{"start":{"line":337,"column":0},"end":{"line":337,"column":82}},"337":{"start":{"line":338,"column":0},"end":{"line":338,"column":23}},"338":{"start":{"line":339,"column":0},"end":{"line":339,"column":17}},"339":{"start":{"line":340,"column":0},"end":{"line":340,"column":0}},"340":{"start":{"line":341,"column":0},"end":{"line":341,"column":22}},"341":{"start":{"line":342,"column":0},"end":{"line":342,"column":51}},"342":{"start":{"line":343,"column":0},"end":{"line":343,"column":42}},"343":{"start":{"line":344,"column":0},"end":{"line":344,"column":41}},"344":{"start":{"line":345,"column":0},"end":{"line":345,"column":43}},"345":{"start":{"line":346,"column":0},"end":{"line":346,"column":50}},"346":{"start":{"line":347,"column":0},"end":{"line":347,"column":52}},"347":{"start":{"line":348,"column":0},"end":{"line":348,"column":21}},"348":{"start":{"line":349,"column":0},"end":{"line":349,"column":6}},"349":{"start":{"line":350,"column":0},"end":{"line":350,"column":47}},"350":{"start":{"line":351,"column":0},"end":{"line":351,"column":54}},"351":{"start":{"line":352,"column":0},"end":{"line":352,"column":64}},"352":{"start":{"line":353,"column":0},"end":{"line":353,"column":69}},"353":{"start":{"line":354,"column":0},"end":{"line":354,"column":20}},"354":{"start":{"line":355,"column":0},"end":{"line":355,"column":8}},"355":{"start":{"line":356,"column":0},"end":{"line":356,"column":6}},"356":{"start":{"line":357,"column":0},"end":{"line":357,"column":0}},"357":{"start":{"line":358,"column":0},"end":{"line":358,"column":28}},"358":{"start":{"line":359,"column":0},"end":{"line":359,"column":69}},"359":{"start":{"line":360,"column":0},"end":{"line":360,"column":0}},"360":{"start":{"line":361,"column":0},"end":{"line":361,"column":21}},"361":{"start":{"line":362,"column":0},"end":{"line":362,"column":22}},"362":{"start":{"line":363,"column":0},"end":{"line":363,"column":25}},"363":{"start":{"line":364,"column":0},"end":{"line":364,"column":28}},"364":{"start":{"line":365,"column":0},"end":{"line":365,"column":33}},"365":{"start":{"line":366,"column":0},"end":{"line":366,"column":44}},"366":{"start":{"line":367,"column":0},"end":{"line":367,"column":48}},"367":{"start":{"line":368,"column":0},"end":{"line":368,"column":53}},"368":{"start":{"line":369,"column":0},"end":{"line":369,"column":46}},"369":{"start":{"line":370,"column":0},"end":{"line":370,"column":40}},"370":{"start":{"line":371,"column":0},"end":{"line":371,"column":46}},"371":{"start":{"line":372,"column":0},"end":{"line":372,"column":37}},"372":{"start":{"line":373,"column":0},"end":{"line":373,"column":77}},"373":{"start":{"line":374,"column":0},"end":{"line":374,"column":6}},"374":{"start":{"line":375,"column":0},"end":{"line":375,"column":0}},"375":{"start":{"line":376,"column":0},"end":{"line":376,"column":9}},"376":{"start":{"line":377,"column":0},"end":{"line":377,"column":62}},"377":{"start":{"line":378,"column":0},"end":{"line":378,"column":23}},"378":{"start":{"line":379,"column":0},"end":{"line":379,"column":18}},"379":{"start":{"line":380,"column":0},"end":{"line":380,"column":45}},"380":{"start":{"line":381,"column":0},"end":{"line":381,"column":10}},"381":{"start":{"line":382,"column":0},"end":{"line":382,"column":38}},"382":{"start":{"line":383,"column":0},"end":{"line":383,"column":9}},"383":{"start":{"line":384,"column":0},"end":{"line":384,"column":25}},"384":{"start":{"line":385,"column":0},"end":{"line":385,"column":66}},"385":{"start":{"line":386,"column":0},"end":{"line":386,"column":82}},"386":{"start":{"line":387,"column":0},"end":{"line":387,"column":7}},"387":{"start":{"line":388,"column":0},"end":{"line":388,"column":41}},"388":{"start":{"line":389,"column":0},"end":{"line":389,"column":38}},"389":{"start":{"line":390,"column":0},"end":{"line":390,"column":49}},"390":{"start":{"line":391,"column":0},"end":{"line":391,"column":21}},"391":{"start":{"line":392,"column":0},"end":{"line":392,"column":41}},"392":{"start":{"line":393,"column":0},"end":{"line":393,"column":24}},"393":{"start":{"line":394,"column":0},"end":{"line":394,"column":31}},"394":{"start":{"line":395,"column":0},"end":{"line":395,"column":33}},"395":{"start":{"line":396,"column":0},"end":{"line":396,"column":34}},"396":{"start":{"line":397,"column":0},"end":{"line":397,"column":31}},"397":{"start":{"line":398,"column":0},"end":{"line":398,"column":18}},"398":{"start":{"line":399,"column":0},"end":{"line":399,"column":21}},"399":{"start":{"line":400,"column":0},"end":{"line":400,"column":61}},"400":{"start":{"line":401,"column":0},"end":{"line":401,"column":53}},"401":{"start":{"line":402,"column":0},"end":{"line":402,"column":18}},"402":{"start":{"line":403,"column":0},"end":{"line":403,"column":5}},"403":{"start":{"line":404,"column":0},"end":{"line":404,"column":4}},"404":{"start":{"line":405,"column":0},"end":{"line":405,"column":0}},"405":{"start":{"line":406,"column":0},"end":{"line":406,"column":40}},"406":{"start":{"line":407,"column":0},"end":{"line":407,"column":0}},"407":{"start":{"line":408,"column":0},"end":{"line":408,"column":43}},"408":{"start":{"line":409,"column":0},"end":{"line":409,"column":0}},"409":{"start":{"line":410,"column":0},"end":{"line":410,"column":36}},"410":{"start":{"line":411,"column":0},"end":{"line":411,"column":0}},"411":{"start":{"line":412,"column":0},"end":{"line":412,"column":41}},"412":{"start":{"line":413,"column":0},"end":{"line":413,"column":32}},"413":{"start":{"line":414,"column":0},"end":{"line":414,"column":4}},"414":{"start":{"line":415,"column":0},"end":{"line":415,"column":0}},"415":{"start":{"line":416,"column":0},"end":{"line":416,"column":34}},"416":{"start":{"line":417,"column":0},"end":{"line":417,"column":32}},"417":{"start":{"line":418,"column":0},"end":{"line":418,"column":4}},"418":{"start":{"line":419,"column":0},"end":{"line":419,"column":0}},"419":{"start":{"line":420,"column":0},"end":{"line":420,"column":38}},"420":{"start":{"line":421,"column":0},"end":{"line":421,"column":29}},"421":{"start":{"line":422,"column":0},"end":{"line":422,"column":4}},"422":{"start":{"line":423,"column":0},"end":{"line":423,"column":0}},"423":{"start":{"line":424,"column":0},"end":{"line":424,"column":48}},"424":{"start":{"line":425,"column":0},"end":{"line":425,"column":30}},"425":{"start":{"line":426,"column":0},"end":{"line":426,"column":4}},"426":{"start":{"line":427,"column":0},"end":{"line":427,"column":0}},"427":{"start":{"line":428,"column":0},"end":{"line":428,"column":41}},"428":{"start":{"line":429,"column":0},"end":{"line":429,"column":30}},"429":{"start":{"line":430,"column":0},"end":{"line":430,"column":4}},"430":{"start":{"line":431,"column":0},"end":{"line":431,"column":0}},"431":{"start":{"line":432,"column":0},"end":{"line":432,"column":34}},"432":{"start":{"line":433,"column":0},"end":{"line":433,"column":30}},"433":{"start":{"line":434,"column":0},"end":{"line":434,"column":4}},"434":{"start":{"line":435,"column":0},"end":{"line":435,"column":0}},"435":{"start":{"line":436,"column":0},"end":{"line":436,"column":10}},"436":{"start":{"line":437,"column":0},"end":{"line":437,"column":62}},"437":{"start":{"line":438,"column":0},"end":{"line":438,"column":41}},"438":{"start":{"line":439,"column":0},"end":{"line":439,"column":28}},"439":{"start":{"line":440,"column":0},"end":{"line":440,"column":19}},"440":{"start":{"line":441,"column":0},"end":{"line":441,"column":27}},"441":{"start":{"line":442,"column":0},"end":{"line":442,"column":64}},"442":{"start":{"line":443,"column":0},"end":{"line":443,"column":110}},"443":{"start":{"line":444,"column":0},"end":{"line":444,"column":13}},"444":{"start":{"line":445,"column":0},"end":{"line":445,"column":33}},"445":{"start":{"line":446,"column":0},"end":{"line":446,"column":21}},"446":{"start":{"line":447,"column":0},"end":{"line":447,"column":14}},"447":{"start":{"line":448,"column":0},"end":{"line":448,"column":0}},"448":{"start":{"line":449,"column":0},"end":{"line":449,"column":30}},"449":{"start":{"line":450,"column":0},"end":{"line":450,"column":30}},"450":{"start":{"line":451,"column":0},"end":{"line":451,"column":13}},"451":{"start":{"line":452,"column":0},"end":{"line":452,"column":86}},"452":{"start":{"line":453,"column":0},"end":{"line":453,"column":11}},"453":{"start":{"line":454,"column":0},"end":{"line":454,"column":27}},"454":{"start":{"line":455,"column":0},"end":{"line":455,"column":15}},"455":{"start":{"line":456,"column":0},"end":{"line":456,"column":72}},"456":{"start":{"line":457,"column":0},"end":{"line":457,"column":68}},"457":{"start":{"line":458,"column":0},"end":{"line":458,"column":14}},"458":{"start":{"line":459,"column":0},"end":{"line":459,"column":75}},"459":{"start":{"line":460,"column":0},"end":{"line":460,"column":96}},"460":{"start":{"line":461,"column":0},"end":{"line":461,"column":14}},"461":{"start":{"line":462,"column":0},"end":{"line":462,"column":14}},"462":{"start":{"line":463,"column":0},"end":{"line":463,"column":0}},"463":{"start":{"line":464,"column":0},"end":{"line":464,"column":36}},"464":{"start":{"line":465,"column":0},"end":{"line":465,"column":30}},"465":{"start":{"line":466,"column":0},"end":{"line":466,"column":13}},"466":{"start":{"line":467,"column":0},"end":{"line":467,"column":86}},"467":{"start":{"line":468,"column":0},"end":{"line":468,"column":11}},"468":{"start":{"line":469,"column":0},"end":{"line":469,"column":24}},"469":{"start":{"line":470,"column":0},"end":{"line":470,"column":15}},"470":{"start":{"line":471,"column":0},"end":{"line":471,"column":37}},"471":{"start":{"line":472,"column":0},"end":{"line":472,"column":17}},"472":{"start":{"line":473,"column":0},"end":{"line":473,"column":20}},"473":{"start":{"line":474,"column":0},"end":{"line":474,"column":35}},"474":{"start":{"line":475,"column":0},"end":{"line":475,"column":95}},"475":{"start":{"line":476,"column":0},"end":{"line":476,"column":15}},"476":{"start":{"line":477,"column":0},"end":{"line":477,"column":66}},"477":{"start":{"line":478,"column":0},"end":{"line":478,"column":22}},"478":{"start":{"line":479,"column":0},"end":{"line":479,"column":20}},"479":{"start":{"line":480,"column":0},"end":{"line":480,"column":27}},"480":{"start":{"line":481,"column":0},"end":{"line":481,"column":30}},"481":{"start":{"line":482,"column":0},"end":{"line":482,"column":28}},"482":{"start":{"line":483,"column":0},"end":{"line":483,"column":38}},"483":{"start":{"line":484,"column":0},"end":{"line":484,"column":44}},"484":{"start":{"line":485,"column":0},"end":{"line":485,"column":157}},"485":{"start":{"line":486,"column":0},"end":{"line":486,"column":55}},"486":{"start":{"line":487,"column":0},"end":{"line":487,"column":16}},"487":{"start":{"line":488,"column":0},"end":{"line":488,"column":18}},"488":{"start":{"line":489,"column":0},"end":{"line":489,"column":17}},"489":{"start":{"line":490,"column":0},"end":{"line":490,"column":20}},"490":{"start":{"line":491,"column":0},"end":{"line":491,"column":41}},"491":{"start":{"line":492,"column":0},"end":{"line":492,"column":95}},"492":{"start":{"line":493,"column":0},"end":{"line":493,"column":15}},"493":{"start":{"line":494,"column":0},"end":{"line":494,"column":43}},"494":{"start":{"line":495,"column":0},"end":{"line":495,"column":22}},"495":{"start":{"line":496,"column":0},"end":{"line":496,"column":23}},"496":{"start":{"line":497,"column":0},"end":{"line":497,"column":36}},"497":{"start":{"line":498,"column":0},"end":{"line":498,"column":34}},"498":{"start":{"line":499,"column":0},"end":{"line":499,"column":44}},"499":{"start":{"line":500,"column":0},"end":{"line":500,"column":44}},"500":{"start":{"line":501,"column":0},"end":{"line":501,"column":24}},"501":{"start":{"line":502,"column":0},"end":{"line":502,"column":169}},"502":{"start":{"line":503,"column":0},"end":{"line":503,"column":76}},"503":{"start":{"line":504,"column":0},"end":{"line":504,"column":16}},"504":{"start":{"line":505,"column":0},"end":{"line":505,"column":79}},"505":{"start":{"line":506,"column":0},"end":{"line":506,"column":68}},"506":{"start":{"line":507,"column":0},"end":{"line":507,"column":18}},"507":{"start":{"line":508,"column":0},"end":{"line":508,"column":18}},"508":{"start":{"line":509,"column":0},"end":{"line":509,"column":16}},"509":{"start":{"line":510,"column":0},"end":{"line":510,"column":14}},"510":{"start":{"line":511,"column":0},"end":{"line":511,"column":0}},"511":{"start":{"line":512,"column":0},"end":{"line":512,"column":39}},"512":{"start":{"line":513,"column":0},"end":{"line":513,"column":30}},"513":{"start":{"line":514,"column":0},"end":{"line":514,"column":70}},"514":{"start":{"line":515,"column":0},"end":{"line":515,"column":38}},"515":{"start":{"line":516,"column":0},"end":{"line":516,"column":17}},"516":{"start":{"line":517,"column":0},"end":{"line":517,"column":20}},"517":{"start":{"line":518,"column":0},"end":{"line":518,"column":42}},"518":{"start":{"line":519,"column":0},"end":{"line":519,"column":95}},"519":{"start":{"line":520,"column":0},"end":{"line":520,"column":15}},"520":{"start":{"line":521,"column":0},"end":{"line":521,"column":74}},"521":{"start":{"line":522,"column":0},"end":{"line":522,"column":22}},"522":{"start":{"line":523,"column":0},"end":{"line":523,"column":20}},"523":{"start":{"line":524,"column":0},"end":{"line":524,"column":29}},"524":{"start":{"line":525,"column":0},"end":{"line":525,"column":37}},"525":{"start":{"line":526,"column":0},"end":{"line":526,"column":39}},"526":{"start":{"line":527,"column":0},"end":{"line":527,"column":49}},"527":{"start":{"line":528,"column":0},"end":{"line":528,"column":44}},"528":{"start":{"line":529,"column":0},"end":{"line":529,"column":157}},"529":{"start":{"line":530,"column":0},"end":{"line":530,"column":42}},"530":{"start":{"line":531,"column":0},"end":{"line":531,"column":16}},"531":{"start":{"line":532,"column":0},"end":{"line":532,"column":18}},"532":{"start":{"line":533,"column":0},"end":{"line":533,"column":0}},"533":{"start":{"line":534,"column":0},"end":{"line":534,"column":39}},"534":{"start":{"line":535,"column":0},"end":{"line":535,"column":17}},"535":{"start":{"line":536,"column":0},"end":{"line":536,"column":20}},"536":{"start":{"line":537,"column":0},"end":{"line":537,"column":43}},"537":{"start":{"line":538,"column":0},"end":{"line":538,"column":95}},"538":{"start":{"line":539,"column":0},"end":{"line":539,"column":15}},"539":{"start":{"line":540,"column":0},"end":{"line":540,"column":75}},"540":{"start":{"line":541,"column":0},"end":{"line":541,"column":22}},"541":{"start":{"line":542,"column":0},"end":{"line":542,"column":20}},"542":{"start":{"line":543,"column":0},"end":{"line":543,"column":29}},"543":{"start":{"line":544,"column":0},"end":{"line":544,"column":38}},"544":{"start":{"line":545,"column":0},"end":{"line":545,"column":40}},"545":{"start":{"line":546,"column":0},"end":{"line":546,"column":50}},"546":{"start":{"line":547,"column":0},"end":{"line":547,"column":44}},"547":{"start":{"line":548,"column":0},"end":{"line":548,"column":157}},"548":{"start":{"line":549,"column":0},"end":{"line":549,"column":42}},"549":{"start":{"line":550,"column":0},"end":{"line":550,"column":16}},"550":{"start":{"line":551,"column":0},"end":{"line":551,"column":18}},"551":{"start":{"line":552,"column":0},"end":{"line":552,"column":0}},"552":{"start":{"line":553,"column":0},"end":{"line":553,"column":30}},"553":{"start":{"line":554,"column":0},"end":{"line":554,"column":17}},"554":{"start":{"line":555,"column":0},"end":{"line":555,"column":20}},"555":{"start":{"line":556,"column":0},"end":{"line":556,"column":35}},"556":{"start":{"line":557,"column":0},"end":{"line":557,"column":95}},"557":{"start":{"line":558,"column":0},"end":{"line":558,"column":15}},"558":{"start":{"line":559,"column":0},"end":{"line":559,"column":66}},"559":{"start":{"line":560,"column":0},"end":{"line":560,"column":22}},"560":{"start":{"line":561,"column":0},"end":{"line":561,"column":20}},"561":{"start":{"line":562,"column":0},"end":{"line":562,"column":27}},"562":{"start":{"line":563,"column":0},"end":{"line":563,"column":30}},"563":{"start":{"line":564,"column":0},"end":{"line":564,"column":32}},"564":{"start":{"line":565,"column":0},"end":{"line":565,"column":42}},"565":{"start":{"line":566,"column":0},"end":{"line":566,"column":44}},"566":{"start":{"line":567,"column":0},"end":{"line":567,"column":157}},"567":{"start":{"line":568,"column":0},"end":{"line":568,"column":42}},"568":{"start":{"line":569,"column":0},"end":{"line":569,"column":16}},"569":{"start":{"line":570,"column":0},"end":{"line":570,"column":18}},"570":{"start":{"line":571,"column":0},"end":{"line":571,"column":16}},"571":{"start":{"line":572,"column":0},"end":{"line":572,"column":0}},"572":{"start":{"line":573,"column":0},"end":{"line":573,"column":28}},"573":{"start":{"line":574,"column":0},"end":{"line":574,"column":65}},"574":{"start":{"line":575,"column":0},"end":{"line":575,"column":17}},"575":{"start":{"line":576,"column":0},"end":{"line":576,"column":20}},"576":{"start":{"line":577,"column":0},"end":{"line":577,"column":36}},"577":{"start":{"line":578,"column":0},"end":{"line":578,"column":95}},"578":{"start":{"line":579,"column":0},"end":{"line":579,"column":15}},"579":{"start":{"line":580,"column":0},"end":{"line":580,"column":66}},"580":{"start":{"line":581,"column":0},"end":{"line":581,"column":22}},"581":{"start":{"line":582,"column":0},"end":{"line":582,"column":21}},"582":{"start":{"line":583,"column":0},"end":{"line":583,"column":31}},"583":{"start":{"line":584,"column":0},"end":{"line":584,"column":33}},"584":{"start":{"line":585,"column":0},"end":{"line":585,"column":43}},"585":{"start":{"line":586,"column":0},"end":{"line":586,"column":44}},"586":{"start":{"line":587,"column":0},"end":{"line":587,"column":157}},"587":{"start":{"line":588,"column":0},"end":{"line":588,"column":15}},"588":{"start":{"line":589,"column":0},"end":{"line":589,"column":59}},"589":{"start":{"line":590,"column":0},"end":{"line":590,"column":50}},"590":{"start":{"line":591,"column":0},"end":{"line":591,"column":54}},"591":{"start":{"line":592,"column":0},"end":{"line":592,"column":50}},"592":{"start":{"line":593,"column":0},"end":{"line":593,"column":23}},"593":{"start":{"line":594,"column":0},"end":{"line":594,"column":17}},"594":{"start":{"line":595,"column":0},"end":{"line":595,"column":16}},"595":{"start":{"line":596,"column":0},"end":{"line":596,"column":14}},"596":{"start":{"line":597,"column":0},"end":{"line":597,"column":0}},"597":{"start":{"line":598,"column":0},"end":{"line":598,"column":43}},"598":{"start":{"line":599,"column":0},"end":{"line":599,"column":30}},"599":{"start":{"line":600,"column":0},"end":{"line":600,"column":13}},"600":{"start":{"line":601,"column":0},"end":{"line":601,"column":86}},"601":{"start":{"line":602,"column":0},"end":{"line":602,"column":11}},"602":{"start":{"line":603,"column":0},"end":{"line":603,"column":31}},"603":{"start":{"line":604,"column":0},"end":{"line":604,"column":15}},"604":{"start":{"line":605,"column":0},"end":{"line":605,"column":15}},"605":{"start":{"line":606,"column":0},"end":{"line":606,"column":18}},"606":{"start":{"line":607,"column":0},"end":{"line":607,"column":93}},"607":{"start":{"line":608,"column":0},"end":{"line":608,"column":13}},"608":{"start":{"line":609,"column":0},"end":{"line":609,"column":40}},"609":{"start":{"line":610,"column":0},"end":{"line":610,"column":20}},"610":{"start":{"line":611,"column":0},"end":{"line":611,"column":77}},"611":{"start":{"line":612,"column":0},"end":{"line":612,"column":116}},"612":{"start":{"line":613,"column":0},"end":{"line":613,"column":16}},"613":{"start":{"line":614,"column":0},"end":{"line":614,"column":49}},"614":{"start":{"line":615,"column":0},"end":{"line":615,"column":63}},"615":{"start":{"line":616,"column":0},"end":{"line":616,"column":22}},"616":{"start":{"line":617,"column":0},"end":{"line":617,"column":29}},"617":{"start":{"line":618,"column":0},"end":{"line":618,"column":36}},"618":{"start":{"line":619,"column":0},"end":{"line":619,"column":51}},"619":{"start":{"line":620,"column":0},"end":{"line":620,"column":37}},"620":{"start":{"line":621,"column":0},"end":{"line":621,"column":44}},"621":{"start":{"line":622,"column":0},"end":{"line":622,"column":41}},"622":{"start":{"line":623,"column":0},"end":{"line":623,"column":39}},"623":{"start":{"line":624,"column":0},"end":{"line":624,"column":21}},"624":{"start":{"line":625,"column":0},"end":{"line":625,"column":20}},"625":{"start":{"line":626,"column":0},"end":{"line":626,"column":159}},"626":{"start":{"line":627,"column":0},"end":{"line":627,"column":50}},"627":{"start":{"line":628,"column":0},"end":{"line":628,"column":18}},"628":{"start":{"line":629,"column":0},"end":{"line":629,"column":23}},"629":{"start":{"line":630,"column":0},"end":{"line":630,"column":31}},"630":{"start":{"line":631,"column":0},"end":{"line":631,"column":42}},"631":{"start":{"line":632,"column":0},"end":{"line":632,"column":47}},"632":{"start":{"line":633,"column":0},"end":{"line":633,"column":200}},"633":{"start":{"line":634,"column":0},"end":{"line":634,"column":26}},"634":{"start":{"line":635,"column":0},"end":{"line":635,"column":78}},"635":{"start":{"line":636,"column":0},"end":{"line":636,"column":20}},"636":{"start":{"line":637,"column":0},"end":{"line":637,"column":17}},"637":{"start":{"line":638,"column":0},"end":{"line":638,"column":27}},"638":{"start":{"line":639,"column":0},"end":{"line":639,"column":25}},"639":{"start":{"line":640,"column":0},"end":{"line":640,"column":20}},"640":{"start":{"line":641,"column":0},"end":{"line":641,"column":97}},"641":{"start":{"line":642,"column":0},"end":{"line":642,"column":55}},"642":{"start":{"line":643,"column":0},"end":{"line":643,"column":78}},"643":{"start":{"line":644,"column":0},"end":{"line":644,"column":95}},"644":{"start":{"line":645,"column":0},"end":{"line":645,"column":22}},"645":{"start":{"line":646,"column":0},"end":{"line":646,"column":21}},"646":{"start":{"line":647,"column":0},"end":{"line":647,"column":44}},"647":{"start":{"line":648,"column":0},"end":{"line":648,"column":59}},"648":{"start":{"line":649,"column":0},"end":{"line":649,"column":25}},"649":{"start":{"line":650,"column":0},"end":{"line":650,"column":35}},"650":{"start":{"line":651,"column":0},"end":{"line":651,"column":109}},"651":{"start":{"line":652,"column":0},"end":{"line":652,"column":23}},"652":{"start":{"line":653,"column":0},"end":{"line":653,"column":101}},"653":{"start":{"line":654,"column":0},"end":{"line":654,"column":31}},"654":{"start":{"line":655,"column":0},"end":{"line":655,"column":39}},"655":{"start":{"line":656,"column":0},"end":{"line":656,"column":44}},"656":{"start":{"line":657,"column":0},"end":{"line":657,"column":91}},"657":{"start":{"line":658,"column":0},"end":{"line":658,"column":25}},"658":{"start":{"line":659,"column":0},"end":{"line":659,"column":32}},"659":{"start":{"line":660,"column":0},"end":{"line":660,"column":33}},"660":{"start":{"line":661,"column":0},"end":{"line":661,"column":27}},"661":{"start":{"line":662,"column":0},"end":{"line":662,"column":23}},"662":{"start":{"line":663,"column":0},"end":{"line":663,"column":23}},"663":{"start":{"line":664,"column":0},"end":{"line":664,"column":18}},"664":{"start":{"line":665,"column":0},"end":{"line":665,"column":20}},"665":{"start":{"line":666,"column":0},"end":{"line":666,"column":18}},"666":{"start":{"line":667,"column":0},"end":{"line":667,"column":16}},"667":{"start":{"line":668,"column":0},"end":{"line":668,"column":14}},"668":{"start":{"line":669,"column":0},"end":{"line":669,"column":0}},"669":{"start":{"line":670,"column":0},"end":{"line":670,"column":30}},"670":{"start":{"line":671,"column":0},"end":{"line":671,"column":75}},"671":{"start":{"line":672,"column":0},"end":{"line":672,"column":48}},"672":{"start":{"line":673,"column":0},"end":{"line":673,"column":19}},"673":{"start":{"line":674,"column":0},"end":{"line":674,"column":27}},"674":{"start":{"line":675,"column":0},"end":{"line":675,"column":32}},"675":{"start":{"line":676,"column":0},"end":{"line":676,"column":151}},"676":{"start":{"line":677,"column":0},"end":{"line":677,"column":13}},"677":{"start":{"line":678,"column":0},"end":{"line":678,"column":23}},"678":{"start":{"line":679,"column":0},"end":{"line":679,"column":21}},"679":{"start":{"line":680,"column":0},"end":{"line":680,"column":19}},"680":{"start":{"line":681,"column":0},"end":{"line":681,"column":27}},"681":{"start":{"line":682,"column":0},"end":{"line":682,"column":32}},"682":{"start":{"line":683,"column":0},"end":{"line":683,"column":143}},"683":{"start":{"line":684,"column":0},"end":{"line":684,"column":13}},"684":{"start":{"line":685,"column":0},"end":{"line":685,"column":25}},"685":{"start":{"line":686,"column":0},"end":{"line":686,"column":21}},"686":{"start":{"line":687,"column":0},"end":{"line":687,"column":16}},"687":{"start":{"line":688,"column":0},"end":{"line":688,"column":0}},"688":{"start":{"line":689,"column":0},"end":{"line":689,"column":60}},"689":{"start":{"line":690,"column":0},"end":{"line":690,"column":19}},"690":{"start":{"line":691,"column":0},"end":{"line":691,"column":32}},"691":{"start":{"line":692,"column":0},"end":{"line":692,"column":156}},"692":{"start":{"line":693,"column":0},"end":{"line":693,"column":22}},"693":{"start":{"line":694,"column":0},"end":{"line":694,"column":74}},"694":{"start":{"line":695,"column":0},"end":{"line":695,"column":16}},"695":{"start":{"line":696,"column":0},"end":{"line":696,"column":13}},"696":{"start":{"line":697,"column":0},"end":{"line":697,"column":18}},"697":{"start":{"line":698,"column":0},"end":{"line":698,"column":26}},"698":{"start":{"line":699,"column":0},"end":{"line":699,"column":27}},"699":{"start":{"line":700,"column":0},"end":{"line":700,"column":35}},"700":{"start":{"line":701,"column":0},"end":{"line":701,"column":27}},"701":{"start":{"line":702,"column":0},"end":{"line":702,"column":50}},"702":{"start":{"line":703,"column":0},"end":{"line":703,"column":15}},"703":{"start":{"line":704,"column":0},"end":{"line":704,"column":21}},"704":{"start":{"line":705,"column":0},"end":{"line":705,"column":69}},"705":{"start":{"line":706,"column":0},"end":{"line":706,"column":30}},"706":{"start":{"line":707,"column":0},"end":{"line":707,"column":18}},"707":{"start":{"line":708,"column":0},"end":{"line":708,"column":20}},"708":{"start":{"line":709,"column":0},"end":{"line":709,"column":26}},"709":{"start":{"line":710,"column":0},"end":{"line":710,"column":21}},"710":{"start":{"line":711,"column":0},"end":{"line":711,"column":0}},"711":{"start":{"line":712,"column":0},"end":{"line":712,"column":19}},"712":{"start":{"line":713,"column":0},"end":{"line":713,"column":32}},"713":{"start":{"line":714,"column":0},"end":{"line":714,"column":132}},"714":{"start":{"line":715,"column":0},"end":{"line":715,"column":22}},"715":{"start":{"line":716,"column":0},"end":{"line":716,"column":74}},"716":{"start":{"line":717,"column":0},"end":{"line":717,"column":16}},"717":{"start":{"line":718,"column":0},"end":{"line":718,"column":13}},"718":{"start":{"line":719,"column":0},"end":{"line":719,"column":63}},"719":{"start":{"line":720,"column":0},"end":{"line":720,"column":21}},"720":{"start":{"line":721,"column":0},"end":{"line":721,"column":16}},"721":{"start":{"line":722,"column":0},"end":{"line":722,"column":14}},"722":{"start":{"line":723,"column":0},"end":{"line":723,"column":12}},"723":{"start":{"line":724,"column":0},"end":{"line":724,"column":0}},"724":{"start":{"line":725,"column":0},"end":{"line":725,"column":22}},"725":{"start":{"line":726,"column":0},"end":{"line":726,"column":12}},"726":{"start":{"line":727,"column":0},"end":{"line":727,"column":129}},"727":{"start":{"line":728,"column":0},"end":{"line":728,"column":9}},"728":{"start":{"line":729,"column":0},"end":{"line":729,"column":22}},"729":{"start":{"line":730,"column":0},"end":{"line":730,"column":14}},"730":{"start":{"line":731,"column":0},"end":{"line":731,"column":8}},"731":{"start":{"line":732,"column":0},"end":{"line":732,"column":0}},"732":{"start":{"line":733,"column":0},"end":{"line":733,"column":29}},"733":{"start":{"line":734,"column":0},"end":{"line":734,"column":92}},"734":{"start":{"line":735,"column":0},"end":{"line":735,"column":77}},"735":{"start":{"line":736,"column":0},"end":{"line":736,"column":92}},"736":{"start":{"line":737,"column":0},"end":{"line":737,"column":29}},"737":{"start":{"line":738,"column":0},"end":{"line":738,"column":15}},"738":{"start":{"line":739,"column":0},"end":{"line":739,"column":75}},"739":{"start":{"line":740,"column":0},"end":{"line":740,"column":113}},"740":{"start":{"line":741,"column":0},"end":{"line":741,"column":14}},"741":{"start":{"line":742,"column":0},"end":{"line":742,"column":50}},"742":{"start":{"line":743,"column":0},"end":{"line":743,"column":19}},"743":{"start":{"line":744,"column":0},"end":{"line":744,"column":27}},"744":{"start":{"line":745,"column":0},"end":{"line":745,"column":40}},"745":{"start":{"line":746,"column":0},"end":{"line":746,"column":138}},"746":{"start":{"line":747,"column":0},"end":{"line":747,"column":13}},"747":{"start":{"line":748,"column":0},"end":{"line":748,"column":20}},"748":{"start":{"line":749,"column":0},"end":{"line":749,"column":21}},"749":{"start":{"line":750,"column":0},"end":{"line":750,"column":19}},"750":{"start":{"line":751,"column":0},"end":{"line":751,"column":27}},"751":{"start":{"line":752,"column":0},"end":{"line":752,"column":41}},"752":{"start":{"line":753,"column":0},"end":{"line":753,"column":104}},"753":{"start":{"line":754,"column":0},"end":{"line":754,"column":22}},"754":{"start":{"line":755,"column":0},"end":{"line":755,"column":74}},"755":{"start":{"line":756,"column":0},"end":{"line":756,"column":16}},"756":{"start":{"line":757,"column":0},"end":{"line":757,"column":13}},"757":{"start":{"line":758,"column":0},"end":{"line":758,"column":20}},"758":{"start":{"line":759,"column":0},"end":{"line":759,"column":21}},"759":{"start":{"line":760,"column":0},"end":{"line":760,"column":16}},"760":{"start":{"line":761,"column":0},"end":{"line":761,"column":14}},"761":{"start":{"line":762,"column":0},"end":{"line":762,"column":12}},"762":{"start":{"line":763,"column":0},"end":{"line":763,"column":8}},"763":{"start":{"line":764,"column":0},"end":{"line":764,"column":0}},"764":{"start":{"line":765,"column":0},"end":{"line":765,"column":27}},"765":{"start":{"line":766,"column":0},"end":{"line":766,"column":94}},"766":{"start":{"line":767,"column":0},"end":{"line":767,"column":88}},"767":{"start":{"line":768,"column":0},"end":{"line":768,"column":19}},"768":{"start":{"line":769,"column":0},"end":{"line":769,"column":27}},"769":{"start":{"line":770,"column":0},"end":{"line":770,"column":40}},"770":{"start":{"line":771,"column":0},"end":{"line":771,"column":82}},"771":{"start":{"line":772,"column":0},"end":{"line":772,"column":39}},"772":{"start":{"line":773,"column":0},"end":{"line":773,"column":13}},"773":{"start":{"line":774,"column":0},"end":{"line":774,"column":15}},"774":{"start":{"line":775,"column":0},"end":{"line":775,"column":21}},"775":{"start":{"line":776,"column":0},"end":{"line":776,"column":94}},"776":{"start":{"line":777,"column":0},"end":{"line":777,"column":35}},"777":{"start":{"line":778,"column":0},"end":{"line":778,"column":17}},"778":{"start":{"line":779,"column":0},"end":{"line":779,"column":77}},"779":{"start":{"line":780,"column":0},"end":{"line":780,"column":89}},"780":{"start":{"line":781,"column":0},"end":{"line":781,"column":16}},"781":{"start":{"line":782,"column":0},"end":{"line":782,"column":62}},"782":{"start":{"line":783,"column":0},"end":{"line":783,"column":21}},"783":{"start":{"line":784,"column":0},"end":{"line":784,"column":29}},"784":{"start":{"line":785,"column":0},"end":{"line":785,"column":43}},"785":{"start":{"line":786,"column":0},"end":{"line":786,"column":106}},"786":{"start":{"line":787,"column":0},"end":{"line":787,"column":24}},"787":{"start":{"line":788,"column":0},"end":{"line":788,"column":76}},"788":{"start":{"line":789,"column":0},"end":{"line":789,"column":18}},"789":{"start":{"line":790,"column":0},"end":{"line":790,"column":15}},"790":{"start":{"line":791,"column":0},"end":{"line":791,"column":27}},"791":{"start":{"line":792,"column":0},"end":{"line":792,"column":23}},"792":{"start":{"line":793,"column":0},"end":{"line":793,"column":21}},"793":{"start":{"line":794,"column":0},"end":{"line":794,"column":29}},"794":{"start":{"line":795,"column":0},"end":{"line":795,"column":50}},"795":{"start":{"line":796,"column":0},"end":{"line":796,"column":140}},"796":{"start":{"line":797,"column":0},"end":{"line":797,"column":15}},"797":{"start":{"line":798,"column":0},"end":{"line":798,"column":36}},"798":{"start":{"line":799,"column":0},"end":{"line":799,"column":23}},"799":{"start":{"line":800,"column":0},"end":{"line":800,"column":18}},"800":{"start":{"line":801,"column":0},"end":{"line":801,"column":16}},"801":{"start":{"line":802,"column":0},"end":{"line":802,"column":14}},"802":{"start":{"line":803,"column":0},"end":{"line":803,"column":6}},"803":{"start":{"line":804,"column":0},"end":{"line":804,"column":8}},"804":{"start":{"line":805,"column":0},"end":{"line":805,"column":4}},"805":{"start":{"line":806,"column":0},"end":{"line":806,"column":1}}},"s":{"0":1,"1":1,"2":1,"3":1,"4":1,"5":1,"6":1,"7":1,"8":1,"9":1,"10":1,"11":1,"12":1,"13":1,"14":1,"15":1,"16":1,"17":1,"18":1,"19":0,"20":0,"21":0,"22":0,"23":0,"24":0,"25":0,"26":0,"27":0,"28":0,"29":0,"30":0,"31":0,"32":0,"33":0,"34":0,"35":0,"36":0,"37":0,"38":0,"39":0,"40":0,"41":0,"42":0,"43":0,"44":0,"45":0,"46":0,"47":0,"48":0,"49":0,"50":0,"51":0,"52":0,"53":0,"54":0,"55":0,"56":0,"57":0,"58":0,"59":0,"60":0,"61":0,"62":0,"63":0,"64":0,"65":0,"66":0,"67":0,"68":0,"69":0,"70":0,"71":0,"72":0,"73":0,"74":0,"75":0,"76":0,"77":0,"78":0,"79":0,"80":0,"81":0,"82":0,"83":0,"84":0,"85":0,"86":0,"87":0,"88":0,"89":0,"90":0,"91":0,"92":0,"93":0,"94":0,"95":0,"96":0,"97":0,"98":0,"99":0,"100":0,"101":0,"102":0,"103":0,"104":0,"105":0,"106":0,"107":0,"108":0,"109":0,"110":0,"111":0,"112":0,"113":0,"114":0,"115":0,"116":0,"117":0,"118":0,"119":0,"120":0,"121":0,"122":0,"123":0,"124":0,"125":0,"126":0,"127":0,"128":0,"129":0,"130":0,"131":0,"132":0,"133":0,"134":0,"135":0,"136":0,"137":0,"138":0,"139":0,"140":0,"141":0,"142":0,"143":0,"144":0,"145":0,"146":0,"147":0,"148":0,"149":0,"150":0,"151":0,"152":0,"153":0,"154":0,"155":0,"156":0,"157":0,"158":0,"159":0,"160":0,"161":0,"162":0,"163":0,"164":0,"165":0,"166":0,"167":0,"168":0,"169":0,"170":0,"171":0,"172":0,"173":0,"174":0,"175":0,"176":0,"177":0,"178":0,"179":0,"180":0,"181":0,"182":0,"183":0,"184":0,"185":0,"186":0,"187":0,"188":0,"189":0,"190":0,"191":0,"192":0,"193":0,"194":0,"195":0,"196":0,"197":0,"198":0,"199":0,"200":0,"201":0,"202":0,"203":0,"204":0,"205":0,"206":0,"207":0,"208":0,"209":0,"210":0,"211":0,"212":0,"213":0,"214":0,"215":0,"216":0,"217":0,"218":0,"219":0,"220":0,"221":0,"222":0,"223":0,"224":0,"225":0,"226":0,"227":0,"228":0,"229":0,"230":0,"231":0,"232":0,"233":0,"234":0,"235":0,"236":0,"237":0,"238":0,"239":0,"240":0,"241":0,"242":0,"243":0,"244":0,"245":0,"246":0,"247":0,"248":0,"249":0,"250":0,"251":0,"252":0,"253":0,"254":0,"255":0,"256":0,"257":0,"258":0,"259":0,"260":0,"261":0,"262":0,"263":0,"264":0,"265":0,"266":0,"267":0,"268":0,"269":0,"270":0,"271":0,"272":0,"273":0,"274":0,"275":0,"276":0,"277":0,"278":0,"279":0,"280":0,"281":0,"282":0,"283":0,"284":0,"285":0,"286":0,"287":0,"288":0,"289":0,"290":0,"291":0,"292":0,"293":0,"294":0,"295":0,"296":0,"297":0,"298":0,"299":0,"300":0,"301":0,"302":0,"303":0,"304":0,"305":0,"306":0,"307":0,"308":0,"309":0,"310":0,"311":0,"312":0,"313":0,"314":0,"315":0,"316":0,"317":0,"318":0,"319":0,"320":0,"321":0,"322":0,"323":0,"324":0,"325":0,"326":0,"327":0,"328":0,"329":0,"330":0,"331":0,"332":0,"333":0,"334":0,"335":0,"336":0,"337":0,"338":0,"339":0,"340":0,"341":0,"342":0,"343":0,"344":0,"345":0,"346":0,"347":0,"348":0,"349":0,"350":0,"351":0,"352":0,"353":0,"354":0,"355":0,"356":0,"357":0,"358":0,"359":0,"360":0,"361":0,"362":0,"363":0,"364":0,"365":0,"366":0,"367":0,"368":0,"369":0,"370":0,"371":0,"372":0,"373":0,"374":0,"375":0,"376":0,"377":0,"378":0,"379":0,"380":0,"381":0,"382":0,"383":0,"384":0,"385":0,"386":0,"387":0,"388":0,"389":0,"390":0,"391":0,"392":0,"393":0,"394":0,"395":0,"396":0,"397":0,"398":0,"399":0,"400":0,"401":0,"402":0,"403":0,"404":0,"405":0,"406":0,"407":0,"408":0,"409":0,"410":0,"411":0,"412":0,"413":0,"414":0,"415":0,"416":0,"417":0,"418":0,"419":0,"420":0,"421":0,"422":0,"423":0,"424":0,"425":0,"426":0,"427":0,"428":0,"429":0,"430":0,"431":0,"432":0,"433":0,"434":0,"435":0,"436":0,"437":0,"438":0,"439":0,"440":0,"441":0,"442":0,"443":0,"444":0,"445":0,"446":0,"447":0,"448":0,"449":0,"450":0,"451":0,"452":0,"453":0,"454":0,"455":0,"456":0,"457":0,"458":0,"459":0,"460":0,"461":0,"462":0,"463":0,"464":0,"465":0,"466":0,"467":0,"468":0,"469":0,"470":0,"471":0,"472":0,"473":0,"474":0,"475":0,"476":0,"477":0,"478":0,"479":0,"480":0,"481":0,"482":0,"483":0,"484":0,"485":0,"486":0,"487":0,"488":0,"489":0,"490":0,"491":0,"492":0,"493":0,"494":0,"495":0,"496":0,"497":0,"498":0,"499":0,"500":0,"501":0,"502":0,"503":0,"504":0,"505":0,"506":0,"507":0,"508":0,"509":0,"510":0,"511":0,"512":0,"513":0,"514":0,"515":0,"516":0,"517":0,"518":0,"519":0,"520":0,"521":0,"522":0,"523":0,"524":0,"525":0,"526":0,"527":0,"528":0,"529":0,"530":0,"531":0,"532":0,"533":0,"534":0,"535":0,"536":0,"537":0,"538":0,"539":0,"540":0,"541":0,"542":0,"543":0,"544":0,"545":0,"546":0,"547":0,"548":0,"549":0,"550":0,"551":0,"552":0,"553":0,"554":0,"555":0,"556":0,"557":0,"558":0,"559":0,"560":0,"561":0,"562":0,"563":0,"564":0,"565":0,"566":0,"567":0,"568":0,"569":0,"570":0,"571":0,"572":0,"573":0,"574":0,"575":0,"576":0,"577":0,"578":0,"579":0,"580":0,"581":0,"582":0,"583":0,"584":0,"585":0,"586":0,"587":0,"588":0,"589":0,"590":0,"591":0,"592":0,"593":0,"594":0,"595":0,"596":0,"597":0,"598":0,"599":0,"600":0,"601":0,"602":0,"603":0,"604":0,"605":0,"606":0,"607":0,"608":0,"609":0,"610":0,"611":0,"612":0,"613":0,"614":0,"615":0,"616":0,"617":0,"618":0,"619":0,"620":0,"621":0,"622":0,"623":0,"624":0,"625":0,"626":0,"627":0,"628":0,"629":0,"630":0,"631":0,"632":0,"633":0,"634":0,"635":0,"636":0,"637":0,"638":0,"639":0,"640":0,"641":0,"642":0,"643":0,"644":0,"645":0,"646":0,"647":0,"648":0,"649":0,"650":0,"651":0,"652":0,"653":0,"654":0,"655":0,"656":0,"657":0,"658":0,"659":0,"660":0,"661":0,"662":0,"663":0,"664":0,"665":0,"666":0,"667":0,"668":0,"669":0,"670":0,"671":0,"672":0,"673":0,"674":0,"675":0,"676":0,"677":0,"678":0,"679":0,"680":0,"681":0,"682":0,"683":0,"684":0,"685":0,"686":0,"687":0,"688":0,"689":0,"690":0,"691":0,"692":0,"693":0,"694":0,"695":0,"696":0,"697":0,"698":0,"699":0,"700":0,"701":0,"702":0,"703":0,"704":0,"705":0,"706":0,"707":0,"708":0,"709":0,"710":0,"711":0,"712":0,"713":0,"714":0,"715":0,"716":0,"717":0,"718":0,"719":0,"720":0,"721":0,"722":0,"723":0,"724":0,"725":0,"726":0,"727":0,"728":0,"729":0,"730":0,"731":0,"732":0,"733":0,"734":0,"735":0,"736":0,"737":0,"738":0,"739":0,"740":0,"741":0,"742":0,"743":0,"744":0,"745":0,"746":0,"747":0,"748":0,"749":0,"750":0,"751":0,"752":0,"753":0,"754":0,"755":0,"756":0,"757":0,"758":0,"759":0,"760":0,"761":0,"762":0,"763":0,"764":0,"765":0,"766":0,"767":0,"768":0,"769":0,"770":0,"771":0,"772":0,"773":0,"774":0,"775":0,"776":0,"777":0,"778":0,"779":0,"780":0,"781":0,"782":0,"783":0,"784":0,"785":0,"786":0,"787":0,"788":0,"789":0,"790":0,"791":0,"792":0,"793":0,"794":0,"795":0,"796":0,"797":0,"798":0,"799":0,"800":0,"801":0,"802":0,"803":0,"804":0,"805":0},"branchMap":{},"b":{},"fnMap":{"0":{"name":"QuizGenerator2Page","decl":{"start":{"line":19,"column":15},"end":{"line":806,"column":1}},"loc":{"start":{"line":19,"column":15},"end":{"line":806,"column":1}},"line":19}},"f":{"0":0}}
,"C:\\horizon-labs-code\\project_code\\frontend\\app\\Instructor\\Dashboard\\dashboard.jsx": {"path":"C:\\horizon-labs-code\\project_code\\frontend\\app\\Instructor\\Dashboard\\dashboard.jsx","all":false,"statementMap":{"0":{"start":{"line":1,"column":0},"end":{"line":1,"column":13}},"1":{"start":{"line":2,"column":0},"end":{"line":2,"column":0}},"2":{"start":{"line":3,"column":0},"end":{"line":3,"column":53}},"3":{"start":{"line":4,"column":0},"end":{"line":4,"column":43}},"4":{"start":{"line":5,"column":0},"end":{"line":5,"column":0}},"5":{"start":{"line":6,"column":0},"end":{"line":6,"column":25}},"6":{"start":{"line":7,"column":0},"end":{"line":7,"column":21}},"7":{"start":{"line":8,"column":0},"end":{"line":8,"column":39}},"8":{"start":{"line":9,"column":0},"end":{"line":9,"column":3}},"9":{"start":{"line":10,"column":0},"end":{"line":10,"column":0}},"10":{"start":{"line":11,"column":0},"end":{"line":11,"column":105}},"11":{"start":{"line":12,"column":0},"end":{"line":12,"column":68}},"12":{"start":{"line":13,"column":0},"end":{"line":13,"column":66}},"13":{"start":{"line":14,"column":0},"end":{"line":14,"column":0}},"14":{"start":{"line":15,"column":0},"end":{"line":15,"column":110}},"15":{"start":{"line":16,"column":0},"end":{"line":16,"column":86}},"16":{"start":{"line":17,"column":0},"end":{"line":17,"column":0}},"17":{"start":{"line":18,"column":0},"end":{"line":18,"column":28}},"18":{"start":{"line":19,"column":0},"end":{"line":19,"column":0}},"19":{"start":{"line":20,"column":0},"end":{"line":20,"column":116}},"20":{"start":{"line":21,"column":0},"end":{"line":21,"column":0}},"21":{"start":{"line":22,"column":0},"end":{"line":22,"column":30}},"22":{"start":{"line":23,"column":0},"end":{"line":23,"column":44}},"23":{"start":{"line":24,"column":0},"end":{"line":24,"column":48}},"24":{"start":{"line":25,"column":0},"end":{"line":25,"column":2}},"25":{"start":{"line":26,"column":0},"end":{"line":26,"column":0}},"26":{"start":{"line":27,"column":0},"end":{"line":27,"column":33}},"27":{"start":{"line":28,"column":0},"end":{"line":28,"column":36}},"28":{"start":{"line":29,"column":0},"end":{"line":29,"column":19}},"29":{"start":{"line":30,"column":0},"end":{"line":30,"column":19}},"30":{"start":{"line":31,"column":0},"end":{"line":31,"column":5}},"31":{"start":{"line":32,"column":0},"end":{"line":32,"column":0}},"32":{"start":{"line":33,"column":0},"end":{"line":33,"column":46}},"33":{"start":{"line":34,"column":0},"end":{"line":34,"column":77}},"34":{"start":{"line":35,"column":0},"end":{"line":35,"column":91}},"35":{"start":{"line":36,"column":0},"end":{"line":36,"column":44}},"36":{"start":{"line":37,"column":0},"end":{"line":37,"column":40}},"37":{"start":{"line":38,"column":0},"end":{"line":38,"column":78}},"38":{"start":{"line":39,"column":0},"end":{"line":39,"column":2}},"39":{"start":{"line":40,"column":0},"end":{"line":40,"column":0}},"40":{"start":{"line":41,"column":0},"end":{"line":41,"column":34}},"41":{"start":{"line":42,"column":0},"end":{"line":42,"column":99}},"42":{"start":{"line":43,"column":0},"end":{"line":43,"column":40}},"43":{"start":{"line":44,"column":0},"end":{"line":44,"column":55}},"44":{"start":{"line":45,"column":0},"end":{"line":45,"column":17}},"45":{"start":{"line":46,"column":0},"end":{"line":46,"column":2}},"46":{"start":{"line":47,"column":0},"end":{"line":47,"column":0}},"47":{"start":{"line":48,"column":0},"end":{"line":48,"column":0}},"48":{"start":{"line":49,"column":0},"end":{"line":49,"column":34}},"49":{"start":{"line":50,"column":0},"end":{"line":50,"column":57}},"50":{"start":{"line":51,"column":0},"end":{"line":51,"column":13}},"51":{"start":{"line":52,"column":0},"end":{"line":52,"column":3}},"52":{"start":{"line":53,"column":0},"end":{"line":53,"column":50}},"53":{"start":{"line":54,"column":0},"end":{"line":54,"column":35}},"54":{"start":{"line":55,"column":0},"end":{"line":55,"column":2}},"55":{"start":{"line":56,"column":0},"end":{"line":56,"column":0}},"56":{"start":{"line":57,"column":0},"end":{"line":57,"column":34}},"57":{"start":{"line":58,"column":0},"end":{"line":58,"column":50}},"58":{"start":{"line":59,"column":0},"end":{"line":59,"column":17}},"59":{"start":{"line":60,"column":0},"end":{"line":60,"column":3}},"60":{"start":{"line":61,"column":0},"end":{"line":61,"column":19}},"61":{"start":{"line":62,"column":0},"end":{"line":62,"column":2}},"62":{"start":{"line":63,"column":0},"end":{"line":63,"column":0}},"63":{"start":{"line":64,"column":0},"end":{"line":64,"column":47}},"64":{"start":{"line":65,"column":0},"end":{"line":65,"column":59}},"65":{"start":{"line":66,"column":0},"end":{"line":66,"column":59}},"66":{"start":{"line":67,"column":0},"end":{"line":67,"column":59}},"67":{"start":{"line":68,"column":0},"end":{"line":68,"column":51}},"68":{"start":{"line":69,"column":0},"end":{"line":69,"column":0}},"69":{"start":{"line":70,"column":0},"end":{"line":70,"column":19}},"70":{"start":{"line":71,"column":0},"end":{"line":71,"column":25}},"71":{"start":{"line":72,"column":0},"end":{"line":72,"column":0}},"72":{"start":{"line":73,"column":0},"end":{"line":73,"column":44}},"73":{"start":{"line":74,"column":0},"end":{"line":74,"column":29}},"74":{"start":{"line":75,"column":0},"end":{"line":75,"column":25}},"75":{"start":{"line":76,"column":0},"end":{"line":76,"column":11}},"76":{"start":{"line":77,"column":0},"end":{"line":77,"column":62}},"77":{"start":{"line":78,"column":0},"end":{"line":78,"column":27}},"78":{"start":{"line":79,"column":0},"end":{"line":79,"column":66}},"79":{"start":{"line":80,"column":0},"end":{"line":80,"column":78}},"80":{"start":{"line":81,"column":0},"end":{"line":81,"column":9}},"81":{"start":{"line":82,"column":0},"end":{"line":82,"column":43}},"82":{"start":{"line":83,"column":0},"end":{"line":83,"column":31}},"83":{"start":{"line":84,"column":0},"end":{"line":84,"column":31}},"84":{"start":{"line":85,"column":0},"end":{"line":85,"column":51}},"85":{"start":{"line":86,"column":0},"end":{"line":86,"column":21}},"86":{"start":{"line":87,"column":0},"end":{"line":87,"column":31}},"87":{"start":{"line":88,"column":0},"end":{"line":88,"column":92}},"88":{"start":{"line":89,"column":0},"end":{"line":89,"column":17}},"89":{"start":{"line":90,"column":0},"end":{"line":90,"column":24}},"90":{"start":{"line":91,"column":0},"end":{"line":91,"column":34}},"91":{"start":{"line":92,"column":0},"end":{"line":92,"column":9}},"92":{"start":{"line":93,"column":0},"end":{"line":93,"column":7}},"93":{"start":{"line":94,"column":0},"end":{"line":94,"column":6}},"94":{"start":{"line":95,"column":0},"end":{"line":95,"column":0}},"95":{"start":{"line":96,"column":0},"end":{"line":96,"column":25}},"96":{"start":{"line":97,"column":0},"end":{"line":97,"column":0}},"97":{"start":{"line":98,"column":0},"end":{"line":98,"column":18}},"98":{"start":{"line":99,"column":0},"end":{"line":99,"column":24}},"99":{"start":{"line":100,"column":0},"end":{"line":100,"column":6}},"100":{"start":{"line":101,"column":0},"end":{"line":101,"column":9}},"101":{"start":{"line":102,"column":0},"end":{"line":102,"column":0}},"102":{"start":{"line":103,"column":0},"end":{"line":103,"column":93}},"103":{"start":{"line":104,"column":0},"end":{"line":104,"column":0}},"104":{"start":{"line":105,"column":0},"end":{"line":105,"column":44}},"105":{"start":{"line":106,"column":0},"end":{"line":106,"column":61}},"106":{"start":{"line":107,"column":0},"end":{"line":107,"column":80}},"107":{"start":{"line":108,"column":0},"end":{"line":108,"column":67}},"108":{"start":{"line":109,"column":0},"end":{"line":109,"column":112}},"109":{"start":{"line":110,"column":0},"end":{"line":110,"column":62}},"110":{"start":{"line":111,"column":0},"end":{"line":111,"column":22}},"111":{"start":{"line":112,"column":0},"end":{"line":112,"column":0}},"112":{"start":{"line":113,"column":0},"end":{"line":113,"column":46}},"113":{"start":{"line":114,"column":0},"end":{"line":114,"column":36}},"114":{"start":{"line":115,"column":0},"end":{"line":115,"column":41}},"115":{"start":{"line":116,"column":0},"end":{"line":116,"column":59}},"116":{"start":{"line":117,"column":0},"end":{"line":117,"column":33}},"117":{"start":{"line":118,"column":0},"end":{"line":118,"column":22}},"118":{"start":{"line":119,"column":0},"end":{"line":119,"column":0}},"119":{"start":{"line":120,"column":0},"end":{"line":120,"column":59}},"120":{"start":{"line":121,"column":0},"end":{"line":121,"column":59}},"121":{"start":{"line":122,"column":0},"end":{"line":122,"column":51}},"122":{"start":{"line":123,"column":0},"end":{"line":123,"column":59}},"123":{"start":{"line":124,"column":0},"end":{"line":124,"column":50}},"124":{"start":{"line":125,"column":0},"end":{"line":125,"column":52}},"125":{"start":{"line":126,"column":0},"end":{"line":126,"column":0}},"126":{"start":{"line":127,"column":0},"end":{"line":127,"column":19}},"127":{"start":{"line":128,"column":0},"end":{"line":128,"column":25}},"128":{"start":{"line":129,"column":0},"end":{"line":129,"column":0}},"129":{"start":{"line":130,"column":0},"end":{"line":130,"column":44}},"130":{"start":{"line":131,"column":0},"end":{"line":131,"column":29}},"131":{"start":{"line":132,"column":0},"end":{"line":132,"column":25}},"132":{"start":{"line":133,"column":0},"end":{"line":133,"column":11}},"133":{"start":{"line":134,"column":0},"end":{"line":134,"column":62}},"134":{"start":{"line":135,"column":0},"end":{"line":135,"column":27}},"135":{"start":{"line":136,"column":0},"end":{"line":136,"column":66}},"136":{"start":{"line":137,"column":0},"end":{"line":137,"column":78}},"137":{"start":{"line":138,"column":0},"end":{"line":138,"column":9}},"138":{"start":{"line":139,"column":0},"end":{"line":139,"column":43}},"139":{"start":{"line":140,"column":0},"end":{"line":140,"column":31}},"140":{"start":{"line":141,"column":0},"end":{"line":141,"column":31}},"141":{"start":{"line":142,"column":0},"end":{"line":142,"column":21}},"142":{"start":{"line":143,"column":0},"end":{"line":143,"column":31}},"143":{"start":{"line":144,"column":0},"end":{"line":144,"column":92}},"144":{"start":{"line":145,"column":0},"end":{"line":145,"column":17}},"145":{"start":{"line":146,"column":0},"end":{"line":146,"column":24}},"146":{"start":{"line":147,"column":0},"end":{"line":147,"column":34}},"147":{"start":{"line":148,"column":0},"end":{"line":148,"column":9}},"148":{"start":{"line":149,"column":0},"end":{"line":149,"column":7}},"149":{"start":{"line":150,"column":0},"end":{"line":150,"column":6}},"150":{"start":{"line":151,"column":0},"end":{"line":151,"column":0}},"151":{"start":{"line":152,"column":0},"end":{"line":152,"column":25}},"152":{"start":{"line":153,"column":0},"end":{"line":153,"column":0}},"153":{"start":{"line":154,"column":0},"end":{"line":154,"column":18}},"154":{"start":{"line":155,"column":0},"end":{"line":155,"column":24}},"155":{"start":{"line":156,"column":0},"end":{"line":156,"column":6}},"156":{"start":{"line":157,"column":0},"end":{"line":157,"column":9}},"157":{"start":{"line":158,"column":0},"end":{"line":158,"column":0}},"158":{"start":{"line":159,"column":0},"end":{"line":159,"column":45}},"159":{"start":{"line":160,"column":0},"end":{"line":160,"column":25}},"160":{"start":{"line":161,"column":0},"end":{"line":161,"column":16}},"161":{"start":{"line":162,"column":0},"end":{"line":162,"column":5}},"162":{"start":{"line":163,"column":0},"end":{"line":163,"column":98}},"163":{"start":{"line":164,"column":0},"end":{"line":164,"column":38}},"164":{"start":{"line":165,"column":0},"end":{"line":165,"column":21}},"165":{"start":{"line":166,"column":0},"end":{"line":166,"column":43}},"166":{"start":{"line":167,"column":0},"end":{"line":167,"column":46}},"167":{"start":{"line":168,"column":0},"end":{"line":168,"column":22}},"168":{"start":{"line":169,"column":0},"end":{"line":169,"column":9}},"169":{"start":{"line":170,"column":0},"end":{"line":170,"column":115}},"170":{"start":{"line":171,"column":0},"end":{"line":171,"column":57}},"171":{"start":{"line":172,"column":0},"end":{"line":172,"column":16}},"172":{"start":{"line":173,"column":0},"end":{"line":173,"column":17}},"173":{"start":{"line":174,"column":0},"end":{"line":174,"column":34}},"174":{"start":{"line":175,"column":0},"end":{"line":175,"column":28}},"175":{"start":{"line":176,"column":0},"end":{"line":176,"column":10}},"176":{"start":{"line":177,"column":0},"end":{"line":177,"column":8}},"177":{"start":{"line":178,"column":0},"end":{"line":178,"column":22}},"178":{"start":{"line":179,"column":0},"end":{"line":179,"column":45}},"179":{"start":{"line":180,"column":0},"end":{"line":180,"column":0}},"180":{"start":{"line":181,"column":0},"end":{"line":181,"column":32}},"181":{"start":{"line":182,"column":0},"end":{"line":182,"column":37}},"182":{"start":{"line":183,"column":0},"end":{"line":183,"column":50}},"183":{"start":{"line":184,"column":0},"end":{"line":184,"column":7}},"184":{"start":{"line":185,"column":0},"end":{"line":185,"column":0}},"185":{"start":{"line":186,"column":0},"end":{"line":186,"column":47}},"186":{"start":{"line":187,"column":0},"end":{"line":187,"column":108}},"187":{"start":{"line":188,"column":0},"end":{"line":188,"column":87}},"188":{"start":{"line":189,"column":0},"end":{"line":189,"column":116}},"189":{"start":{"line":190,"column":0},"end":{"line":190,"column":0}},"190":{"start":{"line":191,"column":0},"end":{"line":191,"column":26}},"191":{"start":{"line":192,"column":0},"end":{"line":192,"column":109}},"192":{"start":{"line":193,"column":0},"end":{"line":193,"column":50}},"193":{"start":{"line":194,"column":0},"end":{"line":194,"column":41}},"194":{"start":{"line":195,"column":0},"end":{"line":195,"column":42}},"195":{"start":{"line":196,"column":0},"end":{"line":196,"column":21}},"196":{"start":{"line":197,"column":0},"end":{"line":197,"column":34}},"197":{"start":{"line":198,"column":0},"end":{"line":198,"column":17}},"198":{"start":{"line":199,"column":0},"end":{"line":199,"column":7}},"199":{"start":{"line":200,"column":0},"end":{"line":200,"column":23}},"200":{"start":{"line":201,"column":0},"end":{"line":201,"column":18}},"201":{"start":{"line":202,"column":0},"end":{"line":202,"column":16}},"202":{"start":{"line":203,"column":0},"end":{"line":203,"column":26}},"203":{"start":{"line":204,"column":0},"end":{"line":204,"column":17}},"204":{"start":{"line":205,"column":0},"end":{"line":205,"column":28}},"205":{"start":{"line":206,"column":0},"end":{"line":206,"column":9}},"206":{"start":{"line":207,"column":0},"end":{"line":207,"column":5}},"207":{"start":{"line":208,"column":0},"end":{"line":208,"column":22}},"208":{"start":{"line":209,"column":0},"end":{"line":209,"column":22}},"209":{"start":{"line":210,"column":0},"end":{"line":210,"column":0}},"210":{"start":{"line":211,"column":0},"end":{"line":211,"column":39}},"211":{"start":{"line":212,"column":0},"end":{"line":212,"column":43}},"212":{"start":{"line":213,"column":0},"end":{"line":213,"column":16}},"213":{"start":{"line":214,"column":0},"end":{"line":214,"column":5}},"214":{"start":{"line":215,"column":0},"end":{"line":215,"column":26}},"215":{"start":{"line":216,"column":0},"end":{"line":216,"column":42}},"216":{"start":{"line":217,"column":0},"end":{"line":217,"column":52}},"217":{"start":{"line":218,"column":0},"end":{"line":218,"column":42}},"218":{"start":{"line":219,"column":0},"end":{"line":219,"column":26}},"219":{"start":{"line":220,"column":0},"end":{"line":220,"column":22}},"220":{"start":{"line":221,"column":0},"end":{"line":221,"column":14}},"221":{"start":{"line":222,"column":0},"end":{"line":222,"column":31}},"222":{"start":{"line":223,"column":0},"end":{"line":223,"column":29}},"223":{"start":{"line":224,"column":0},"end":{"line":224,"column":19}},"224":{"start":{"line":225,"column":0},"end":{"line":225,"column":11}},"225":{"start":{"line":226,"column":0},"end":{"line":226,"column":7}},"226":{"start":{"line":227,"column":0},"end":{"line":227,"column":34}},"227":{"start":{"line":228,"column":0},"end":{"line":228,"column":28}},"228":{"start":{"line":229,"column":0},"end":{"line":229,"column":41}},"229":{"start":{"line":230,"column":0},"end":{"line":230,"column":37}},"230":{"start":{"line":231,"column":0},"end":{"line":231,"column":7}},"231":{"start":{"line":232,"column":0},"end":{"line":232,"column":7}},"232":{"start":{"line":233,"column":0},"end":{"line":233,"column":45}},"233":{"start":{"line":234,"c
[...]
ions":[{"start":{"line":47,"column":26},"end":{"line":52,"column":3}}]},"14":{"type":"branch","line":48,"loc":{"start":{"line":48,"column":29},"end":{"line":50,"column":5}},"locations":[{"start":{"line":48,"column":29},"end":{"line":50,"column":5}}]},"15":{"type":"branch","line":54,"loc":{"start":{"line":54,"column":24},"end":{"line":60,"column":3}},"locations":[{"start":{"line":54,"column":24},"end":{"line":60,"column":3}}]},"16":{"type":"branch","line":55,"loc":{"start":{"line":55,"column":16},"end":{"line":59,"column":6}},"locations":[{"start":{"line":55,"column":16},"end":{"line":59,"column":6}}]},"17":{"type":"branch","line":55,"loc":{"start":{"line":55,"column":33},"end":{"line":59,"column":5}},"locations":[{"start":{"line":55,"column":33},"end":{"line":59,"column":5}}]},"18":{"type":"branch","line":56,"loc":{"start":{"line":56,"column":25},"end":{"line":56,"column":36}},"locations":[{"start":{"line":56,"column":25},"end":{"line":56,"column":36}}]},"19":{"type":"branch","line":56,"loc":{"start":{"line":56,"column":35},"end":{"line":57,"column":36}},"locations":[{"start":{"line":56,"column":35},"end":{"line":57,"column":36}}]},"20":{"type":"branch","line":57,"loc":{"start":{"line":57,"column":32},"end":{"line":57,"column":38}},"locations":[{"start":{"line":57,"column":32},"end":{"line":57,"column":38}}]},"21":{"type":"branch","line":62,"loc":{"start":{"line":62,"column":21},"end":{"line":162,"column":3}},"locations":[{"start":{"line":62,"column":21},"end":{"line":162,"column":3}}]},"22":{"type":"branch","line":64,"loc":{"start":{"line":64,"column":10},"end":{"line":64,"column":25}},"locations":[{"start":{"line":64,"column":10},"end":{"line":64,"column":25}}]},"23":{"type":"branch","line":64,"loc":{"start":{"line":64,"column":27},"end":{"line":64,"column":34}},"locations":[{"start":{"line":64,"column":27},"end":{"line":64,"column":34}}]},"24":{"type":"branch","line":64,"loc":{"start":{"line":64,"column":27},"end":{"line":162,"column":3}},"locations":[{"start":{"line":64,"column":27},"end":{"line":162,"column":3}}]},"25":{"type":"branch","line":71,"loc":{"start":{"line":71,"column":16},"end":{"line":74,"column":55}},"locations":[{"start":{"line":71,"column":16},"end":{"line":74,"column":55}}]},"26":{"type":"branch","line":116,"loc":{"start":{"line":116,"column":23},"end":{"line":133,"column":5}},"locations":[{"start":{"line":116,"column":23},"end":{"line":133,"column":5}}]},"27":{"type":"branch","line":121,"loc":{"start":{"line":121,"column":19},"end":{"line":132,"column":7}},"locations":[{"start":{"line":121,"column":19},"end":{"line":132,"column":7}}]},"28":{"type":"branch","line":135,"loc":{"start":{"line":135,"column":5},"end":{"line":161,"column":5}},"locations":[{"start":{"line":135,"column":5},"end":{"line":161,"column":5}}]},"29":{"type":"branch","line":145,"loc":{"start":{"line":145,"column":10},"end":{"line":147,"column":28}},"locations":[{"start":{"line":145,"column":10},"end":{"line":147,"column":28}}]},"30":{"type":"branch","line":147,"loc":{"start":{"line":147,"column":24},"end":{"line":147,"column":42}},"locations":[{"start":{"line":147,"column":24},"end":{"line":147,"column":42}}]},"31":{"type":"branch","line":147,"loc":{"start":{"line":147,"column":44},"end":{"line":149,"column":9}},"locations":[{"start":{"line":147,"column":44},"end":{"line":149,"column":9}}]},"32":{"type":"branch","line":149,"loc":{"start":{"line":149,"column":8},"end":{"line":151,"column":35}},"locations":[{"start":{"line":149,"column":8},"end":{"line":151,"column":35}}]},"33":{"type":"branch","line":151,"loc":{"start":{"line":151,"column":34},"end":{"line":152,"column":8}},"locations":[{"start":{"line":151,"column":34},"end":{"line":152,"column":8}}]},"34":{"type":"branch","line":152,"loc":{"start":{"line":152,"column":8},"end":{"line":160,"column":7}},"locations":[{"start":{"line":152,"column":8},"end":{"line":160,"column":7}}]},"35":{"type":"branch","line":153,"loc":{"start":{"line":153,"column":39},"end":{"line":153,"column":46}},"locations":[{"start":{"line":153,"column":39},"end":{"line":153,"column":46}}]},"36":{"type":"branch","line":154,"loc":{"start":{"line":154,"column":58},"end":{"line":154,"column":76}},"locations":[{"start":{"line":154,"column":58},"end":{"line":154,"column":76}}]},"37":{"type":"branch","line":155,"loc":{"start":{"line":155,"column":35},"end":{"line":155,"column":68}},"locations":[{"start":{"line":155,"column":35},"end":{"line":155,"column":68}}]},"38":{"type":"branch","line":175,"loc":{"start":{"line":175,"column":35},"end":{"line":181,"column":20}},"locations":[{"start":{"line":175,"column":35},"end":{"line":181,"column":20}}]},"39":{"type":"branch","line":176,"loc":{"start":{"line":176,"column":69},"end":{"line":176,"column":83}},"locations":[{"start":{"line":176,"column":69},"end":{"line":176,"column":83}}]},"40":{"type":"branch","line":176,"loc":{"start":{"line":176,"column":83},"end":{"line":176,"column":99}},"locations":[{"start":{"line":176,"column":83},"end":{"line":176,"column":99}}]},"41":{"type":"branch","line":178,"loc":{"start":{"line":178,"column":33},"end":{"line":178,"column":60}},"locations":[{"start":{"line":178,"column":33},"end":{"line":178,"column":60}}]},"42":{"type":"branch","line":178,"loc":{"start":{"line":178,"column":60},"end":{"line":178,"column":88}},"locations":[{"start":{"line":178,"column":60},"end":{"line":178,"column":88}}]},"43":{"type":"branch","line":219,"loc":{"start":{"line":219,"column":24},"end":{"line":219,"column":52}},"locations":[{"start":{"line":219,"column":24},"end":{"line":219,"column":52}}]},"44":{"type":"branch","line":220,"loc":{"start":{"line":220,"column":25},"end":{"line":220,"column":58}},"locations":[{"start":{"line":220,"column":25},"end":{"line":220,"column":58}}]}},"b":{"0":[92],"1":[0],"2":[143],"3":[55],"4":[31],"5":[31],"6":[112],"7":[24],"8":[108],"9":[55],"10":[53],"11":[53],"12":[5],"13":[31],"14":[30],"15":[26],"16":[24],"17":[74],"18":[50],"19":[24],"20":[0],"21":[32],"22":[31],"23":[1],"24":[31],"25":[31],"26":[23],"27":[0],"28":[31],"29":[24],"30":[23],"31":[1],"32":[23],"33":[0],"34":[26],"35":[0],"36":[0],"37":[24],"38":[114],"39":[57],"40":[57],"41":[57],"42":[57],"43":[36],"44":[2]},"fnMap":{"0":{"name":"createId","decl":{"start":{"line":12,"column":17},"end":{"line":15,"column":42}},"loc":{"start":{"line":12,"column":17},"end":{"line":15,"column":42}},"line":12},"1":{"name":"Banner","decl":{"start":{"line":17,"column":0},"end":{"line":22,"column":1}},"loc":{"start":{"line":17,"column":0},"end":{"line":22,"column":1}},"line":17},"2":{"name":"ChatPage","decl":{"start":{"line":24,"column":15},"end":{"line":247,"column":1}},"loc":{"start":{"line":24,"column":15},"end":{"line":247,"column":1}},"line":24},"3":{"name":"ensureSessionId","decl":{"start":{"line":47,"column":26},"end":{"line":52,"column":3}},"loc":{"start":{"line":47,"column":26},"end":{"line":52,"column":3}},"line":47},"4":{"name":"updateMessage","decl":{"start":{"line":54,"column":24},"end":{"line":60,"column":3}},"loc":{"start":{"line":54,"column":24},"end":{"line":60,"column":3}},"line":54},"5":{"name":"handleSend","decl":{"start":{"line":62,"column":21},"end":{"line":162,"column":3}},"loc":{"start":{"line":62,"column":21},"end":{"line":162,"column":3}},"line":62},"6":{"name":"processEvent","decl":{"start":{"line":82,"column":25},"end":{"line":114,"column":5}},"loc":{"start":{"line":82,"column":25},"end":{"line":114,"column":5}},"line":82},"7":{"name":"readStream","decl":{"start":{"line":116,"column":23},"end":{"line":133,"column":5}},"loc":{"start":{"line":116,"column":23},"end":{"line":133,"column":5}},"line":116},"8":{"name":"onChange","decl":{"start":{"line":219,"column":24},"end":{"line":219,"column":52}},"loc":{"start":{"line":219,"column":24},"end":{"line":219,"column":52}},"line":219},"9":{"name":"onKeyDown","decl":{"start":{"line":220,"column":25},"end":{"line":220,"column":58}},"loc":{"start":{"line":220,"column":25},"end":{"line":220,"column":58}},"line":220}},"f":{"0":92,"1":0,"2":143,"3":31,"4":26,"5":32,"6":0,"7":23,"8":36,"9":2}}
,"C:\\horizon-labs-code\\project_code\\frontend\\app\\components\\ConditionalBody.jsx": {"path":"C:\\horizon-labs-code\\project_code\\frontend\\app\\components\\ConditionalBody.jsx","all":false,"statementMap":{"0":{"start":{"line":1,"column":0},"end":{"line":1,"column":13}},"1":{"start":{"line":2,"column":0},"end":{"line":2,"column":46}},"2":{"start":{"line":3,"column":0},"end":{"line":3,"column":0}},"3":{"start":{"line":4,"column":0},"end":{"line":4,"column":55}},"4":{"start":{"line":5,"column":0},"end":{"line":5,"column":33}},"5":{"start":{"line":6,"column":0},"end":{"line":6,"column":2}},"6":{"start":{"line":7,"column":0},"end":{"line":7,"column":59}},"7":{"start":{"line":8,"column":0},"end":{"line":8,"column":42}},"8":{"start":{"line":9,"column":0},"end":{"line":9,"column":12}},"9":{"start":{"line":10,"column":0},"end":{"line":10,"column":51}},"10":{"start":{"line":11,"column":0},"end":{"line":11,"column":18}},"11":{"start":{"line":12,"column":0},"end":{"line":12,"column":13}},"12":{"start":{"line":13,"column":0},"end":{"line":13,"column":6}},"13":{"start":{"line":14,"column":0},"end":{"line":14,"column":3}},"14":{"start":{"line":15,"column":0},"end":{"line":15,"column":2}},"15":{"start":{"line":16,"column":0},"end":{"line":16,"column":35}},"16":{"start":{"line":17,"column":0},"end":{"line":17,"column":10}},"17":{"start":{"line":18,"column":0},"end":{"line":18,"column":46}},"18":{"start":{"line":19,"column":0},"end":{"line":19,"column":16}},"19":{"start":{"line":20,"column":0},"end":{"line":20,"column":11}},"20":{"start":{"line":21,"column":0},"end":{"line":21,"column":4}},"21":{"start":{"line":22,"column":0},"end":{"line":22,"column":1}}},"s":{"0":1,"1":1,"2":1,"3":1,"4":0,"5":0,"6":0,"7":0,"8":0,"9":0,"10":0,"11":0,"12":0,"13":0,"14":0,"15":0,"16":0,"17":0,"18":0,"19":0,"20":0,"21":0},"branchMap":{},"b":{},"fnMap":{"0":{"name":"ConditionalBody","decl":{"start":{"line":4,"column":15},"end":{"line":22,"column":1}},"loc":{"start":{"line":4,"column":15},"end":{"line":22,"column":1}},"line":4}},"f":{"0":0}}
,"C:\\horizon-labs-code\\project_code\\frontend\\app\\components\\ConditionalHeader.jsx": {"path":"C:\\horizon-labs-code\\project_code\\frontend\\app\\components\\ConditionalHeader.jsx","all":false,"statementMap":{"0":{"start":{"line":1,"column":0},"end":{"line":1,"column":13}},"1":{"start":{"line":2,"column":0},"end":{"line":2,"column":0}},"2":{"start":{"line":3,"column":0},"end":{"line":3,"column":31}},"3":{"start":{"line":4,"column":0},"end":{"line":4,"column":29}},"4":{"start":{"line":5,"column":0},"end":{"line":5,"column":57}},"5":{"start":{"line":6,"column":0},"end":{"line":6,"column":44}},"6":{"start":{"line":7,"column":0},"end":{"line":7,"column":0}},"7":{"start":{"line":8,"column":0},"end":{"line":8,"column":32}},"8":{"start":{"line":9,"column":0},"end":{"line":9,"column":34}},"9":{"start":{"line":10,"column":0},"end":{"line":10,"column":0}},"10":{"start":{"line":11,"column":0},"end":{"line":11,"column":45}},"11":{"start":{"line":12,"column":0},"end":{"line":12,"column":33}},"12":{"start":{"line":13,"column":0},"end":{"line":13,"column":29}},"13":{"start":{"line":14,"column":0},"end":{"line":14,"column":46}},"14":{"start":{"line":15,"column":0},"end":{"line":15,"column":0}},"15":{"start":{"line":16,"column":0},"end":{"line":16,"column":19}},"16":{"start":{"line":17,"column":0},"end":{"line":17,"column":46}},"17":{"start":{"line":18,"column":0},"end":{"line":18,"column":65}},"18":{"start":{"line":19,"column":0},"end":{"line":19,"column":58}},"19":{"start":{"line":20,"column":0},"end":{"line":20,"column":22}},"20":{"start":{"line":21,"column":0},"end":{"line":21,"column":5}},"21":{"start":{"line":22,"column":0},"end":{"line":22,"column":0}},"22":{"start":{"line":23,"column":0},"end":{"line":23,"column":42}},"23":{"start":{"line":24,"column":0},"end":{"line":24,"column":37}},"24":{"start":{"line":25,"column":0},"end":{"line":25,"column":64}},"25":{"start":{"line":26,"column":0},"end":{"line":26,"column":26}},"26":{"start":{"line":27,"column":0},"end":{"line":27,"column":7}},"27":{"start":{"line":28,"column":0},"end":{"line":28,"column":6}},"28":{"start":{"line":29,"column":0},"end":{"line":29,"column":0}},"29":{"start":{"line":30,"column":0},"end":{"line":30,"column":59}},"30":{"start":{"line":31,"column":0},"end":{"line":31,"column":18}},"31":{"start":{"line":32,"column":0},"end":{"line":32,"column":64}},"32":{"start":{"line":33,"column":0},"end":{"line":33,"column":6}},"33":{"start":{"line":34,"column":0},"end":{"line":34,"column":9}},"34":{"start":{"line":35,"column":0},"end":{"line":35,"column":0}},"35":{"start":{"line":36,"column":0},"end":{"line":36,"column":62}},"36":{"start":{"line":37,"column":0},"end":{"line":37,"column":63}},"37":{"start":{"line":38,"column":0},"end":{"line":38,"column":36}},"38":{"start":{"line":39,"column":0},"end":{"line":39,"column":84}},"39":{"start":{"line":40,"column":0},"end":{"line":40,"column":29}},"40":{"start":{"line":41,"column":0},"end":{"line":41,"column":4}},"41":{"start":{"line":42,"column":0},"end":{"line":42,"column":0}},"42":{"start":{"line":43,"column":0},"end":{"line":43,"column":35}},"43":{"start":{"line":44,"column":0},"end":{"line":44,"column":16}},"44":{"start":{"line":45,"column":0},"end":{"line":45,"column":3}},"45":{"start":{"line":46,"column":0},"end":{"line":46,"column":0}},"46":{"start":{"line":47,"column":0},"end":{"line":47,"column":78}},"47":{"start":{"line":48,"column":0},"end":{"line":48,"column":90}},"48":{"start":{"line":49,"column":0},"end":{"line":49,"column":57}},"49":{"start":{"line":50,"column":0},"end":{"line":50,"column":84}},"50":{"start":{"line":51,"column":0},"end":{"line":51,"column":13}},"51":{"start":{"line":52,"column":0},"end":{"line":52,"column":23}},"52":{"start":{"line":53,"column":0},"end":{"line":53,"column":15}},"53":{"start":{"line":54,"column":0},"end":{"line":54,"column":38}},"54":{"start":{"line":55,"column":0},"end":{"line":55,"column":45}},"55":{"start":{"line":56,"column":0},"end":{"line":56,"column":40}},"56":{"start":{"line":57,"column":0},"end":{"line":57,"column":9}},"57":{"start":{"line":58,"column":0},"end":{"line":58,"column":16}},"58":{"start":{"line":59,"column":0},"end":{"line":59,"column":81}},"59":{"start":{"line":60,"column":0},"end":{"line":60,"column":25}},"60":{"start":{"line":61,"column":0},"end":{"line":61,"column":23}},"61":{"start":{"line":62,"column":0},"end":{"line":62,"column":24}},"62":{"start":{"line":63,"column":0},"end":{"line":63,"column":20}},"63":{"start":{"line":64,"column":0},"end":{"line":64,"column":12}},"64":{"start":{"line":65,"column":0},"end":{"line":65,"column":17}},"65":{"start":{"line":66,"column":0},"end":{"line":66,"column":8}},"66":{"start":{"line":67,"column":0},"end":{"line":67,"column":13}},"67":{"start":{"line":68,"column":0},"end":{"line":68,"column":4}},"68":{"start":{"line":69,"column":0},"end":{"line":69,"column":0}},"69":{"start":{"line":70,"column":0},"end":{"line":70,"column":40}},"70":{"start":{"line":71,"column":0},"end":{"line":71,"column":26}},"71":{"start":{"line":72,"column":0},"end":{"line":72,"column":3}},"72":{"start":{"line":73,"column":0},"end":{"line":73,"column":0}},"73":{"start":{"line":74,"column":0},"end":{"line":74,"column":43}},"74":{"start":{"line":75,"column":0},"end":{"line":75,"column":26}},"75":{"start":{"line":76,"column":0},"end":{"line":76,"column":3}},"76":{"start":{"line":77,"column":0},"end":{"line":77,"column":0}},"77":{"start":{"line":78,"column":0},"end":{"line":78,"column":42}},"78":{"start":{"line":79,"column":0},"end":{"line":79,"column":41}},"79":{"start":{"line":80,"column":0},"end":{"line":80,"column":3}},"80":{"start":{"line":81,"column":0},"end":{"line":81,"column":0}},"81":{"start":{"line":82,"column":0},"end":{"line":82,"column":32}},"82":{"start":{"line":83,"column":0},"end":{"line":83,"column":25}},"83":{"start":{"line":84,"column":0},"end":{"line":84,"column":43}},"84":{"start":{"line":85,"column":0},"end":{"line":85,"column":3}},"85":{"start":{"line":86,"column":0},"end":{"line":86,"column":0}},"86":{"start":{"line":87,"column":0},"end":{"line":87,"column":24}},"87":{"start":{"line":88,"column":0},"end":{"line":88,"column":1}}},"s":{"0":1,"1":1,"2":1,"3":1,"4":1,"5":1,"6":1,"7":1,"8":1,"9":1,"10":1,"11":0,"12":0,"13":0,"14":0,"15":0,"16":0,"17":0,"18":0,"19":0,"20":0,"21":0,"22":0,"23":0,"24":0,"25":0,"26":0,"27":0,"28":0,"29":0,"30":0,"31":0,"32":0,"33":0,"34":0,"35":0,"36":0,"37":0,"38":0,"39":0,"40":0,"41":0,"42":0,"43":0,"44":0,"45":0,"46":0,"47":0,"48":0,"49":0,"50":0,"51":0,"52":0,"53":0,"54":0,"55":0,"56":0,"57":0,"58":0,"59":0,"60":0,"61":0,"62":0,"63":0,"64":0,"65":0,"66":0,"67":0,"68":0,"69":0,"70":0,"71":0,"72":0,"73":0,"74":0,"75":0,"76":0,"77":0,"78":0,"79":0,"80":0,"81":0,"82":0,"83":0,"84":0,"85":0,"86":0,"87":0},"branchMap":{},"b":{},"fnMap":{"0":{"name":"ConditionalHeader","decl":{"start":{"line":11,"column":15},"end":{"line":88,"column":1}},"loc":{"start":{"line":11,"column":15},"end":{"line":88,"column":1}},"line":11}},"f":{"0":0}}
,"C:\\horizon-labs-code\\project_code\\frontend\\components\\RoleSwitch.jsx": {"path":"C:\\horizon-labs-code\\project_code\\frontend\\components\\RoleSwitch.jsx","all":false,"statementMap":{"0":{"start":{"line":1,"column":0},"end":{"line":1,"column":13}},"1":{"start":{"line":2,"column":0},"end":{"line":2,"column":44}},"2":{"start":{"line":3,"column":0},"end":{"line":3,"column":0}},"3":{"start":{"line":4,"column":0},"end":{"line":4,"column":34}},"4":{"start":{"line":5,"column":0},"end":{"line":5,"column":0}},"5":{"start":{"line":6,"column":0},"end":{"line":6,"column":38}},"6":{"start":{"line":7,"column":0},"end":{"line":7,"column":46}},"7":{"start":{"line":8,"column":0},"end":{"line":8,"column":19}},"8":{"start":{"line":9,"column":0},"end":{"line":9,"column":46}},"9":{"start":{"line":10,"column":0},"end":{"line":10,"column":48}},"10":{"start":{"line":11,"column":0},"end":{"line":11,"column":58}},"11":{"start":{"line":12,"column":0},"end":{"line":12,"column":22}},"12":{"start":{"line":13,"column":0},"end":{"line":13,"column":5}},"13":{"start":{"line":14,"column":0},"end":{"line":14,"column":9}},"14":{"start":{"line":15,"column":0},"end":{"line":15,"column":19}},"15":{"start":{"line":16,"column":0},"end":{"line":16,"column":46}},"16":{"start":{"line":17,"column":0},"end":{"line":17,"column":39}},"17":{"start":{"line":18,"column":0},"end":{"line":18,"column":72}},"18":{"start":{"line":19,"column":0},"end":{"line":19,"column":13}},"19":{"start":{"line":20,"column":0},"end":{"line":20,"column":0}},"20":{"start":{"line":21,"column":0},"end":{"line":21,"column":10}},"21":{"start":{"line":22,"column":0},"end":{"line":22,"column":45}},"22":{"start":{"line":23,"column":0},"end":{"line":23,"column":58}},"23":{"start":{"line":24,"column":0},"end":{"line":24,"column":48}},"24":{"start":{"line":25,"column":0},"end":{"line":25,"column":113}},"25":{"start":{"line":26,"column":0},"end":{"line":26,"column":15}},"26":{"start":{"line":27,"column":0},"end":{"line":27,"column":15}},"27":{"start":{"line":28,"column":0},"end":{"line":28,"column":51}},"28":{"start":{"line":29,"column":0},"end":{"line":29,"column":116}},"29":{"start":{"line":30,"column":0},"end":{"line":30,"column":18}},"30":{"start":{"line":31,"column":0},"end":{"line":31,"column":15}},"31":{"start":{"line":32,"column":0},"end":{"line":32,"column":10}},"32":{"start":{"line":33,"column":0},"end":{"line":33,"column":4}},"33":{"start":{"line":34,"column":0},"end":{"line":34,"column":1}}},"s":{"0":1,"1":1,"2":1,"3":1,"4":1,"5":1,"6":0,"7":0,"8":0,"9":0,"10":0,"11":0,"12":0,"13":0,"14":0,"15":0,"16":0,"17":0,"18":0,"19":0,"20":0,"21":0,"22":0,"23":0,"24":0,"25":0,"26":0,"27":0,"28":0,"29":0,"30":0,"31":0,"32":0,"33":0},"branchMap":{},"b":{},"fnMap":{"0":{"name":"RoleSwitch","decl":{"start":{"line":6,"column":15},"end":{"line":34,"column":1}},"loc":{"start":{"line":6,"column":15},"end":{"line":34,"column":1}},"line":6}},"f":{"0":0}}
}
