TN:
SF:app\Instructor\Assessment\assessment.jsx
FN:19,QuizGenerator2Page
FNF:1
FNH:0
FNDA:0,QuizGenerator2Page
DA:1,1
DA:2,1
DA:3,1
DA:4,1
DA:5,1
DA:6,1
DA:7,1
DA:8,1
DA:9,1
DA:10,1
DA:11,1
DA:12,1
DA:13,1
DA:14,1
DA:15,1
DA:16,1
DA:17,1
DA:18,1
DA:19,1
DA:20,0
DA:21,0
DA:22,0
DA:23,0
DA:24,0
DA:25,0
DA:26,0
DA:27,0
DA:28,0
DA:29,0
DA:30,0
DA:31,0
DA:32,0
DA:33,0
DA:34,0
DA:35,0
DA:36,0
DA:37,0
DA:38,0
DA:39,0
DA:40,0
DA:41,0
DA:42,0
DA:43,0
DA:44,0
DA:45,0
DA:46,0
DA:47,0
DA:48,0
DA:49,0
DA:50,0
DA:51,0
DA:52,0
DA:53,0
DA:54,0
DA:55,0
DA:56,0
DA:57,0
DA:58,0
DA:59,0
DA:60,0
DA:61,0
DA:62,0
DA:63,0
DA:64,0
DA:65,0
DA:66,0
DA:67,0
DA:68,0
DA:69,0
DA:70,0
DA:71,0
DA:72,0
DA:73,0
DA:74,0
DA:75,0
DA:76,0
DA:77,0
DA:78,0
DA:79,0
DA:80,0
DA:81,0
DA:82,0
DA:83,0
DA:84,0
DA:85,0
DA:86,0
DA:87,0
DA:88,0
DA:89,0
DA:90,0
DA:91,0
DA:92,0
DA:93,0
DA:94,0
DA:95,0
DA:96,0
DA:97,0
DA:98,0
DA:99,0
DA:100,0
DA:101,0
DA:102,0
DA:103,0
DA:104,0
DA:105,0
DA:106,0
DA:107,0
DA:108,0
DA:109,0
DA:110,0
DA:111,0
DA:112,0
DA:113,0
DA:114,0
DA:115,0
DA:116,0
DA:117,0
DA:118,0
DA:119,0
DA:120,0
DA:121,0
DA:122,0
DA:123,0
DA:124,0
DA:125,0
DA:126,0
DA:127,0
DA:128,0
DA:129,0
DA:130,0
DA:131,0
DA:132,0
DA:133,0
DA:134,0
DA:135,0
DA:136,0
DA:137,0
DA:138,0
DA:139,0
DA:140,0
DA:141,0
DA:142,0
DA:143,0
DA:144,0
DA:145,0
DA:146,0
DA:147,0
DA:148,0
DA:149,0
DA:150,0
DA:151,0
DA:152,0
DA:153,0
DA:154,0
DA:155,0
DA:156,0
DA:157,0
DA:158,0
DA:159,0
DA:160,0
DA:161,0
DA:162,0
DA:163,0
DA:164,0
DA:165,0
DA:166,0
DA:167,0
DA:168,0
DA:169,0
DA:170,0
DA:171,0
DA:172,0
DA:173,0
DA:174,0
DA:175,0
DA:176,0
DA:177,0
DA:178,0
DA:179,0
DA:180,0
DA:181,0
DA:182,0
DA:183,0
DA:184,0
DA:185,0
DA:186,0
DA:187,0
DA:188,0
DA:189,0
DA:190,0
DA:191,0
DA:192,0
DA:193,0
DA:194,0
DA:195,0
DA:196,0
DA:197,0
DA:198,0
DA:199,0
DA:200,0
DA:201,0
DA:202,0
DA:203,0
DA:204,0
DA:205,0
DA:206,0
DA:207,0
DA:208,0
DA:209,0
DA:210,0
DA:211,0
DA:212,0
DA:213,0
DA:214,0
DA:215,0
DA:216,0
DA:217,0
DA:218,0
DA:219,0
DA:220,0
DA:221,0
DA:222,0
DA:223,0
DA:224,0
DA:225,0
DA:226,0
DA:227,0
DA:228,0
DA:229,0
DA:230,0
DA:231,0
DA:232,0
DA:233,0
DA:234,0
DA:235,0
DA:236,0
DA:237,0
DA:238,0
DA:239,0
DA:240,0
DA:241,0
DA:242,0
DA:243,0
DA:244,0
DA:245,0
DA:246,0
DA:247,0
DA:248,0
DA:249,0
DA:250,0
DA:251,0
DA:252,0
DA:253,0
DA:254,0
DA:255,0
DA:256,0
DA:257,0
DA:258,0
DA:259,0
DA:260,0
DA:261,0
DA:262,0
DA:263,0
DA:264,0
DA:265,0
DA:266,0
DA:267,0
DA:268,0
DA:269,0
DA:270,0
DA:271,0
DA:272,0
DA:273,0
DA:274,0
DA:275,0
DA:276,0
DA:277,0
DA:278,0
DA:279,0
DA:280,0
DA:281,0
DA:282,0
DA:283,0
DA:284,0
DA:285,0
DA:286,0
DA:287,0
DA:288,0
DA:289,0
DA:290,0
DA:291,0
DA:292,0
DA:293,0
DA:294,0
DA:295,0
DA:296,0
DA:297,0
DA:298,0
DA:299,0
DA:300,0
DA:301,0
DA:302,0
DA:303,0
DA:304,0
DA:305,0
DA:306,0
DA:307,0
DA:308,0
DA:309,0
DA:310,0
DA:311,0
DA:312,0
DA:313,0
DA:314,0
DA:315,0
DA:316,0
DA:317,0
DA:318,0
DA:319,0
DA:320,0
DA:321,0
DA:322,0
DA:323,0
DA:324,0
DA:325,0
DA:326,0
DA:327,0
DA:328,0
DA:329,0
DA:330,0
DA:331,0
DA:332,0
DA:333,0
DA:334,0
DA:335,0
DA:336,0
DA:337,0
DA:338,0
DA:339,0
DA:340,0
DA:341,0
DA:342,0
DA:343,0
DA:344,0
DA:345,0
DA:346,0
DA:347,0
DA:348,0
DA:349,0
DA:350,0
DA:351,0
DA:352,0
DA:353,0
DA:354,0
DA:355,0
DA:356,0
DA:357,0
DA:358,0
DA:359,0
DA:360,0
DA:361,0
DA:362,0
DA:363,0
DA:364,0
DA:365,0
DA:366,0
DA:367,0
DA:368,0
DA:369,0
DA:370,0
DA:371,0
DA:372,0
DA:373,0
DA:374,0
DA:375,0
DA:376,0
DA:377,0
DA:378,0
DA:379,0
DA:380,0
DA:381,0
DA:382,0
DA:383,0
DA:384,0
DA:385,0
DA:386,0
DA:387,0
DA:388,0
DA:389,0
DA:390,0
DA:391,0
DA:392,0
DA:393,0
DA:394,0
DA:395,0
DA:396,0
DA:397,0
DA:398,0
DA:399,0
DA:400,0
DA:401,0
DA:402,0
DA:403,0
DA:404,0
DA:405,0
DA:406,0
DA:407,0
DA:408,0
DA:409,0
DA:410,0
DA:411,0
DA:412,0
DA:413,0
DA:414,0
DA:415,0
DA:416,0
DA:417,0
DA:418,0
DA:419,0
DA:420,0
DA:421,0
DA:422,0
DA:423,0
DA:424,0
DA:425,0
DA:426,0
DA:427,0
DA:428,0
DA:429,0
DA:430,0
DA:431,0
DA:432,0
DA:433,0
DA:434,0
DA:435,0
DA:436,0
DA:437,0
DA:438,0
DA:439,0
DA:440,0
DA:441,0
DA:442,0
DA:443,0
DA:444,0
DA:445,0
DA:446,0
DA:447,0
DA:448,0
DA:449,0
DA:450,0
DA:451,0
DA:452,0
DA:453,0
DA:454,0
DA:455,0
DA:456,0
DA:457,0
DA:458,0
DA:459,0
DA:460,0
DA:461,0
DA:462,0
DA:463,0
DA:464,0
DA:465,0
DA:466,0
DA:467,0
DA:468,0
DA:469,0
DA:470,0
DA:471,0
DA:472,0
DA:473,0
DA:474,0
DA:475,0
DA:476,0
DA:477,0
DA:478,0
DA:479,0
DA:480,0
DA:481,0
DA:482,0
DA:483,0
DA:484,0
DA:485,0
DA:486,0
DA:487,0
DA:488,0
DA:489,0
DA:490,0
DA:491,0
DA:492,0
DA:493,0
DA:494,0
DA:495,0
DA:496,0
DA:497,0
DA:498,0
DA:499,0
DA:500,0
DA:501,0
DA:502,0
DA:503,0
DA:504,0
DA:505,0
DA:506,0
DA:507,0
DA:508,0
DA:509,0
DA:510,0
DA:511,0
DA:512,0
DA:513,0
DA:514,0
DA:515,0
DA:516,0
DA:517,0
DA:518,0
DA:519,0
DA:520,0
DA:521,0
DA:522,0
DA:523,0
DA:524,0
DA:525,0
DA:526,0
DA:527,0
DA:528,0
DA:529,0
DA:530,0
DA:531,0
DA:532,0
DA:533,0
DA:534,0
DA:535,0
DA:536,0
DA:537,0
DA:538,0
DA:539,0
DA:540,0
DA:541,0
DA:542,0
DA:543,0
DA:544,0
DA:545,0
DA:546,0
DA:547,0
DA:548,0
DA:549,0
DA:550,0
DA:551,0
DA:552,0
DA:553,0
DA:554,0
DA:555,0
DA:556,0
DA:557,0
DA:558,0
DA:559,0
DA:560,0
DA:561,0
DA:562,0
DA:563,0
DA:564,0
DA:565,0
DA:566,0
DA:567,0
DA:568,0
DA:569,0
DA:570,0
DA:571,0
DA:572,0
DA:573,0
DA:574,0
DA:575,0
DA:576,0
DA:577,0
DA:578,0
DA:579,0
DA:580,0
DA:581,0
DA:582,0
DA:583,0
DA:584,0
DA:585,0
DA:586,0
DA:587,0
DA:588,0
DA:589,0
DA:590,0
DA:591,0
DA:592,0
DA:593,0
DA:594,0
DA:595,0
DA:596,0
DA:597,0
DA:598,0
DA:599,0
DA:600,0
DA:601,0
DA:602,0
DA:603,0
DA:604,0
DA:605,0
DA:606,0
DA:607,0
DA:608,0
DA:609,0
DA:610,0
DA:611,0
DA:612,0
DA:613,0
DA:614,0
DA:615,0
DA:616,0
DA:617,0
DA:618,0
DA:619,0
DA:620,0
DA:621,0
DA:622,0
DA:623,0
DA:624,0
DA:625,0
DA:626,0
DA:627,0
DA:628,0
DA:629,0
DA:630,0
DA:631,0
DA:632,0
DA:633,0
DA:634,0
DA:635,0
DA:636,0
DA:637,0
DA:638,0
DA:639,0
DA:640,0
DA:641,0
DA:642,0
DA:643,0
DA:644,0
DA:645,0
DA:646,0
DA:647,0
DA:648,0
DA:649,0
DA:650,0
DA:651,0
DA:652,0
DA:653,0
DA:654,0
DA:655,0
DA:656,0
DA:657,0
DA:658,0
DA:659,0
DA:660,0
DA:661,0
DA:662,0
DA:663,0
DA:664,0
DA:665,0
DA:666,0
DA:667,0
DA:668,0
DA:669,0
DA:670,0
DA:671,0
DA:672,0
DA:673,0
DA:674,0
DA:675,0
DA:676,0
DA:677,0
DA:678,0
DA:679,0
DA:680,0
DA:681,0
DA:682,0
DA:683,0
DA:684,0
DA:685,0
DA:686,0
DA:687,0
DA:688,0
DA:689,0
DA:690,0
DA:691,0
DA:692,0
DA:693,0
DA:694,0
DA:695,0
DA:696,0
DA:697,0
DA:698,0
DA:699,0
DA:700,0
DA:701,0
DA:702,0
DA:703,0
DA:704,0
DA:705,0
DA:706,0
DA:707,0
DA:708,0
DA:709,0
DA:710,0
DA:711,0
DA:712,0
DA:713,0
DA:714,0
DA:715,0
DA:716,0
DA:717,0
DA:718,0
DA:719,0
DA:720,0
DA:721,0
DA:722,0
DA:723,0
DA:724,0
DA:725,0
DA:726,0
DA:727,0
DA:728,0
DA:729,0
DA:730,0
DA:731,0
DA:732,0
DA:733,0
DA:734,0
DA:735,0
DA:736,0
DA:737,0
DA:738,0
DA:739,0
DA:740,0
DA:741,0
DA:742,0
DA:743,0
DA:744,0
DA:745,0
DA:746,0
DA:747,0
DA:748,0
DA:749,0
DA:750,0
DA:751,0
DA:752,0
DA:753,0
DA:754,0
DA:755,0
DA:756,0
DA:757,0
DA:758,0
DA:759,0
DA:760,0
DA:761,0
DA:762,0
DA:763,0
DA:764,0
DA:765,0
DA:766,0
DA:767,0
DA:768,0
DA:769,0
DA:770,0
DA:771,0
DA:772,0
DA:773,0
DA:774,0
DA:775,0
DA:776,0
DA:777,0
DA:778,0
DA:779,0
DA:780,0
DA:781,0
DA:782,0
DA:783,0
DA:784,0
DA:785,0
DA:786,0
DA:787,0
DA:788,0
DA:789,0
DA:790,0
DA:791,0
DA:792,0
DA:793,0
DA:794,0
DA:795,0
DA:796,0
DA:797,0
DA:798,0
DA:799,0
DA:800,0
DA:801,0
DA:802,0
DA:803,0
DA:804,0
DA:805,0
DA:806,0
LF:806
LH:19
BRF:0
BRH:0
end_of_record
TN:
SF:app\Instructor\Dashboard\dashboard.jsx
FN:20,normaliseUTCDate
FN:22,getDateKey
FN:27,formatDateShort
FN:33,formatDateRangeLabel
FN:41,getStartOfWeek
FN:49,formatPercent
FN:57,getTopicLabel
FN:64,InstructorDashboard
FNF:8
FNH:0
FNDA:0,normaliseUTCDate
FNDA:0,getDateKey
FNDA:0,formatDateShort
FNDA:0,formatDateRangeLabel
FNDA:0,getStartOfWeek
FNDA:0,formatPercent
FNDA:0,getTopicLabel
FNDA:0,InstructorDashboard
DA:1,1
DA:2,1
DA:3,1
DA:4,1
DA:5,1
DA:6,1
DA:7,1
DA:8,1
DA:9,1
DA:10,1
DA:11,1
DA:12,1
DA:13,1
DA:14,1
DA:15,1
DA:16,1
DA:17,1
DA:18,1
DA:19,1
DA:20,1
DA:21,1
DA:22,1
DA:23,0
DA:24,0
DA:25,0
DA:26,1
DA:27,1
DA:28,0
DA:29,0
DA:30,0
DA:31,1
DA:32,1
DA:33,1
DA:34,0
DA:35,0
DA:36,0
DA:37,0
DA:38,0
DA:39,0
DA:40,1
DA:41,1
DA:42,0
DA:43,0
DA:44,0
DA:45,0
DA:46,0
DA:47,1
DA:48,1
DA:49,1
DA:50,0
DA:51,0
DA:52,0
DA:53,0
DA:54,0
DA:55,0
DA:56,1
DA:57,1
DA:58,0
DA:59,0
DA:60,0
DA:61,0
DA:62,0
DA:63,1
DA:64,1
DA:65,0
DA:66,0
DA:67,0
DA:68,0
DA:69,0
DA:70,0
DA:71,0
DA:72,0
DA:73,0
DA:74,0
DA:75,0
DA:76,0
DA:77,0
DA:78,0
DA:79,0
DA:80,0
DA:81,0
DA:82,0
DA:83,0
DA:84,0
DA:85,0
DA:86,0
DA:87,0
DA:88,0
DA:89,0
DA:90,0
DA:91,0
DA:92,0
DA:93,0
DA:94,0
DA:95,0
DA:96,0
DA:97,0
DA:98,0
DA:99,0
DA:100,0
DA:101,0
DA:102,0
DA:103,0
DA:104,0
DA:105,0
DA:106,0
DA:107,0
DA:108,0
DA:109,0
DA:110,0
DA:111,0
DA:112,0
DA:113,0
DA:114,0
DA:115,0
DA:116,0
DA:117,0
DA:118,0
DA:119,0
DA:120,0
DA:121,0
DA:122,0
DA:123,0
DA:124,0
DA:125,0
DA:126,0
DA:127,0
DA:128,0
DA:129,0
DA:130,0
DA:131,0
DA:132,0
DA:133,0
DA:134,0
DA:135,0
DA:136,0
DA:137,0
DA:138,0
DA:139,0
DA:140,0
DA:141,0
DA:142,0
DA:143,0
DA:144,0
DA:145,0
DA:146,0
DA:147,0
DA:148,0
DA:149,0
DA:150,0
DA:151,0
DA:152,0
DA:153,0
DA:154,0
DA:155,0
DA:156,0
DA:157,0
DA:158,0
DA:159,0
DA:160,0
DA:161,0
DA:162,0
DA:163,0
DA:164,0
DA:165,0
DA:166,0
DA:167,0
DA:168,0
DA:169,0
DA:170,0
DA:171,0
DA:172,0
DA:173,0
DA:174,0
DA:175,0
DA:176,0
DA:177,0
DA:178,0
DA:179,0
DA:180,0
DA:181,0
DA:182,0
DA:183,0
DA:184,0
DA:185,0
DA:186,0
DA:187,0
DA:188,0
DA:189,0
DA:190,0
DA:191,0
DA:192,0
DA:193,0
DA:194,0
DA:195,0
DA:196,0
DA:197,0
DA:198,0
DA:199,0
DA:200,0
DA:201,0
DA:202,0
DA:203,0
DA:204,0
DA:205,0
DA:206,0
DA:207,0
DA:208,0
DA:209,0
DA:210,0
DA:211,0
DA:212,0
DA:213,0
DA:214,0
DA:215,0
DA:216,0
DA:217,0
DA:218,0
DA:219,0
DA:220,0
DA:221,0
DA:222,0
DA:223,0
DA:224,0
DA:225,0
DA:226,0
DA:227,0
DA:228,0
DA:229,0
DA:230,0
DA:231,0
DA:232,0
DA:233,0
DA:234,0
DA:235,0
DA:236,0
DA:237,0
DA:238,0
DA:239,0
DA:240,0
DA:241,0
DA:242,0
DA:243,0
DA:244,0
DA:245,0
DA:246,0
DA:247,0
DA:248,0
DA:249,0
DA:250,0
DA:251,0
DA:252,0
DA:253,0
DA:254,0
DA:255,0
DA:256,0
DA:257,0
DA:258,0
DA:259,0
DA:260,0
DA:261,0
DA:262,0
DA:263,0
DA:264,0
DA:265,0
DA:266,0
DA:267,0
DA:268,0
DA:269,0
DA:270,0
DA:271,0
DA:272,0
DA:273,0
DA:274,0
DA:275,0
DA:276,0
DA:277,0
DA:278,0
DA:279,0
DA:280,0
DA:281,0
DA:282,0
DA:283,0
DA:284,0
DA:285,0
DA:286,0
DA:287,0
DA:288,0
DA:289,0
DA:290,0
DA:291,0
DA:292,0
DA:293,0
DA:294,0
DA:295,0
DA:296,0
DA:297,0
DA:298,0
DA:299,0
DA:300,0
DA:301,0
DA:302,0
DA:303,0
DA:304,0
DA:305,0
DA:306,0
DA:307,0
DA:308,0
DA:309,0
DA:310,0
DA:311,0
DA:312,0
DA:313,0
DA:314,0
DA:315,0
DA:316,0
DA:317,0
DA:318,0
DA:319,0
DA:320,0
DA:321,0
DA:322,0
DA:323,0
DA:324,0
DA:325,0
DA:326,0
DA:327,0
DA:328,0
DA:329,0
DA:330,0
DA:331,0
DA:332,0
DA:333,0
DA:334,0
DA:335,0
DA:336,0
DA:337,0
DA:338,0
DA:339,0
DA:340,0
DA:341,0
DA:342,0
DA:343,0
DA:344,0
DA:345,0
DA:346,0
DA:347,0
DA:348,0
DA:349,0
DA:350,0
DA:351,0
DA:352,0
DA:353,0
DA:354,0
DA:355,0
DA:356,0
DA:357,0
DA:358,0
DA:359,0
DA:360,0
DA:361,0
DA:362,0
DA:363,0
DA:364,0
DA:365,0
DA:366,0
DA:367,0
DA:368,0
DA:369,0
DA:370,0
DA:371,0
DA:372,0
DA:373,0
DA:374,0
DA:375,0
DA:376,0
DA:377,0
DA:378,0
DA:379,0
DA:380,0
DA:381,0
DA:382,0
DA:383,0
DA:384,0
DA:385,0
DA:386,0
DA:387,0
DA:388,0
DA:389,0
DA:390,0
DA:391,0
DA:392,0
DA:393,0
DA:394,0
DA:395,0
DA:396,0
DA:397,0
DA:398,0
DA:399,0
DA:400,0
DA:401,0
DA:402,0
DA:403,0
DA:404,0
DA:405,0
DA:406,0
DA:407,0
DA:408,0
DA:409,0
DA:410,0
DA:411,0
DA:412,0
DA:413,0
DA:414,0
DA:415,0
DA:416,0
DA:417,0
DA:418,0
DA:419,0
DA:420,0
DA:421,0
DA:422,0
DA:423,0
DA:424,0
DA:425,0
DA:426,0
DA:427,0
DA:428,0
DA:429,0
DA:430,0
DA:431,0
DA:432,0
DA:433,0
DA:434,0
DA:435,0
DA:436,0
DA:437,0
DA:438,0
DA:439,0
DA:440,0
DA:441,0
DA:442,0
DA:443,0
DA:444,0
DA:445,0
DA:446,0
DA:447,0
DA:448,0
DA:449,0
DA:450,0
DA:451,0
DA:452,0
DA:453,0
DA:454,0
DA:455,0
DA:456,0
DA:457,0
DA:458,0
DA:459,0
DA:460,0
DA:461,0
DA:462,0
DA:463,0
DA:464,0
DA:465,0
DA:466,0
DA:467,0
DA:468,0
DA:469,0
DA:470,0
DA:471,0
DA:472,0
DA:473,0
DA:474,0
DA:475,0
DA:476,0
DA:477,0
DA:478,0
DA:479,0
DA:480,0
DA:481,0
DA:482,0
DA:483,0
DA:484,0
DA:485,0
DA:486,0
DA:487,0
DA:488,0
DA:489,0
DA:490,0
DA:491,0
DA:492,0
DA:493,0
DA:494,0
DA:495,0
DA:496,0
DA:497,0
DA:498,0
DA:499,0
DA:500,0
DA:501,0
DA:502,0
DA:503,0
DA:504,0
DA:505,0
DA:506,0
DA:507,0
DA:508,0
DA:509,0
DA:510,0
DA:511,0
DA:512,0
DA:513,0
DA:514,0
DA:515,0
DA:516,0
DA:517,0
DA:518,0
DA:519,0
DA:520,0
DA:521,0
DA:522,0
DA:523,0
DA:524,0
DA:525,0
DA:526,0
DA:527,0
DA:528,0
DA:529,0
DA:530,0
DA:531,0
DA:532,0
DA:533,0
DA:534,0
DA:535,0
DA:536,0
DA:537,0
DA:538,0
DA:539,0
DA:540,0
DA:541,0
DA:542,0
DA:543,0
DA:544,0
DA:545,0
DA:546,0
DA:547,0
DA:548,0
DA:549,0
DA:550,0
DA:551,0
DA:552,0
DA:553,0
DA:554,0
DA:555,0
DA:556,0
DA:557,0
DA:558,0
DA:559,0
DA:560,0
DA:561,0
DA:562,0
DA:563,0
DA:564,0
DA:565,0
DA:566,0
DA:567,0
DA:568,0
DA:569,0
DA:570,0
DA:571,0
DA:572,0
DA:573,0
DA:574,0
DA:575,0
DA:576,0
DA:577,0
DA:578,0
DA:579,0
DA:580,0
DA:581,0
DA:582,0
DA:583,0
DA:584,0
DA:585,0
DA:586,0
DA:587,0
DA:588,0
DA:589,0
DA:590,0
DA:591,0
DA:592,0
DA:593,0
DA:594,0
DA:595,0
DA:596,0
DA:597,0
DA:598,0
DA:599,0
DA:600,0
DA:601,0
DA:602,0
DA:603,0
DA:604,0
DA:605,0
DA:606,0
DA:607,0
DA:608,0
DA:609,0
DA:610,0
DA:611,0
DA:612,0
DA:613,0
DA:614,0
DA:615,0
DA:616,0
DA:617,0
DA:618,0
DA:619,0
DA:620,0
DA:621,0
DA:622,0
DA:623,0
DA:624,0
DA:625,0
DA:626,0
DA:627,0
DA:628,0
DA:629,0
DA:630,0
DA:631,0
DA:632,0
DA:633,0
DA:634,0
DA:635,0
DA:636,0
DA:637,0
DA:638,0
DA:639,0
DA:640,0
DA:641,0
DA:642,0
DA:643,0
DA:644,0
DA:645,0
DA:646,0
DA:647,0
DA:648,0
DA:649,0
DA:650,0
DA:651,0
DA:652,0
DA:653,0
DA:654,0
DA:655,0
DA:656,0
DA:657,0
DA:658,0
DA:659,0
DA:660,0
DA:661,0
DA:662,0
DA:663,0
DA:664,0
DA:665,0
DA:666,0
DA:667,0
DA:668,0
DA:669,0
DA:670,0
DA:671,0
DA:672,0
DA:673,0
DA:674,0
DA:675,0
DA:676,0
DA:677,0
DA:678,0
DA:679,0
DA:680,0
DA:681,0
DA:682,0
DA:683,0
DA:684,0
DA:685,0
DA:686,0
DA:687,0
DA:688,0
DA:689,0
DA:690,0
DA:691,0
DA:692,0
DA:693,0
DA:694,0
DA:695,0
DA:696,0
DA:697,0
DA:698,0
DA:699,0
DA:700,0
DA:701,0
DA:702,0
DA:703,0
DA:704,0
DA:705,0
DA:706,0
DA:707,0
DA:708,0
DA:709,0
DA:710,0
DA:711,0
DA:712,0
DA:713,0
DA:714,0
DA:715,0
DA:716,0
DA:717,0
DA:718,0
DA:719,0
DA:720,0
DA:721,0
DA:722,0
DA:723,0
DA:724,0
DA:725,0
DA:726,0
DA:727,0
DA:728,0
DA:729,0
DA:730,0
DA:731,0
DA:732,0
DA:733,0
DA:734,0
DA:735,0
DA:736,0
DA:737,0
DA:738,0
DA:739,0
DA:740,0
DA:741,0
DA:742,0
DA:743,0
DA:744,0
DA:745,0
DA:746,0
DA:747,0
DA:748,0
DA:749,0
DA:750,0
DA:751,0
DA:752,0
DA:753,0
DA:754,0
DA:755,0
DA:756,0
DA:757,0
DA:758,0
DA:759,0
DA:760,0
DA:761,0
DA:762,0
DA:763,0
DA:764,0
LF:764
LH:36
BRF:0
BRH:0
end_of_record
TN:
SF:app\Instructor\Policy\policy.jsx
FN:12,PolicyPage
FNF:1
FNH:0
FNDA:0,PolicyPage
DA:1,1
DA:2,1
DA:3,1
DA:4,1
DA:5,1
DA:6,1
DA:7,1
DA:8,1
DA:9,1
DA:10,1
DA:11,1
DA:12,1
DA:13,0
DA:14,0
DA:15,0
DA:16,0
DA:17,0
DA:18,0
DA:19,0
DA:20,0
DA:21,0
DA:22,0
DA:23,0
DA:24,0
DA:25,0
DA:26,0
DA:27,0
DA:28,0
DA:29,0
DA:30,0
DA:31,0
DA:32,0
DA:33,0
DA:34,0
DA:35,0
DA:36,0
DA:37,0
DA:38,0
DA:39,0
DA:40,0
DA:41,0
DA:42,0
DA:43,0
DA:44,0
DA:45,0
DA:46,0
DA:47,0
DA:48,0
DA:49,0
DA:50,0
DA:51,0
DA:52,0
DA:53,0
DA:54,0
DA:55,0
DA:56,0
DA:57,0
DA:58,0
DA:59,0
DA:60,0
DA:61,0
DA:62,0
DA:63,0
DA:64,0
DA:65,0
DA:66,0
DA:67,0
DA:68,0
DA:69,0
DA:70,0
DA:71,0
DA:72,0
DA:73,0
DA:74,0
DA:75,0
DA:76,0
DA:77,0
DA:78,0
DA:79,0
DA:80,0
DA:81,0
DA:82,0
DA:83,0
DA:84,0
DA:85,0
DA:86,0
DA:87,0
DA:88,0
DA:89,0
DA:90,0
DA:91,0
DA:92,0
DA:93,0
DA:94,0
DA:95,0
DA:96,0
DA:97,0
DA:98,0
DA:99,0
DA:100,0
DA:101,0
DA:102,0
DA:103,0
DA:104,0
DA:105,0
DA:106,0
DA:107,0
DA:108,0
DA:109,0
DA:110,0
DA:111,0
DA:112,0
DA:113,0
DA:114,0
DA:115,0
DA:116,0
DA:117,0
DA:118,0
DA:119,0
DA:120,0
DA:121,0
DA:122,0
DA:123,0
DA:124,0
DA:125,0
DA:126,0
DA:127,0
DA:128,0
DA:129,0
DA:130,0
DA:131,0
DA:132,0
DA:133,0
DA:134,0
DA:135,0
DA:136,0
DA:137,0
DA:138,0
DA:139,0
DA:140,0
DA:141,0
DA:142,0
DA:143,0
DA:144,0
DA:145,0
DA:146,0
DA:147,0
DA:148,0
DA:149,0
DA:150,0
DA:151,0
DA:152,0
DA:153,0
DA:154,0
DA:155,0
DA:156,0
DA:157,0
DA:158,0
DA:159,0
DA:160,0
DA:161,0
DA:162,0
DA:163,0
DA:164,0
DA:165,0
DA:166,0
DA:167,0
DA:168,0
DA:169,0
DA:170,0
DA:171,0
DA:172,0
DA:173,0
DA:174,0
DA:175,0
DA:176,0
DA:177,0
DA:178,0
DA:179,0
DA:180,0
DA:181,0
DA:182,0
DA:183,0
DA:184,0
DA:185,0
DA:186,0
DA:187,0
DA:188,0
DA:189,0
DA:190,0
DA:191,0
DA:192,0
DA:193,0
DA:194,0
DA:195,0
DA:196,0
DA:197,0
DA:198,0
DA:199,0
DA:200,0
DA:201,0
DA:202,0
DA:203,0
DA:204,0
DA:205,0
DA:206,0
DA:207,0
DA:208,0
DA:209,0
DA:210,0
DA:211,0
DA:212,0
DA:213,0
DA:214,0
DA:215,0
DA:216,0
DA:217,0
DA:218,0
DA:219,0
DA:220,0
DA:221,0
DA:222,0
DA:223,0
DA:224,0
DA:225,0
DA:226,0
DA:227,0
DA:228,0
DA:229,0
DA:230,0
DA:231,0
DA:232,0
DA:233,0
DA:234,0
DA:235,0
DA:236,0
DA:237,0
DA:238,0
DA:239,0
DA:240,0
DA:241,0
DA:242,0
DA:243,0
DA:244,0
DA:245,0
DA:246,0
DA:247,0
DA:248,0
DA:249,0
DA:250,0
DA:251,0
DA:252,0
DA:253,0
DA:254,0
DA:255,0
DA:256,0
DA:257,0
DA:258,0
DA:259,0
DA:260,0
DA:261,0
DA:262,0
DA:263,0
DA:264,0
DA:265,0
DA:266,0
DA:267,0
DA:268,0
DA:269,0
DA:270,0
DA:271,0
DA:272,0
DA:273,0
DA:274,0
DA:275,0
DA:276,0
DA:277,0
DA:278,0
DA:279,0
DA:280,0
DA:281,0
DA:282,0
DA:283,0
DA:284,0
DA:285,0
DA:286,0
DA:287,0
DA:288,0
DA:289,0
DA:290,0
DA:291,0
DA:292,0
DA:293,0
DA:294,0
DA:295,0
DA:296,0
DA:297,0
DA:298,0
DA:299,0
DA:300,0
DA:301,0
DA:302,0
DA:303,0
DA:304,0
DA:305,0
DA:306,0
DA:307,0
DA:308,0
DA:309,0
DA:310,0
DA:311,0
DA:312,0
DA:313,0
DA:314,0
DA:315,0
DA:316,0
DA:317,0
DA:318,0
DA:319,0
DA:320,0
DA:321,0
DA:322,0
DA:323,0
DA:324,0
DA:325,0
DA:326,0
DA:327,0
DA:328,0
DA:329,0
DA:330,0
DA:331,0
DA:332,0
DA:333,0
DA:334,0
DA:335,0
DA:336,0
DA:337,0
DA:338,0
DA:339,0
DA:340,0
DA:341,0
DA:342,0
DA:343,0
DA:344,0
DA:345,0
DA:346,0
DA:347,0
DA:348,0
DA:349,0
DA:350,0
DA:351,0
DA:352,0
DA:353,0
DA:354,0
DA:355,0
DA:356,0
DA:357,0
DA:358,0
DA:359,0
DA:360,0
DA:361,0
DA:362,0
DA:363,0
DA:364,0
DA:365,0
DA:366,0
DA:367,0
DA:368,0
DA:369,0
DA:370,0
DA:371,0
DA:372,0
DA:373,0
DA:374,0
DA:375,0
DA:376,0
DA:377,0
DA:378,0
DA:379,0
DA:380,0
DA:381,0
DA:382,0
DA:383,0
DA:384,0
DA:385,0
DA:386,0
DA:387,0
DA:388,0
DA:389,0
DA:390,0
DA:391,0
DA:392,0
DA:393,0
DA:394,0
DA:395,0
DA:396,0
DA:397,0
DA:398,0
DA:399,0
DA:400,0
DA:401,0
DA:402,0
DA:403,0
DA:404,0
DA:405,0
DA:406,0
DA:407,0
DA:408,0
DA:409,0
DA:410,0
DA:411,0
DA:412,0
DA:413,0
DA:414,0
DA:415,0
DA:416,0
DA:417,0
DA:418,0
DA:419,0
DA:420,0
DA:421,0
DA:422,0
DA:423,0
DA:424,0
DA:425,0
DA:426,0
DA:427,0
DA:428,0
DA:429,0
DA:430,0
DA:431,0
DA:432,0
DA:433,0
DA:434,0
DA:435,0
DA:436,0
DA:437,0
DA:438,0
DA:439,0
DA:440,0
DA:441,0
DA:442,0
DA:443,0
DA:444,0
DA:445,0
DA:446,0
DA:447,0
DA:448,0
DA:449,0
DA:450,0
DA:451,0
DA:452,0
DA:453,0
DA:454,0
DA:455,0
DA:456,0
DA:457,0
DA:458,0
DA:459,0
DA:460,0
DA:461,0
DA:462,0
DA:463,0
DA:464,0
DA:465,0
DA:466,0
DA:467,0
DA:468,0
DA:469,0
DA:470,0
DA:471,0
DA:472,0
DA:473,0
DA:474,0
DA:475,0
DA:476,0
DA:477,0
DA:478,0
DA:479,0
DA:480,0
DA:481,0
DA:482,0
DA:483,0
DA:484,0
DA:485,0
DA:486,0
DA:487,0
DA:488,0
DA:489,0
DA:490,0
DA:491,0
DA:492,0
DA:493,0
DA:494,0
DA:495,0
DA:496,0
DA:497,0
DA:498,0
DA:499,0
DA:500,0
DA:501,0
DA:502,0
DA:503,0
DA:504,0
DA:505,0
DA:506,0
DA:507,0
DA:508,0
DA:509,0
DA:510,0
DA:511,0
DA:512,0
DA:513,0
DA:514,0
DA:515,0
DA:516,0
DA:517,0
DA:518,0
DA:519,0
DA:520,0
DA:521,0
DA:522,0
DA:523,0
DA:524,0
DA:525,0
DA:526,0
DA:527,0
DA:528,0
DA:529,0
DA:530,0
DA:531,0
DA:532,0
DA:533,0
DA:534,0
DA:535,0
DA:536,0
DA:537,0
DA:538,0
DA:539,0
DA:540,0
DA:541,0
DA:542,0
DA:543,0
DA:544,0
DA:545,0
DA:546,0
DA:547,0
DA:548,0
DA:549,0
DA:550,0
DA:551,0
DA:552,0
DA:553,0
DA:554,0
DA:555,0
DA:556,0
DA:557,0
DA:558,0
DA:559,0
DA:560,0
DA:561,0
DA:562,0
DA:563,0
DA:564,0
DA:565,0
DA:566,0
DA:567,0
DA:568,0
DA:569,0
DA:570,0
DA:571,0
DA:572,0
DA:573,0
DA:574,0
DA:575,0
DA:576,0
DA:577,0
DA:578,0
DA:579,0
DA:580,0
DA:581,0
DA:582,0
DA:583,0
DA:584,0
DA:585,0
DA:586,0
DA:587,0
DA:588,0
DA:589,0
DA:590,0
DA:591,0
DA:592,0
DA:593,0
DA:594,0
DA:595,0
DA:596,0
DA:597,0
DA:598,0
DA:599,0
DA:600,0
DA:601,0
DA:602,0
DA:603,0
DA:604,0
DA:605,0
DA:606,0
DA:607,0
DA:608,0
DA:609,0
DA:610,0
DA:611,0
DA:612,0
DA:613,0
DA:614,0
DA:615,0
DA:616,0
DA:617,0
DA:618,0
DA:619,0
DA:620,0
DA:621,0
DA:622,0
DA:623,0
DA:624,0
DA:625,0
DA:626,0
DA:627,0
DA:628,0
DA:629,0
DA:630,0
DA:631,0
DA:632,0
DA:633,0
DA:634,0
DA:635,0
DA:636,0
DA:637,0
DA:638,0
DA:639,0
DA:640,0
DA:641,0
DA:642,0
DA:643,0
DA:644,0
DA:645,0
DA:646,0
DA:647,0
DA:648,0
DA:649,0
DA:650,0
DA:651,0
DA:652,0
DA:653,0
DA:654,0
DA:655,0
DA:656,0
DA:657,0
DA:658,0
DA:659,0
DA:660,0
DA:661,0
DA:662,0
DA:663,0
DA:664,0
DA:665,0
DA:666,0
DA:667,0
DA:668,0
DA:669,0
DA:670,0
DA:671,0
DA:672,0
DA:673,0
DA:674,0
DA:675,0
DA:676,0
DA:677,0
DA:678,0
DA:679,0
DA:680,0
DA:681,0
DA:682,0
DA:683,0
DA:684,0
DA:685,0
DA:686,0
DA:687,0
DA:688,0
DA:689,0
DA:690,0
DA:691,0
DA:692,0
DA:693,0
DA:694,0
DA:695,0
DA:696,0
DA:697,0
DA:698,0
DA:699,0
DA:700,0
DA:701,0
DA:702,0
DA:703,0
DA:704,0
DA:705,0
DA:706,0
DA:707,0
DA:708,0
DA:709,0
DA:710,0
DA:711,0
DA:712,0
DA:713,0
DA:714,0
DA:715,0
DA:716,0
DA:717,0
DA:718,0
DA:719,0
DA:720,0
DA:721,0
DA:722,0
DA:723,0
DA:724,0
DA:725,0
DA:726,0
DA:727,0
DA:728,0
DA:729,0
DA:730,0
DA:731,0
DA:732,0
DA:733,0
DA:734,0
DA:735,0
DA:736,0
DA:737,0
DA:738,0
DA:739,0
DA:740,0
DA:741,0
DA:742,0
DA:743,0
DA:744,0
DA:745,0
DA:746,0
DA:747,0
DA:748,0
DA:749,0
DA:750,0
DA:751,0
DA:752,0
DA:753,0
DA:754,0
DA:755,0
DA:756,0
DA:757,0
DA:758,0
DA:759,0
DA:760,0
DA:761,0
DA:762,0
DA:763,0
DA:764,0
DA:765,0
DA:766,0
DA:767,0
DA:768,0
DA:769,0
DA:770,0
DA:771,0
DA:772,0
DA:773,0
DA:774,0
DA:775,0
DA:776,0
DA:777,0
DA:778,0
DA:779,0
DA:780,0
DA:781,0
DA:782,0
DA:783,0
DA:784,0
DA:785,0
DA:786,0
DA:787,0
DA:788,0
DA:789,0
DA:790,0
DA:791,0
DA:792,0
DA:793,0
DA:794,0
DA:795,0
DA:796,0
DA:797,0
DA:798,0
DA:799,0
DA:800,0
DA:801,0
DA:802,0
DA:803,0
DA:804,0
DA:805,0
DA:806,0
DA:807,0
DA:808,0
DA:809,0
DA:810,0
DA:811,0
DA:812,0
DA:813,0
DA:814,0
DA:815,0
DA:816,0
DA:817,0
DA:818,0
DA:819,0
DA:820,0
DA:821,0
DA:822,0
DA:823,0
DA:824,0
DA:825,0
DA:826,0
DA:827,0
DA:828,0
DA:829,0
LF:829
LH:12
BRF:0
BRH:0
end_of_record
TN:
SF:app\Instructor\Policy\Test\test.jsx
FN:12,PolicyTestPage
FNF:1
FNH:0
FNDA:0,PolicyTestPage
DA:1,1
DA:2,1
DA:3,1
DA:4,1
DA:5,1
DA:6,1
DA:7,1
DA:8,1
DA:9,1
DA:10,1
DA:11,1
DA:12,1
DA:13,0
DA:14,0
DA:15,0
DA:16,0
DA:17,0
DA:18,0
DA:19,0
DA:20,0
DA:21,0
DA:22,0
DA:23,0
DA:24,0
DA:25,0
DA:26,0
DA:27,0
DA:28,0
DA:29,0
DA:30,0
DA:31,0
DA:32,0
DA:33,0
DA:34,0
DA:35,0
DA:36,0
DA:37,0
DA:38,0
DA:39,0
DA:40,0
DA:41,0
DA:42,0
DA:43,0
DA:44,0
DA:45,0
DA:46,0
DA:47,0
DA:48,0
DA:49,0
DA:50,0
DA:51,0
DA:52,0
DA:53,0
DA:54,0
DA:55,0
DA:56,0
DA:57,0
DA:58,0
DA:59,0
DA:60,0
DA:61,0
DA:62,0
DA:63,0
DA:64,0
DA:65,0
DA:66,0
DA:67,0
DA:68,0
DA:69,0
DA:70,0
DA:71,0
DA:72,0
DA:73,0
DA:74,0
DA:75,0
DA:76,0
DA:77,0
DA:78,0
DA:79,0
DA:80,0
DA:81,0
DA:82,0
DA:83,0
DA:84,0
DA:85,0
DA:86,0
DA:87,0
DA:88,0
DA:89,0
DA:90,0
DA:91,0
DA:92,0
DA:93,0
DA:94,0
DA:95,0
DA:96,0
DA:97,0
DA:98,0
DA:99,0
DA:100,0
DA:101,0
DA:102,0
DA:103,0
DA:104,0
DA:105,0
DA:106,0
DA:107,0
DA:108,0
DA:109,0
DA:110,0
DA:111,0
DA:112,0
DA:113,0
DA:114,0
DA:115,0
DA:116,0
DA:117,0
DA:118,0
DA:119,0
DA:120,0
DA:121,0
DA:122,0
DA:123,0
DA:124,0
DA:125,0
DA:126,0
DA:127,0
DA:128,0
DA:129,0
DA:130,0
DA:131,0
DA:132,0
DA:133,0
DA:134,0
DA:135,0
DA:136,0
DA:137,0
DA:138,0
DA:139,0
DA:140,0
LF:140
LH:12
BRF:0
BRH:0
end_of_record
TN:
SF:app\Instructor\Practice\practice.jsx
FN:19,PracticePage
FN:65,finishHydration
FN:158,persistPreviewState
FN:170,handleTopicInputChange
FN:174,handleAddTopic
FN:184,handleRemoveTopic
FN:188,deleteDocumentFromIndex
FN:199,deleteQuizDefinition
FN:210,showSaveSuccess
FN:220,handlePreviewQuiz
FN:252,handlePublishQuiz
FN:256,saveQuizRecord
FN:326,handleSaveQuiz
FN:330,handleDeleteQuiz
FN:338,confirmDeleteQuiz
FN:354,cancelDeleteQuiz
FN:358,handleBackToQuizList
FN:362,handleLeaveWithoutSaving
FN:372,handleSaveAndExit
FN:380,handleStayOnPage
FN:433,onChange
FN:448,onChange
FN:482,onKeyDown
FN:518,onClick
FNF:24
FNH:15
FNDA:88,PracticePage
FNDA:51,finishHydration
FNDA:1,persistPreviewState
FNDA:0,handleTopicInputChange
FNDA:0,handleAddTopic
FNDA:0,handleRemoveTopic
FNDA:1,deleteDocumentFromIndex
FNDA:0,deleteQuizDefinition
FNDA:10,showSaveSuccess
FNDA:2,handlePreviewQuiz
FNDA:2,handlePublishQuiz
FNDA:12,saveQuizRecord
FNDA:8,handleSaveQuiz
FNDA:0,handleDeleteQuiz
FNDA:0,confirmDeleteQuiz
FNDA:0,cancelDeleteQuiz
FNDA:5,handleBackToQuizList
FNDA:1,handleLeaveWithoutSaving
FNDA:1,handleSaveAndExit
FNDA:1,handleStayOnPage
FNDA:14,onChange
FNDA:1,onChange
FNDA:0,onKeyDown
FNDA:0,onClick
DA:1,1
DA:2,1
DA:3,1
DA:4,1
DA:5,1
DA:6,1
DA:7,1
DA:8,1
DA:9,1
DA:10,1
DA:11,1
DA:12,1
DA:13,1
DA:14,1
DA:15,1
DA:16,1
DA:17,1
DA:18,1
DA:19,1
DA:20,88
DA:21,88
DA:22,88
DA:23,88
DA:24,88
DA:25,88
DA:26,88
DA:27,88
DA:28,88
DA:29,88
DA:30,88
DA:31,88
DA:32,88
DA:33,88
DA:34,88
DA:35,88
DA:36,88
DA:37,88
DA:38,88
DA:39,8
DA:40,8
DA:41,8
DA:42,8
DA:43,8
DA:44,0
DA:45,0
DA:46,8
DA:47,8
DA:48,8
DA:49,0
DA:50,8
DA:51,8
DA:52,8
DA:53,8
DA:54,8
DA:55,8
DA:56,8
DA:57,8
DA:58,8
DA:59,8
DA:60,0
DA:61,0
DA:62,88
DA:63,88
DA:64,88
DA:65,51
DA:66,51
DA:67,51
DA:68,51
DA:69,51
DA:70,0
DA:71,0
DA:72,0
DA:73,51
DA:74,51
DA:75,48
DA:76,48
DA:77,48
DA:78,3
DA:79,51
DA:80,1
DA:81,1
DA:82,1
DA:83,51
DA:84,51
DA:85,51
DA:86,51
DA:87,51
DA:88,51
DA:89,51
DA:90,51
DA:91,51
DA:92,0
DA:93,51
DA:94,1
DA:95,1
DA:96,51
DA:97,1
DA:98,1
DA:99,1
DA:100,2
DA:101,88
DA:102,88
DA:103,88
DA:104,51
DA:105,51
DA:106,10
DA:107,10
DA:108,51
DA:109,88
DA:110,88
DA:111,88
DA:112,51
DA:113,51
DA:114,51
DA:115,51
DA:116,1
DA:117,51
DA:118,1
DA:119,1
DA:120,51
DA:121,1
DA:122,1
DA:123,51
DA:124,0
DA:125,0
DA:126,51
DA:127,0
DA:128,0
DA:129,88
DA:130,88
DA:131,88
DA:132,81
DA:133,3
DA:134,81
DA:135,3
DA:136,3
DA:137,3
DA:138,3
DA:139,3
DA:140,3
DA:141,3
DA:142,3
DA:143,3
DA:144,3
DA:145,3
DA:146,3
DA:147,81
DA:148,0
DA:149,0
DA:150,88
DA:151,88
DA:152,88
DA:153,59
DA:154,59
DA:155,8
DA:156,88
DA:157,88
DA:158,88
DA:159,1
DA:160,1
DA:161,1
DA:162,1
DA:163,1
DA:164,1
DA:165,1
DA:166,0
DA:167,0
DA:168,88
DA:169,88
DA:170,88
DA:171,0
DA:172,88
DA:173,88
DA:174,88
DA:175,0
DA:176,0
DA:177,0
DA:178,0
DA:179,0
DA:180,0
DA:181,0
DA:182,88
DA:183,88
DA:184,88
DA:185,0
DA:186,88
DA:187,88
DA:188,88
DA:189,1
DA:190,0
DA:191,0
DA:192,0
DA:193,0
DA:194,0
DA:195,0
DA:196,0
DA:197,88
DA:198,88
DA:199,88
DA:200,0
DA:201,0
DA:202,0
DA:203,0
DA:204,0
DA:205,0
DA:206,0
DA:207,0
DA:208,88
DA:209,88
DA:210,88
DA:211,10
DA:212,10
DA:213,0
DA:214,0
DA:215,10
DA:216,0
DA:217,10
DA:218,88
DA:219,88
DA:220,88
DA:221,2
DA:222,2
DA:223,1
DA:224,1
DA:225,1
DA:226,1
DA:227,2
DA:228,2
DA:229,2
DA:230,2
DA:231,0
DA:232,0
DA:233,0
DA:234,1
DA:235,1
DA:236,1
DA:237,1
DA:238,1
DA:239,1
DA:240,1
DA:241,1
DA:242,1
DA:243,1
DA:244,1
DA:245,1
DA:246,1
DA:247,2
DA:248,0
DA:249,0
DA:250,88
DA:251,88
DA:252,88
DA:253,2
DA:254,88
DA:255,88
DA:256,88
DA:257,12
DA:258,12
DA:259,0
DA:260,0
DA:261,0
DA:262,12
DA:263,12
DA:264,12
DA:265,12
DA:266,12
DA:267,12
DA:268,12
DA:269,12
DA:270,12
DA:271,12
DA:272,12
DA:273,12
DA:274,12
DA:275,36
DA:276,36
DA:277,24
DA:278,12
DA:279,12
DA:280,12
DA:281,12
DA:282,12
DA:283,12
DA:284,12
DA:285,12
DA:286,12
DA:287,12
DA:288,12
DA:289,12
DA:290,12
DA:291,12
DA:292,12
DA:293,12
DA:294,12
DA:295,12
DA:296,12
DA:297,12
DA:298,12
DA:299,12
DA:300,12
DA:301,12
DA:302,12
DA:303,12
DA:304,12
DA:305,1
DA:306,1
DA:307,1
DA:308,10
DA:309,10
DA:310,10
DA:311,10
DA:312,10
DA:313,2
DA:314,2
DA:315,0
DA:316,12
DA:317,12
DA:318,12
DA:319,12
DA:320,2
DA:321,2
DA:322,2
DA:323,2
DA:324,88
DA:325,88
DA:326,88
DA:327,8
DA:328,88
DA:329,88
DA:330,88
DA:331,0
DA:332,0
DA:333,0
DA:334,0
DA:335,0
DA:336,88
DA:337,88
DA:338,88
DA:339,0
DA:340,0
DA:341,0
DA:342,0
DA:343,0
DA:344,0
DA:345,0
DA:346,0
DA:347,0
DA:348,0
DA:349,0
DA:350,0
DA:351,0
DA:352,88
DA:353,88
DA:354,88
DA:355,0
DA:356,88
DA:357,88
DA:358,88
DA:359,5
DA:360,88
DA:361,88
DA:362,88
DA:363,1
DA:364,1
DA:365,1
DA:366,1
DA:367,1
DA:368,1
DA:369,0
DA:370,88
DA:371,88
DA:372,88
DA:373,1
DA:374,1
DA:375,1
DA:376,1
DA:377,1
DA:378,88
DA:379,88
DA:380,88
DA:381,1
DA:382,88
DA:383,88
DA:384,88
DA:385,88
DA:386,88
DA:387,88
DA:388,88
DA:389,88
DA:390,88
DA:391,88
DA:392,88
DA:393,88
DA:394,88
DA:395,88
DA:396,88
DA:397,88
DA:398,88
DA:399,88
DA:400,88
DA:401,88
DA:402,88
DA:403,88
DA:404,88
DA:405,88
DA:406,88
DA:407,88
DA:408,88
DA:409,1
DA:410,87
DA:411,88
DA:412,88
DA:413,88
DA:414,88
DA:415,88
DA:416,88
DA:417,88
DA:418,88
DA:419,88
DA:420,88
DA:421,88
DA:422,88
DA:423,88
DA:424,88
DA:425,88
DA:426,88
DA:427,88
DA:428,88
DA:429,88
DA:430,88
DA:431,88
DA:432,88
DA:433,88
DA:434,88
DA:435,88
DA:436,88
DA:437,88
DA:438,88
DA:439,88
DA:440,88
DA:441,88
DA:442,88
DA:443,88
DA:444,88
DA:445,88
DA:446,88
DA:447,88
DA:448,88
DA:449,88
DA:450,88
DA:451,88
DA:452,88
DA:453,88
DA:454,88
DA:455,88
DA:456,88
DA:457,88
DA:458,88
DA:459,88
DA:460,88
DA:461,88
DA:462,88
DA:463,88
DA:464,88
DA:465,88
DA:466,88
DA:467,88
DA:468,88
DA:469,88
DA:470,88
DA:471,88
DA:472,88
DA:473,88
DA:474,88
DA:475,88
DA:476,88
DA:477,88
DA:478,88
DA:479,88
DA:480,88
DA:481,88
DA:482,88
DA:483,0
DA:484,0
DA:485,0
DA:486,0
DA:487,0
DA:488,88
DA:489,88
DA:490,88
DA:491,88
DA:492,88
DA:493,88
DA:494,88
DA:495,88
DA:496,88
DA:497,88
DA:498,88
DA:499,88
DA:500,88
DA:501,88
DA:502,88
DA:503,88
DA:504,88
DA:505,87
DA:506,87
DA:507,87
DA:508,1
DA:509,1
DA:510,1
DA:511,2
DA:512,2
DA:513,2
DA:514,2
DA:515,2
DA:516,2
DA:517,2
DA:518,2
DA:519,2
DA:520,2
DA:521,2
DA:522,2
DA:523,2
DA:524,1
DA:525,1
DA:526,88
DA:527,88
DA:528,88
DA:529,88
DA:530,88
DA:531,88
DA:532,88
DA:533,88
DA:534,88
DA:535,88
DA:536,88
DA:537,88
DA:538,88
DA:539,88
DA:540,88
DA:541,88
DA:542,88
DA:543,88
DA:544,88
DA:545,88
DA:546,88
DA:547,88
DA:548,88
DA:549,88
DA:550,88
DA:551,88
DA:552,88
DA:553,88
DA:554,88
DA:555,88
DA:556,88
DA:557,88
DA:558,88
DA:559,88
DA:560,88
DA:561,88
DA:562,88
DA:563,88
DA:564,88
DA:565,88
DA:566,88
DA:567,88
DA:568,88
DA:569,88
DA:570,88
DA:571,88
DA:572,88
DA:573,88
DA:574,88
DA:575,88
DA:576,88
DA:577,88
DA:578,88
DA:579,88
DA:580,88
DA:581,88
DA:582,88
DA:583,88
DA:584,88
DA:585,88
DA:586,88
DA:587,88
DA:588,88
DA:589,88
DA:590,88
DA:591,88
DA:592,88
DA:593,88
DA:594,13
DA:595,13
DA:596,13
DA:597,13
DA:598,13
DA:599,88
DA:600,88
DA:601,88
DA:602,88
DA:603,0
DA:604,0
DA:605,0
DA:606,0
DA:607,0
DA:608,0
DA:609,0
DA:610,0
DA:611,0
DA:612,0
DA:613,0
DA:614,0
DA:615,0
DA:616,0
DA:617,0
DA:618,0
DA:619,0
DA:620,0
DA:621,0
DA:622,0
DA:623,0
DA:624,0
DA:625,0
DA:626,0
DA:627,0
DA:628,0
DA:629,0
DA:630,0
DA:631,0
DA:632,88
DA:633,88
DA:634,88
DA:635,5
DA:636,5
DA:637,5
DA:638,5
DA:639,5
DA:640,5
DA:641,5
DA:642,5
DA:643,5
DA:644,5
DA:645,5
DA:646,5
DA:647,5
DA:648,5
DA:649,5
DA:650,5
DA:651,5
DA:652,5
DA:653,5
DA:654,5
DA:655,5
DA:656,5
DA:657,5
DA:658,5
DA:659,5
DA:660,5
DA:661,5
DA:662,5
DA:663,5
DA:664,5
DA:665,5
DA:666,5
DA:667,5
DA:668,5
DA:669,5
DA:670,5
DA:671,5
DA:672,88
DA:673,88
DA:674,88
DA:675,88
LF:675
LH:568
BRDA:19,0,0,88
BRDA:409,1,0,1
BRDA:410,2,0,87
BRDA:504,3,0,87
BRDA:508,4,0,1
BRDA:588,5,0,4
BRDA:588,6,0,84
BRDA:593,7,0,13
BRDA:602,8,0,0
BRDA:634,9,0,5
BRDA:38,10,0,8
BRDA:39,11,0,0
BRDA:43,12,0,0
BRDA:48,13,0,0
BRDA:49,14,0,0
BRDA:59,15,0,0
BRDA:64,16,0,51
BRDA:69,17,0,0
BRDA:74,18,0,48
BRDA:77,19,0,3
BRDA:79,20,0,2
BRDA:79,21,0,1
BRDA:83,22,0,0
BRDA:84,23,0,0
BRDA:85,24,0,1
BRDA:85,25,0,0
BRDA:86,26,0,1
BRDA:86,27,0,1
BRDA:88,28,0,1
BRDA:88,29,0,1
BRDA:89,30,0,1
BRDA:91,31,0,0
BRDA:93,32,0,1
BRDA:96,33,0,1
BRDA:99,34,0,2
BRDA:65,35,0,51
BRDA:103,36,0,51
BRDA:104,37,0,51
BRDA:105,38,0,10
BRDA:111,39,0,51
BRDA:113,40,0,0
BRDA:115,41,0,50
BRDA:115,42,0,1
BRDA:117,43,0,1
BRDA:120,44,0,1
BRDA:123,45,0,0
BRDA:126,46,0,0
BRDA:131,47,0,81
BRDA:132,48,0,78
BRDA:132,49,0,3
BRDA:134,50,0,0
BRDA:134,51,0,3
BRDA:147,52,0,0
BRDA:152,53,0,59
BRDA:153,54,0,51
BRDA:153,55,0,8
BRDA:154,56,0,0
BRDA:154,57,0,8
BRDA:158,58,0,1
BRDA:160,59,0,0
BRDA:165,60,0,0
BRDA:188,61,0,1
BRDA:189,62,0,0
BRDA:210,63,0,10
BRDA:212,64,0,0
BRDA:220,65,0,2
BRDA:222,66,0,1
BRDA:227,67,0,0
BRDA:227,68,0,1
BRDA:228,69,0,1
BRDA:229,70,0,0
BRDA:230,71,0,0
BRDA:233,72,0,1
BRDA:247,73,0,0
BRDA:252,74,0,2
BRDA:256,75,0,12
BRDA:258,76,0,0
BRDA:264,77,0,0
BRDA:266,78,0,2
BRDA:266,79,0,10
BRDA:293,80,0,0
BRDA:303,81,0,11
BRDA:304,82,0,1
BRDA:306,83,0,0
BRDA:307,84,0,10
BRDA:313,85,0,2
BRDA:315,86,0,0
BRDA:316,87,0,8
BRDA:319,88,0,2
BRDA:321,89,0,0
BRDA:274,90,0,36
BRDA:275,91,0,24
BRDA:275,92,0,12
BRDA:275,93,0,24
BRDA:276,94,0,12
BRDA:276,95,0,0
BRDA:276,96,0,24
BRDA:326,97,0,8
BRDA:358,98,0,5
BRDA:362,99,0,1
BRDA:368,100,0,0
BRDA:372,101,0,1
BRDA:380,102,0,1
BRDA:433,103,0,14
BRDA:448,104,0,1
BRDA:510,105,0,2
BRF:106
BRH:73
end_of_record
TN:
SF:app\Instructor\QuizGenerator\quizgenerator.jsx
FN:24,clearStoredQuizDrafts
FN:38,ensureSessionId
FN:52,QuizGeneratorPage
FN:63,handleModeSelect
FN:68,handleFileUpload
FN:77,saveSeedAndNavigate
FN:103,handleNext
FN:117,handleIngest
FN:178,handleBackToQuizList
FN:179,handleProceedExit
FN:193,handleStay
FN:224,onClick
FN:236,onClick
FNF:13
FNH:13
FNDA:4,clearStoredQuizDrafts
FNDA:21,ensureSessionId
FNDA:125,QuizGeneratorPage
FNDA:11,handleModeSelect
FNDA:22,handleFileUpload
FNDA:4,saveSeedAndNavigate
FNDA:4,handleNext
FNDA:17,handleIngest
FNDA:5,handleBackToQuizList
FNDA:1,handleProceedExit
FNDA:1,handleStay
FNDA:8,onClick
FNDA:3,onClick
DA:1,1
DA:2,1
DA:3,1
DA:4,1
DA:5,1
DA:6,1
DA:7,1
DA:8,1
DA:9,1
DA:10,1
DA:11,1
DA:12,1
DA:13,1
DA:14,1
DA:15,1
DA:16,1
DA:17,1
DA:18,1
DA:19,1
DA:20,1
DA:21,1
DA:22,1
DA:23,1
DA:24,1
DA:25,4
DA:26,0
DA:27,0
DA:28,4
DA:29,20
DA:30,20
DA:31,20
DA:32,0
DA:33,0
DA:34,0
DA:35,20
DA:36,4
DA:37,1
DA:38,1
DA:39,21
DA:40,21
DA:41,21
DA:42,21
DA:43,19
DA:44,19
DA:45,19
DA:46,19
DA:47,19
DA:48,19
DA:49,20
DA:50,20
DA:51,1
DA:52,1
DA:53,125
DA:54,125
DA:55,125
DA:56,125
DA:57,125
DA:58,125
DA:59,125
DA:60,125
DA:61,125
DA:62,125
DA:63,125
DA:64,11
DA:65,11
DA:66,125
DA:67,125
DA:68,125
DA:69,22
DA:70,22
DA:71,21
DA:72,21
DA:73,21
DA:74,21
DA:75,125
DA:76,125
DA:77,125
DA:78,4
DA:79,4
DA:80,4
DA:81,4
DA:82,4
DA:83,4
DA:84,4
DA:85,4
DA:86,4
DA:87,4
DA:88,4
DA:89,4
DA:90,4
DA:91,4
DA:92,4
DA:93,1
DA:94,1
DA:95,4
DA:96,4
DA:97,4
DA:98,4
DA:99,0
DA:100,0
DA:101,125
DA:102,125
DA:103,125
DA:104,4
DA:105,0
DA:106,0
DA:107,0
DA:108,0
DA:109,0
DA:110,0
DA:111,0
DA:112,0
DA:113,0
DA:114,4
DA:115,125
DA:116,125
DA:117,125
DA:118,17
DA:119,0
DA:120,0
DA:121,0
DA:122,17
DA:123,17
DA:124,17
DA:125,17
DA:126,17
DA:127,17
DA:128,17
DA:129,0
DA:130,0
DA:131,0
DA:132,0
DA:133,0
DA:134,0
DA:135,0
DA:136,0
DA:137,17
DA:138,17
DA:139,17
DA:140,17
DA:141,17
DA:142,17
DA:143,17
DA:144,17
DA:145,17
DA:146,17
DA:147,17
DA:148,17
DA:149,17
DA:150,17
DA:151,17
DA:152,17
DA:153,17
DA:154,13
DA:155,17
DA:156,1
DA:157,1
DA:158,1
DA:159,12
DA:160,12
DA:161,10
DA:162,17
DA:163,9
DA:164,17
DA:165,17
DA:166,17
DA:167,17
DA:168,17
DA:169,17
DA:170,17
DA:171,5
DA:172,5
DA:173,17
DA:174,15
DA:175,15
DA:176,125
DA:177,125
DA:178,125
DA:179,125
DA:180,1
DA:181,1
DA:182,1
DA:183,0
DA:184,0
DA:185,0
DA:186,0
DA:187,1
DA:188,0
DA:189,1
DA:190,1
DA:191,1
DA:192,125
DA:193,125
DA:194,125
DA:195,125
DA:196,125
DA:197,117
DA:198,117
DA:199,125
DA:200,125
DA:201,125
DA:202,125
DA:203,125
DA:204,125
DA:205,125
DA:206,125
DA:207,125
DA:208,125
DA:209,125
DA:210,125
DA:211,125
DA:212,125
DA:213,125
DA:214,125
DA:215,125
DA:216,125
DA:217,125
DA:218,125
DA:219,125
DA:220,125
DA:221,125
DA:222,125
DA:223,125
DA:224,125
DA:225,125
DA:226,125
DA:227,125
DA:228,125
DA:229,125
DA:230,125
DA:231,125
DA:232,125
DA:233,125
DA:234,125
DA:235,125
DA:236,125
DA:237,125
DA:238,125
DA:239,125
DA:240,125
DA:241,125
DA:242,125
DA:243,125
DA:244,125
DA:245,125
DA:246,125
DA:247,125
DA:248,125
DA:249,125
DA:250,125
DA:251,125
DA:252,125
DA:253,125
DA:254,125
DA:255,125
DA:256,125
DA:257,125
DA:258,125
DA:259,125
DA:260,125
DA:261,125
DA:262,125
DA:263,125
DA:264,125
DA:265,125
DA:266,125
DA:267,125
DA:268,125
DA:269,125
DA:270,125
DA:271,125
DA:272,125
DA:273,125
DA:274,125
DA:275,125
DA:276,125
DA:277,125
DA:278,125
DA:279,125
DA:280,125
DA:281,125
DA:282,125
DA:283,125
DA:284,125
DA:285,125
DA:286,125
DA:287,125
DA:288,125
DA:289,125
DA:290,125
DA:291,125
DA:292,125
DA:293,125
DA:294,125
DA:295,125
DA:296,125
DA:297,125
DA:298,125
DA:299,125
DA:300,125
DA:301,125
DA:302,125
DA:303,125
DA:304,125
DA:305,125
DA:306,125
DA:307,125
DA:308,125
DA:309,125
DA:310,125
DA:311,125
DA:312,125
DA:313,125
DA:314,125
DA:315,125
DA:316,125
DA:317,125
DA:318,125
DA:319,16
DA:320,109
DA:321,125
DA:322,125
DA:323,125
DA:324,125
DA:325,125
DA:326,125
DA:327,8
DA:328,8
DA:329,8
DA:330,125
DA:331,125
DA:332,5
DA:333,125
DA:334,125
DA:335,125
DA:336,125
DA:337,5
DA:338,5
DA:339,5
DA:340,5
DA:341,5
DA:342,5
DA:343,5
DA:344,5
DA:345,5
DA:346,5
DA:347,5
DA:348,5
DA:349,5
DA:350,5
DA:351,5
DA:352,5
DA:353,5
DA:354,5
DA:355,5
DA:356,5
DA:357,5
DA:358,5
DA:359,5
DA:360,5
DA:361,5
DA:362,5
DA:363,5
DA:364,5
DA:365,5
DA:366,125
DA:367,125
DA:368,125
DA:369,125
LF:369
LH:337
BRDA:24,0,0,4
BRDA:25,1,0,0
BRDA:28,2,0,20
BRDA:31,3,0,0
BRDA:38,4,0,21
BRDA:39,5,0,0
BRDA:42,6,0,19
BRDA:46,7,0,0
BRDA:48,8,0,20
BRDA:52,9,0,125
BRDA:196,10,0,117
BRDA:197,11,0,8
BRDA:198,12,0,8
BRDA:226,13,0,8
BRDA:226,14,0,117
BRDA:238,15,0,117
BRDA:238,16,0,8
BRDA:281,17,0,51
BRDA:281,18,0,74
BRDA:303,19,0,51
BRDA:309,20,0,17
BRDA:309,21,0,108
BRDA:319,22,0,16
BRDA:320,23,0,109
BRDA:326,24,0,8
BRDA:331,25,0,5
BRDA:336,26,0,5
BRDA:63,27,0,11
BRDA:68,28,0,22
BRDA:70,29,0,21
BRDA:77,30,0,4
BRDA:85,31,0,0
BRDA:92,32,0,1
BRDA:98,33,0,0
BRDA:103,34,0,4
BRDA:104,35,0,0
BRDA:117,36,0,17
BRDA:118,37,0,0
BRDA:128,38,0,0
BRDA:153,39,0,13
BRDA:155,40,0,1
BRDA:157,41,0,0
BRDA:158,42,0,12
BRDA:160,43,0,10
BRDA:162,44,0,9
BRDA:163,45,0,9
BRDA:164,46,0,1
BRDA:168,47,0,0
BRDA:170,48,0,5
BRDA:172,49,0,0
BRDA:173,50,0,15
BRDA:178,51,0,5
BRDA:179,52,0,1
BRDA:182,53,0,0
BRDA:187,54,0,0
BRDA:193,55,0,1
BRDA:224,56,0,8
BRDA:236,57,0,3
BRF:58
BRH:44
end_of_record
TN:
SF:app\Instructor\Quizzes\quizzes.jsx
FN:21,InstructorQuizzesPage
FN:30,fetchQuizzes
FN:61,clearDraftState
FN:80,handleCreateQuiz
FN:85,buildDraftFromDefinition
FN:152,handleOpenQuiz
FN:171,onClick
FN:207,onClick
FNF:8
FNH:2
FNDA:83,InstructorQuizzesPage
FNDA:45,fetchQuizzes
FNDA:0,clearDraftState
FNDA:0,handleCreateQuiz
FNDA:0,buildDraftFromDefinition
FNDA:0,handleOpenQuiz
FNDA:0,onClick
FNDA:0,onClick
DA:1,1
DA:2,1
DA:3,1
DA:4,1
DA:5,1
DA:6,1
DA:7,1
DA:8,1
DA:9,1
DA:10,1
DA:11,1
DA:12,1
DA:13,1
DA:14,1
DA:15,1
DA:16,1
DA:17,1
DA:18,1
DA:19,1
DA:20,1
DA:21,1
DA:22,83
DA:23,83
DA:24,83
DA:25,83
DA:26,83
DA:27,83
DA:28,45
DA:29,45
DA:30,45
DA:31,45
DA:32,45
DA:33,45
DA:34,45
DA:35,45
DA:36,3
DA:37,3
DA:38,3
DA:39,39
DA:40,45
DA:41,45
DA:42,45
DA:43,5
DA:44,5
DA:45,45
DA:46,44
DA:47,43
DA:48,43
DA:49,44
DA:50,45
DA:51,45
DA:52,45
DA:53,45
DA:54,45
DA:55,45
DA:56,45
DA:57,83
DA:58,83
DA:59,83
DA:60,83
DA:61,83
DA:62,0
DA:63,0
DA:64,0
DA:65,0
DA:66,0
DA:67,0
DA:68,0
DA:69,0
DA:70,0
DA:71,0
DA:72,0
DA:73,0
DA:74,0
DA:75,0
DA:76,0
DA:77,0
DA:78,83
DA:79,83
DA:80,83
DA:81,0
DA:82,0
DA:83,83
DA:84,83
DA:85,83
DA:86,0
DA:87,0
DA:88,0
DA:89,0
DA:90,0
DA:91,0
DA:92,0
DA:93,0
DA:94,0
DA:95,0
DA:96,0
DA:97,0
DA:98,0
DA:99,0
DA:100,0
DA:101,0
DA:102,0
DA:103,0
DA:104,0
DA:105,0
DA:106,0
DA:107,0
DA:108,0
DA:109,0
DA:110,0
DA:111,0
DA:112,0
DA:113,0
DA:114,0
DA:115,0
DA:116,0
DA:117,0
DA:118,0
DA:119,0
DA:120,0
DA:121,0
DA:122,0
DA:123,0
DA:124,0
DA:125,0
DA:126,0
DA:127,0
DA:128,0
DA:129,0
DA:130,0
DA:131,0
DA:132,0
DA:133,0
DA:134,0
DA:135,0
DA:136,0
DA:137,0
DA:138,0
DA:139,0
DA:140,0
DA:141,0
DA:142,0
DA:143,0
DA:144,0
DA:145,0
DA:146,0
DA:147,0
DA:148,0
DA:149,0
DA:150,83
DA:151,83
DA:152,83
DA:153,0
DA:154,0
DA:155,0
DA:156,0
DA:157,0
DA:158,0
DA:159,0
DA:160,0
DA:161,0
DA:162,0
DA:163,0
DA:164,83
DA:165,83
DA:166,83
DA:167,83
DA:168,83
DA:169,83
DA:170,83
DA:171,83
DA:172,83
DA:173,83
DA:174,83
DA:175,83
DA:176,83
DA:177,83
DA:178,83
DA:179,83
DA:180,83
DA:181,83
DA:182,83
DA:183,83
DA:184,83
DA:185,83
DA:186,83
DA:187,83
DA:188,83
DA:189,83
DA:190,83
DA:191,83
DA:192,83
DA:193,83
DA:194,45
DA:195,45
DA:196,45
DA:197,38
DA:198,5
DA:199,5
DA:200,5
DA:201,33
DA:202,24
DA:203,24
DA:204,25
DA:205,25
DA:206,25
DA:207,25
DA:208,25
DA:209,25
DA:210,25
DA:211,25
DA:212,25
DA:213,25
DA:214,25
DA:215,25
DA:216,25
DA:217,25
DA:218,25
DA:219,25
DA:220,25
DA:221,25
DA:222,1
DA:223,24
DA:224,25
DA:225,25
DA:226,25
DA:227,25
DA:228,24
DA:229,24
DA:230,9
DA:231,9
DA:232,9
DA:233,9
DA:234,9
DA:235,9
DA:236,9
DA:237,9
DA:238,9
DA:239,9
DA:240,9
DA:241,9
DA:242,9
DA:243,9
DA:244,9
DA:245,9
DA:246,9
DA:247,9
DA:248,9
DA:249,9
DA:250,9
DA:251,9
DA:252,9
DA:253,9
DA:254,9
DA:255,83
DA:256,83
DA:257,83
DA:258,83
DA:259,83
DA:260,83
LF:260
LH:167
BRDA:21,0,0,83
BRDA:193,1,0,45
BRDA:197,2,0,38
BRDA:197,3,0,5
BRDA:201,4,0,33
BRDA:201,5,0,24
BRDA:230,6,0,9
BRDA:27,7,0,45
BRDA:30,8,0,45
BRDA:34,9,0,42
BRDA:35,10,0,3
BRDA:37,11,0,2
BRDA:38,12,0,39
BRDA:40,13,0,1
BRDA:40,14,0,38
BRDA:41,15,0,37
BRDA:41,16,0,1
BRDA:42,17,0,5
BRDA:43,18,0,0
BRDA:44,19,0,1
BRDA:45,20,0,43
BRDA:45,21,0,44
BRDA:46,22,0,43
BRDA:36,23,0,1
BRDA:54,24,0,45
BRDA:203,25,0,25
BRDA:211,26,0,1
BRDA:214,27,0,21
BRDA:218,28,0,22
BRDA:218,29,0,3
BRDA:222,30,0,1
BRDA:223,31,0,24
BRDA:225,32,0,5
BRDA:225,33,0,20
BRF:34
BRH:33
end_of_record
TN:
SF:app\LoginPage\loginpage.jsx
FN:11,LoginPage
FN:28,handleInputChange
FN:36,handleSubmit
FNF:3
FNH:3
FNDA:93,LoginPage
FNDA:19,handleInputChange
FNDA:11,handleSubmit
DA:1,1
DA:2,1
DA:3,1
DA:4,1
DA:5,1
DA:6,1
DA:7,1
DA:8,1
DA:9,1
DA:10,1
DA:11,1
DA:12,93
DA:13,93
DA:14,93
DA:15,93
DA:16,93
DA:17,93
DA:18,93
DA:19,93
DA:20,93
DA:21,70
DA:22,70
DA:23,70
DA:24,6
DA:25,6
DA:26,93
DA:27,93
DA:28,93
DA:29,19
DA:30,19
DA:31,19
DA:32,19
DA:33,19
DA:34,93
DA:35,93
DA:36,93
DA:37,11
DA:38,11
DA:39,1
DA:40,11
DA:41,10
DA:42,10
DA:43,93
DA:44,93
DA:45,93
DA:46,93
DA:47,93
DA:48,93
DA:49,93
DA:50,93
DA:51,93
DA:52,93
DA:53,93
DA:54,93
DA:55,93
DA:56,93
DA:57,93
DA:58,93
DA:59,93
DA:60,93
DA:61,93
DA:62,93
DA:63,93
DA:64,93
DA:65,93
DA:66,93
DA:67,93
DA:68,93
DA:69,93
DA:70,93
DA:71,93
DA:72,93
DA:73,93
DA:74,93
DA:75,93
DA:76,93
DA:77,93
DA:78,93
DA:79,93
DA:80,93
DA:81,93
DA:82,93
DA:83,93
DA:84,93
DA:85,93
DA:86,93
DA:87,93
DA:88,93
DA:89,93
DA:90,93
DA:91,93
DA:92,93
DA:93,93
DA:94,93
DA:95,93
DA:96,93
DA:97,93
DA:98,93
DA:99,93
DA:100,93
DA:101,93
DA:102,93
DA:103,93
DA:104,93
DA:105,93
DA:106,93
DA:107,93
DA:108,93
DA:109,93
DA:110,93
DA:111,93
DA:112,93
DA:113,93
DA:114,93
DA:115,93
DA:116,93
DA:117,93
DA:118,93
DA:119,93
DA:120,93
DA:121,93
DA:122,93
DA:123,93
DA:124,93
DA:125,93
DA:126,93
DA:127,93
DA:128,93
DA:129,93
DA:130,93
DA:131,93
DA:132,93
LF:132
LH:132
BRDA:11,0,0,93
BRDA:55,1,0,4
BRDA:55,2,0,89
BRDA:20,3,0,70
BRDA:21,4,0,0
BRDA:23,5,0,66
BRDA:23,6,0,6
BRDA:28,7,0,19
BRDA:30,8,0,19
BRDA:32,9,0,5
BRDA:32,10,0,14
BRDA:36,11,0,11
BRDA:38,12,0,1
BRDA:40,13,0,10
BRF:14
BRH:13
end_of_record
TN:
SF:app\Quiz\MyQuiz\myquiz.jsx
FN:20,MyQuizPage
FN:27,fetchQuizzes
FN:53,handleCreateQuiz
FN:56,handleOpenQuiz
FN:170,onClick
FNF:5
FNH:2
FNDA:74,MyQuizPage
FNDA:42,fetchQuizzes
FNDA:0,handleCreateQuiz
FNDA:0,handleOpenQuiz
FNDA:0,onClick
DA:1,1
DA:2,1
DA:3,1
DA:4,1
DA:5,1
DA:6,1
DA:7,1
DA:8,1
DA:9,1
DA:10,1
DA:11,1
DA:12,1
DA:13,1
DA:14,1
DA:15,1
DA:16,1
DA:17,1
DA:18,1
DA:19,1
DA:20,1
DA:21,74
DA:22,74
DA:23,74
DA:24,74
DA:25,74
DA:26,42
DA:27,42
DA:28,42
DA:29,42
DA:30,42
DA:31,42
DA:32,42
DA:33,4
DA:34,4
DA:35,4
DA:36,34
DA:37,42
DA:38,42
DA:39,42
DA:40,6
DA:41,6
DA:42,42
DA:43,40
DA:44,40
DA:45,40
DA:46,40
DA:47,42
DA:48,42
DA:49,42
DA:50,42
DA:51,74
DA:52,74
DA:53,74
DA:54,0
DA:55,74
DA:56,74
DA:57,0
DA:58,74
DA:59,74
DA:60,74
DA:61,74
DA:62,74
DA:63,74
DA:64,74
DA:65,74
DA:66,74
DA:67,74
DA:68,74
DA:69,74
DA:70,74
DA:71,74
DA:72,74
DA:73,74
DA:74,74
DA:75,74
DA:76,74
DA:77,42
DA:78,42
DA:79,42
DA:80,42
DA:81,42
DA:82,32
DA:83,14
DA:84,14
DA:85,14
DA:86,14
DA:87,14
DA:88,14
DA:89,14
DA:90,14
DA:91,14
DA:92,14
DA:93,14
DA:94,14
DA:95,14
DA:96,14
DA:97,14
DA:98,14
DA:99,14
DA:100,14
DA:101,14
DA:102,14
DA:103,14
DA:104,14
DA:105,14
DA:106,14
DA:107,14
DA:108,14
DA:109,14
DA:110,14
DA:111,14
DA:112,14
DA:113,14
DA:114,14
DA:115,14
DA:116,14
DA:117,14
DA:118,14
DA:119,14
DA:120,14
DA:121,14
DA:122,14
DA:123,14
DA:124,14
DA:125,14
DA:126,14
DA:127,14
DA:128,14
DA:129,14
DA:130,14
DA:131,14
DA:132,14
DA:133,14
DA:134,14
DA:135,14
DA:136,14
DA:137,14
DA:138,14
DA:139,14
DA:140,14
DA:141,14
DA:142,14
DA:143,14
DA:144,14
DA:145,14
DA:146,14
DA:147,14
DA:148,14
DA:149,14
DA:150,14
DA:151,14
DA:152,14
DA:153,14
DA:154,14
DA:155,14
DA:156,14
DA:157,14
DA:158,14
DA:159,14
DA:160,14
DA:161,14
DA:162,14
DA:163,18
DA:164,18
DA:165,18
DA:166,18
DA:167,20
DA:168,20
DA:169,20
DA:170,20
DA:171,20
DA:172,20
DA:173,20
DA:174,20
DA:175,20
DA:176,20
DA:177,20
DA:178,20
DA:179,20
DA:180,20
DA:181,20
DA:182,20
DA:183,20
DA:184,20
DA:185,20
DA:186,20
DA:187,18
DA:188,18
DA:189,74
DA:190,74
DA:191,74
DA:192,74
DA:193,74
DA:194,74
LF:194
LH:192
BRDA:20,0,0,74
BRDA:76,1,0,42
BRDA:82,2,0,32
BRDA:82,3,0,14
BRDA:163,4,0,18
BRDA:25,5,0,42
BRDA:27,6,0,42
BRDA:31,7,0,38
BRDA:32,8,0,4
BRDA:34,9,0,2
BRDA:35,10,0,34
BRDA:37,11,0,0
BRDA:37,12,0,34
BRDA:38,13,0,33
BRDA:38,14,0,1
BRDA:39,15,0,6
BRDA:40,16,0,0
BRDA:41,17,0,1
BRDA:42,18,0,40
BRDA:33,19,0,1
BRDA:166,20,0,20
BRDA:176,21,0,1
BRDA:179,22,0,1
BRDA:182,23,0,1
BRDA:183,24,0,1
BRDA:184,25,0,19
BRDA:184,26,0,1
BRF:27
BRH:25
end_of_record
TN:
SF:app\Quiz\Score\score.jsx
FN:13,safeParse
FN:35,QuizScorePage
FN:81,fetchPublishState
FN:105,showPublishNotice
FN:115,handleEditQuiz
FN:119,handlePublishQuiz
FNF:6
FNH:3
FNDA:144,safeParse
FNDA:97,QuizScorePage
FNDA:3,fetchPublishState
FNDA:0,showPublishNotice
FNDA:0,handleEditQuiz
FNDA:0,handlePublishQuiz
DA:1,1
DA:2,1
DA:3,1
DA:4,1
DA:5,1
DA:6,1
DA:7,1
DA:8,1
DA:9,1
DA:10,1
DA:11,1
DA:12,1
DA:13,1
DA:14,144
DA:15,109
DA:16,109
DA:17,144
DA:18,2
DA:19,2
DA:20,2
DA:21,144
DA:22,1
DA:23,1
DA:24,1
DA:25,1
DA:26,1
DA:27,1
DA:28,1
DA:29,1
DA:30,1
DA:31,1
DA:32,1
DA:33,1
DA:34,1
DA:35,1
DA:36,97
DA:37,97
DA:38,97
DA:39,97
DA:40,97
DA:41,97
DA:42,97
DA:43,97
DA:44,97
DA:45,97
DA:46,48
DA:47,48
DA:48,0
DA:49,0
DA:50,48
DA:51,97
DA:52,97
DA:53,97
DA:54,48
DA:55,48
DA:56,48
DA:57,48
DA:58,48
DA:59,48
DA:60,48
DA:61,48
DA:62,48
DA:63,48
DA:64,48
DA:65,48
DA:66,48
DA:67,48
DA:68,48
DA:69,21
DA:70,21
DA:71,21
DA:72,48
DA:73,97
DA:74,97
DA:75,97
DA:76,70
DA:77,70
DA:78,70
DA:79,3
DA:80,3
DA:81,3
DA:82,3
DA:83,3
DA:84,3
DA:85,3
DA:86,3
DA:87,3
DA:88,0
DA:89,0
DA:90,3
DA:91,3
DA:92,3
DA:93,3
DA:94,3
DA:95,0
DA:96,0
DA:97,3
DA:98,3
DA:99,3
DA:100,3
DA:101,3
DA:102,3
DA:103,97
DA:104,97
DA:105,97
DA:106,0
DA:107,0
DA:108,0
DA:109,0
DA:110,0
DA:111,0
DA:112,0
DA:113,97
DA:114,97
DA:115,97
DA:116,0
DA:117,97
DA:118,97
DA:119,97
DA:120,0
DA:121,0
DA:122,0
DA:123,0
DA:124,0
DA:125,0
DA:126,0
DA:127,0
DA:128,0
DA:129,0
DA:130,0
DA:131,0
DA:132,0
DA:133,0
DA:134,0
DA:135,0
DA:136,0
DA:137,0
DA:138,0
DA:139,0
DA:140,0
DA:141,0
DA:142,0
DA:143,0
DA:144,0
DA:145,0
DA:146,0
DA:147,0
DA:148,0
DA:149,0
DA:150,0
DA:151,0
DA:152,0
DA:153,0
DA:154,0
DA:155,0
DA:156,0
DA:157,0
DA:158,0
DA:159,0
DA:160,0
DA:161,0
DA:162,0
DA:163,0
DA:164,0
DA:165,0
DA:166,0
DA:167,0
DA:168,0
DA:169,0
DA:170,0
DA:171,0
DA:172,0
DA:173,0
DA:174,0
DA:175,0
DA:176,0
DA:177,0
DA:178,0
DA:179,0
DA:180,0
DA:181,0
DA:182,0
DA:183,0
DA:184,0
DA:185,0
DA:186,0
DA:187,0
DA:188,0
DA:189,0
DA:190,0
DA:191,0
DA:192,97
DA:193,97
DA:194,97
DA:195,48
DA:196,48
DA:197,48
DA:198,48
DA:199,48
DA:200,48
DA:201,48
DA:202,48
DA:203,48
DA:204,48
DA:205,48
DA:206,49
DA:207,49
DA:208,97
DA:209,97
DA:210,97
DA:211,97
DA:212,97
DA:213,97
DA:214,97
DA:215,97
DA:216,97
DA:217,97
DA:218,97
DA:219,97
DA:220,97
DA:221,97
DA:222,97
DA:223,97
DA:224,97
DA:225,97
DA:226,97
DA:227,97
DA:228,97
DA:229,97
DA:230,97
DA:231,97
DA:232,97
DA:233,97
DA:234,97
DA:235,97
DA:236,97
DA:237,97
DA:238,97
DA:239,97
DA:240,97
DA:241,97
DA:242,97
DA:243,97
DA:244,97
DA:245,97
DA:246,97
DA:247,97
DA:248,97
DA:249,97
DA:250,97
DA:251,97
DA:252,97
DA:253,97
DA:254,97
DA:255,97
DA:256,97
DA:257,97
DA:258,27
DA:259,27
DA:260,27
DA:261,97
DA:262,97
DA:263,0
DA:264,0
DA:265,0
DA:266,0
DA:267,0
DA:268,0
DA:269,0
DA:270,97
DA:271,97
DA:272,97
DA:273,97
DA:274,97
DA:275,97
LF:275
LH:182
BRDA:13,0,0,144
BRDA:14,1,0,35
BRDA:14,2,0,109
BRDA:17,3,0,2
BRDA:35,4,0,97
BRDA:194,5,0,48
BRDA:205,6,0,49
BRDA:208,7,0,22
BRDA:208,8,0,28
BRDA:208,9,0,1
BRDA:249,10,0,49
BRDA:255,11,0,5
BRDA:255,12,0,44
BRDA:257,13,0,27
BRDA:262,14,0,0
BRDA:45,15,0,48
BRDA:46,16,0,48
BRDA:47,17,0,0
BRDA:53,18,0,48
BRDA:54,19,0,0
BRDA:56,20,0,5
BRDA:57,21,0,5
BRDA:60,22,0,42
BRDA:60,23,0,6
BRDA:68,24,0,21
BRDA:59,25,0,53
BRDA:75,26,0,70
BRDA:76,27,0,22
BRDA:76,28,0,49
BRDA:76,29,0,1
BRDA:76,30,0,48
BRDA:77,31,0,48
BRDA:77,32,0,22
BRDA:78,33,0,19
BRDA:78,34,0,3
BRDA:81,35,0,3
BRDA:87,36,0,0
BRDA:90,37,0,0
BRDA:94,38,0,0
BRDA:93,39,0,1
BRDA:93,40,0,0
BRDA:100,41,0,3
BRF:42
BRH:35
end_of_record
TN:
SF:app\Quiz\[Qnumber]\qnumber.jsx
FN:17,safeParse
FN:27,normalizeQuestion
FN:38,QuizPage
FN:76,sanitize
FN:279,handleAnswerSelect
FN:284,handleSubmit
FN:329,goToQuestion
FN:334,handlePreviousQuestion
FN:339,handleNextQuestion
FN:370,handleReturnToConfig
FN:410,handlePageHide
FN:484,onClick
FN:574,onClick
FN:624,onChange
FN:638,onChange
FNF:15
FNH:4
FNDA:160,safeParse
FNDA:12,normalizeQuestion
FNDA:182,QuizPage
FNDA:2,sanitize
FNDA:0,handleAnswerSelect
FNDA:0,handleSubmit
FNDA:0,goToQuestion
FNDA:0,handlePreviousQuestion
FNDA:0,handleNextQuestion
FNDA:0,handleReturnToConfig
FNDA:0,handlePageHide
FNDA:0,onClick
FNDA:0,onClick
FNDA:0,onChange
FNDA:0,onChange
DA:1,1
DA:2,1
DA:3,1
DA:4,1
DA:5,1
DA:6,1
DA:7,1
DA:8,1
DA:9,1
DA:10,1
DA:11,1
DA:12,1
DA:13,1
DA:14,1
DA:15,1
DA:16,1
DA:17,1
DA:18,160
DA:19,144
DA:20,144
DA:21,160
DA:22,0
DA:23,0
DA:24,0
DA:25,160
DA:26,1
DA:27,1
DA:28,12
DA:29,6
DA:30,6
DA:31,12
DA:32,12
DA:33,12
DA:34,12
DA:35,12
DA:36,12
DA:37,1
DA:38,1
DA:39,182
DA:40,182
DA:41,182
DA:42,182
DA:43,182
DA:44,182
DA:45,182
DA:46,182
DA:47,182
DA:48,182
DA:49,182
DA:50,182
DA:51,182
DA:52,182
DA:53,182
DA:54,182
DA:55,182
DA:56,78
DA:57,78
DA:58,182
DA:59,182
DA:60,182
DA:61,32
DA:62,32
DA:63,32
DA:64,32
DA:65,32
DA:66,0
DA:67,0
DA:68,182
DA:69,182
DA:70,182
DA:71,82
DA:72,82
DA:73,182
DA:74,182
DA:75,182
DA:76,79
DA:77,2
DA:78,2
DA:79,79
DA:80,79
DA:81,2
DA:82,2
DA:83,77
DA:84,79
DA:85,0
DA:86,79
DA:87,0
DA:88,0
DA:89,77
DA:90,182
DA:91,182
DA:92,182
DA:93,0
DA:94,0
DA:95,0
DA:96,182
DA:97,182
DA:98,182
DA:99,79
DA:100,77
DA:101,77
DA:102,2
DA:103,182
DA:104,182
DA:105,182
DA:106,79
DA:107,79
DA:108,182
DA:109,182
DA:110,182
DA:111,37
DA:112,0
DA:113,0
DA:114,37
DA:115,0
DA:116,0
DA:117,37
DA:118,0
DA:119,0
DA:120,37
DA:121,37
DA:122,34
DA:123,34
DA:124,37
DA:125,182
DA:126,182
DA:127,182
DA:128,182
DA:129,78
DA:130,78
DA:131,78
DA:132,34
DA:133,34
DA:134,78
DA:135,0
DA:136,0
DA:137,44
DA:138,182
DA:139,182
DA:140,182
DA:141,182
DA:142,182
DA:143,41
DA:144,41
DA:145,41
DA:146,41
DA:147,41
DA:148,4
DA:149,4
DA:150,4
DA:151,4
DA:152,41
DA:153,41
DA:154,41
DA:155,41
DA:156,41
DA:157,41
DA:158,41
DA:159,41
DA:160,41
DA:161,41
DA:162,41
DA:163,41
DA:164,41
DA:165,41
DA:166,41
DA:167,41
DA:168,41
DA:169,41
DA:170,37
DA:171,41
DA:172,5
DA:173,5
DA:174,32
DA:175,32
DA:176,32
DA:177,32
DA:178,32
DA:179,32
DA:180,32
DA:181,32
DA:182,32
DA:183,32
DA:184,32
DA:185,182
DA:186,182
DA:187,182
DA:188,41
DA:189,41
DA:190,41
DA:191,41
DA:192,41
DA:193,34
DA:194,34
DA:195,34
DA:196,41
DA:197,7
DA:198,7
DA:199,41
DA:200,182
DA:201,182
DA:202,182
DA:203,41
DA:204,41
DA:205,41
DA:206,41
DA:207,41
DA:208,41
DA:209,32
DA:210,32
DA:211,32
DA:212,32
DA:213,32
DA:214,32
DA:215,41
DA:216,41
DA:217,32
DA:218,41
DA:219,0
DA:220,0
DA:221,0
DA:222,0
DA:223,41
DA:224,0
DA:225,0
DA:226,0
DA:227,41
DA:228,0
DA:229,0
DA:230,12
DA:231,12
DA:232,12
DA:233,12
DA:234,12
DA:235,12
DA:236,12
DA:237,12
DA:238,12
DA:239,12
DA:240,12
DA:241,41
DA:242,29
DA:243,29
DA:244,29
DA:245,41
DA:246,41
DA:247,41
DA:248,182
DA:249,182
DA:250,182
DA:251,182
DA:252,182
DA:253,113
DA:254,113
DA:255,41
DA:256,41
DA:257,41
DA:258,41
DA:259,41
DA:260,41
DA:261,182
DA:262,182
DA:263,182
DA:264,53
DA:265,53
DA:266,53
DA:267,53
DA:268,53
DA:269,0
DA:270,0
DA:271,0
DA:272,53
DA:273,182
DA:274,182
DA:275,182
DA:276,182
DA:277,182
DA:278,182
DA:279,182
DA:280,0
DA:281,0
DA:282,182
DA:283,182
DA:284,182
DA:285,0
DA:286,0
DA:287,0
DA:288,0
DA:289,0
DA:290,0
DA:291,0
DA:292,0
DA:293,0
DA:294,0
DA:295,0
DA:296,0
DA:297,0
DA:298,0
DA:299,0
DA:300,0
DA:301,0
DA:302,0
DA:303,0
DA:304,0
DA:305,0
DA:306,0
DA:307,0
DA:308,0
DA:309,0
DA:310,0
DA:311,0
DA:312,0
DA:313,0
DA:314,0
DA:315,0
DA:316,0
DA:317,0
DA:318,0
DA:319,0
DA:320,0
DA:321,0
DA:322,0
DA:323,0
DA:324,0
DA:325,0
DA:326,0
DA:327,182
DA:328,182
DA:329,182
DA:330,0
DA:331,0
DA:332,182
DA:333,182
DA:334,182
DA:335,0
DA:336,0
DA:337,182
DA:338,182
DA:339,182
DA:340,0
DA:341,0
DA:342,0
DA:343,0
DA:344,0
DA:345,0
DA:346,0
DA:347,0
DA:348,0
DA:349,182
DA:350,182
DA:351,182
DA:352,0
DA:353,0
DA:354,0
DA:355,0
DA:356,0
DA:357,0
DA:358,0
DA:359,0
DA:360,0
DA:361,0
DA:362,0
DA:363,0
DA:364,0
DA:365,0
DA:366,182
DA:367,182
DA:368,182
DA:369,182
DA:370,182
DA:371,0
DA:372,0
DA:373,0
DA:374,0
DA:375,0
DA:376,0
DA:377,0
DA:378,0
DA:379,0
DA:380,0
DA:381,0
DA:382,0
DA:383,0
DA:384,0
DA:385,0
DA:386,0
DA:387,0
DA:388,0
DA:389,0
DA:390,0
DA:391,0
DA:392,0
DA:393,0
DA:394,0
DA:395,0
DA:396,0
DA:397,0
DA:398,0
DA:399,0
DA:400,0
DA:401,0
DA:402,0
DA:403,0
DA:404,0
DA:405,0
DA:406,182
DA:407,182
DA:408,182
DA:409,107
DA:410,107
DA:411,0
DA:412,107
DA:413,107
DA:414,107
DA:415,107
DA:416,107
DA:417,182
DA:418,182
DA:419,182
DA:420,182
DA:421,182
DA:422,182
DA:423,182
DA:424,182
DA:425,182
DA:426,182
DA:427,182
DA:428,182
DA:429,182
DA:430,182
DA:431,182
DA:432,182
DA:433,182
DA:434,0
DA:435,182
DA:436,182
DA:437,182
DA:438,182
DA:439,120
DA:440,120
DA:441,120
DA:442,120
DA:443,120
DA:444,120
DA:445,62
DA:446,182
DA:447,26
DA:448,26
DA:449,26
DA:450,26
DA:451,26
DA:452,26
DA:453,26
DA:454,26
DA:455,26
DA:456,26
DA:457,26
DA:458,26
DA:459,26
DA:460,26
DA:461,26
DA:462,26
DA:463,26
DA:464,26
DA:465,36
DA:466,36
DA:467,36
DA:468,182
DA:469,182
DA:470,182
DA:471,182
DA:472,182
DA:473,182
DA:474,182
DA:475,182
DA:476,0
DA:477,0
DA:478,0
DA:479,0
DA:480,0
DA:481,0
DA:482,0
DA:483,0
DA:484,0
DA:485,0
DA:486,0
DA:487,0
DA:488,0
DA:489,0
DA:490,0
DA:491,182
DA:492,182
DA:493,182
DA:494,182
DA:495,182
DA:496,182
DA:497,182
DA:498,182
DA:499,182
DA:500,182
DA:501,182
DA:502,182
DA:503,182
DA:504,182
DA:505,182
DA:506,182
DA:507,182
DA:508,182
DA:509,182
DA:510,182
DA:511,182
DA:512,182
DA:513,182
DA:514,182
DA:515,182
DA:516,182
DA:517,182
DA:518,182
DA:519,0
DA:520,182
DA:521,182
DA:522,182
DA:523,182
DA:524,182
DA:525,182
DA:526,182
DA:527,182
DA:528,182
DA:529,0
DA:530,0
DA:531,0
DA:532,0
DA:533,0
DA:534,0
DA:535,0
DA:536,0
DA:537,0
DA:538,0
DA:539,0
DA:540,0
DA:541,0
DA:542,0
DA:543,0
DA:544,0
DA:545,0
DA:546,182
DA:547,182
DA:548,182
DA:549,182
DA:550,182
DA:551,182
DA:552,18
DA:553,18
DA:554,18
DA:555,0
DA:556,0
DA:557,0
DA:558,0
DA:559,0
DA:560,18
DA:561,0
DA:562,18
DA:563,18
DA:564,18
DA:565,0
DA:566,0
DA:567,0
DA:568,0
DA:569,18
DA:570,18
DA:571,18
DA:572,18
DA:573,18
DA:574,18
DA:575,18
DA:576,18
DA:577,18
DA:578,18
DA:579,18
DA:580,18
DA:581,18
DA:582,18
DA:583,18
DA:584,18
DA:585,18
DA:586,18
DA:587,18
DA:588,18
DA:589,0
DA:590,18
DA:591,18
DA:592,18
DA:593,18
DA:594,18
DA:595,18
DA:596,18
DA:597,0
DA:598,0
DA:599,0
DA:600,0
DA:601,0
DA:602,0
DA:603,0
DA:604,0
DA:605,0
DA:606,0
DA:607,0
DA:608,18
DA:609,18
DA:610,18
DA:611,182
DA:612,182
DA:613,182
DA:614,182
DA:615,182
DA:616,182
DA:617,182
DA:618,182
DA:619,182
DA:620,182
DA:621,182
DA:622,182
DA:623,182
DA:624,182
DA:625,182
DA:626,182
DA:627,182
DA:628,182
DA:629,182
DA:630,182
DA:631,182
DA:632,182
DA:633,182
DA:634,182
DA:635,182
DA:636,182
DA:637,182
DA:638,182
DA:639,182
DA:640,182
DA:641,182
DA:642,36
DA:643,36
DA:644,36
DA:645,182
DA:646,182
DA:647,182
DA:648,182
DA:649,182
DA:650,182
DA:651,182
DA:652,182
DA:653,182
DA:654,182
DA:655,182
DA:656,182
DA:657,182
DA:658,36
DA:659,0
DA:660,0
DA:661,0
DA:662,0
DA:663,0
DA:664,0
DA:665,0
DA:666,0
DA:667,0
DA:668,0
DA:669,36
DA:670,36
DA:671,36
DA:672,36
DA:673,36
DA:674,36
DA:675,36
DA:676,36
DA:677,36
DA:678,36
DA:679,36
DA:680,182
DA:681,0
DA:682,0
DA:683,0
DA:684,0
DA:685,0
DA:686,0
DA:687,0
DA:688,182
DA:689,182
DA:690,182
DA:691,182
DA:692,182
DA:693,182
DA:694,182
LF:694
LH:483
BRDA:17,0,0,160
BRDA:18,1,0,16
BRDA:18,2,0,144
BRDA:21,3,0,0
BRDA:27,4,0,12
BRDA:28,5,0,10
BRDA:28,6,0,6
BRDA:29,7,0,0
BRDA:38,8,0,182
BRDA:275,9,0,146
BRDA:276,10,0,36
BRDA:276,11,0,146
BRDA:277,12,0,36
BRDA:419,13,0,171
BRDA:419,14,0,11
BRDA:420,15,0,146
BRDA:422,16,0,36
BRDA:422,17,0,176
BRDA:422,18,0,0
BRDA:424,19,0,36
BRDA:424,20,0,176
BRDA:424,21,0,121
BRDA:424,22,0,55
BRDA:425,23,0,36
BRDA:429,24,0,179
BRDA:430,25,0,0
BRDA:430,26,0,179
BRDA:431,27,0,0
BRDA:431,28,0,179
BRDA:434,29,0,0
BRDA:438,30,0,141
BRDA:438,31,0,105
BRDA:438,32,0,120
BRDA:444,33,0,62
BRDA:446,34,0,26
BRDA:450,35,0,0
BRDA:464,36,0,36
BRDA:468,37,0,0
BRDA:468,38,0,36
BRDA:469,39,0,0
BRDA:470,40,0,0
BRDA:471,41,0,0
BRDA:475,42,0,0
BRDA:518,43,0,0
BRDA:528,44,0,0
BRDA:528,45,0,0
BRDA:657,46,0,36
BRDA:658,47,0,0
BRDA:672,48,0,0
BRDA:678,49,0,0
BRDA:681,50,0,0
BRDA:55,51,0,78
BRDA:56,52,0,0
BRDA:60,53,0,32
BRDA:61,54,0,0
BRDA:65,55,0,0
BRDA:70,56,0,82
BRDA:71,57,0,0
BRDA:72,58,0,6
BRDA:75,59,0,79
BRDA:80,60,0,2
BRDA:80,61,0,2
BRDA:82,62,0,77
BRDA:84,63,0,0
BRDA:84,64,0,0
BRDA:86,65,0,0
BRDA:88,66,0,77
BRDA:76,67,0,2
BRDA:77,68,0,0
BRDA:78,69,0,4
BRDA:78,70,0,0
BRDA:98,71,0,79
BRDA:99,72,0,77
BRDA:101,73,0,2
BRDA:105,74,0,79
BRDA:106,75,0,0
BRDA:107,76,0,79
BRDA:107,77,0,77
BRDA:107,78,0,2
BRDA:110,79,0,37
BRDA:111,80,0,0
BRDA:111,81,0,0
BRDA:114,82,0,0
BRDA:114,83,0,0
BRDA:114,84,0,0
BRDA:117,85,0,0
BRDA:117,86,0,0
BRDA:117,87,0,0
BRDA:121,88,0,34
BRDA:121,89,0,34
BRDA:121,90,0,34
BRDA:123,91,0,3
BRDA:124,92,0,0
BRDA:124,93,0,3
BRDA:128,94,0,78
BRDA:130,95,0,0
BRDA:131,96,0,34
BRDA:131,97,0,34
BRDA:131,98,0,34
BRDA:133,99,0,44
BRDA:134,100,0,0
BRDA:134,101,0,0
BRDA:136,102,0,44
BRDA:142,103,0,41
BRDA:144,104,0,0
BRDA:146,105,0,4
BRDA:146,106,0,4
BRDA:146,107,0,4
BRDA:146,108,0,0
BRDA:146,109,0,4
BRDA:147,110,0,4
BRDA:151,111,0,37
BRDA:152,112,0,2
BRDA:152,113,0,35
BRDA:169,114,0,37
BRDA:171,115,0,5
BRDA:172,116,0,1
BRDA:173,117,0,32
BRDA:187,118,0,41
BRDA:188,119,0,0
BRDA:192,120,0,34
BRDA:192,121,0,34
BRDA:196,122,0,7
BRDA:202,123,0,41
BRDA:207,124,0,0
BRDA:208,125,0,32
BRDA:215,126,0,0
BRDA:216,127,0,32
BRDA:217,128,0,12
BRDA:218,129,0,0
BRDA:222,130,0,12
BRDA:223,131,0,0
BRDA:226,132,0,12
BRDA:227,133,0,0
BRDA:229,134,0,12
BRDA:241,135,0,29
BRDA:243,136,0,0
BRDA:231,137,0,12
BRDA:252,138,0,113
BRDA:253,139,0,0
BRDA:254,140,0,72
BRDA:254,141,0,41
BRDA:263,142,0,53
BRDA:265,143,0,12
BRDA:268,144,0,0
BRDA:272,145,0,0
BRDA:408,146,0,107
BRDA:409,147,0,0
BRDA:414,148,0,107
BRDA:469,149,0,18
BRDA:551,150,0,18
BRDA:555,151,0,0
BRDA:561,152,0,0
BRDA:565,153,0,0
BRDA:581,154,0,0
BRDA:589,155,0,0
BRDA:596,156,0,0
BRDA:641,157,0,36
BRF:158
BRH:98
end_of_record
TN:
SF:app\Student\Flashcards\Walkthrough\walkthrough.jsx
FN:35,FlashcardWalkthroughPage
FN:43,handleReveal
FN:45,advance
FN:60,onClick
FN:117,onClick
FN:124,onClick
FNF:6
FNH:6
FNDA:138,FlashcardWalkthroughPage
FNDA:45,handleReveal
FNDA:31,advance
FNDA:1,onClick
FNDA:27,onClick
FNDA:4,onClick
DA:1,1
DA:2,1
DA:3,1
DA:4,1
DA:5,1
DA:6,1
DA:7,1
DA:8,1
DA:9,1
DA:10,1
DA:11,1
DA:12,1
DA:13,1
DA:14,1
DA:15,1
DA:16,1
DA:17,1
DA:18,1
DA:19,1
DA:20,1
DA:21,1
DA:22,1
DA:23,1
DA:24,1
DA:25,1
DA:26,1
DA:27,1
DA:28,1
DA:29,1
DA:30,1
DA:31,1
DA:32,1
DA:33,1
DA:34,1
DA:35,1
DA:36,138
DA:37,138
DA:38,138
DA:39,138
DA:40,138
DA:41,138
DA:42,138
DA:43,138
DA:44,138
DA:45,138
DA:46,31
DA:47,31
DA:48,31
DA:49,31
DA:50,31
DA:51,31
DA:52,138
DA:53,138
DA:54,138
DA:55,138
DA:56,138
DA:57,138
DA:58,138
DA:59,138
DA:60,138
DA:61,138
DA:62,138
DA:63,138
DA:64,138
DA:65,138
DA:66,138
DA:67,138
DA:68,138
DA:69,138
DA:70,138
DA:71,138
DA:72,138
DA:73,138
DA:74,138
DA:75,138
DA:76,138
DA:77,138
DA:78,138
DA:79,138
DA:80,138
DA:81,138
DA:82,138
DA:83,138
DA:84,138
DA:85,138
DA:86,138
DA:87,138
DA:88,138
DA:89,138
DA:90,138
DA:91,138
DA:92,138
DA:93,45
DA:94,45
DA:95,45
DA:96,45
DA:97,93
DA:98,93
DA:99,93
DA:100,93
DA:101,138
DA:102,138
DA:103,138
DA:104,138
DA:105,138
DA:106,93
DA:107,93
DA:108,93
DA:109,93
DA:110,93
DA:111,93
DA:112,93
DA:113,45
DA:114,45
DA:115,45
DA:116,45
DA:117,45
DA:118,45
DA:119,45
DA:120,45
DA:121,45
DA:122,45
DA:123,45
DA:124,45
DA:125,45
DA:126,45
DA:127,45
DA:128,45
DA:129,45
DA:130,138
DA:131,138
DA:132,138
DA:133,138
DA:134,138
DA:135,138
DA:136,138
DA:137,138
DA:138,552
DA:139,552
DA:140,552
DA:141,552
DA:142,552
DA:143,552
DA:144,138
DA:145,138
DA:146,138
DA:147,138
DA:148,138
DA:149,138
DA:150,138
DA:151,138
DA:152,138
DA:153,138
DA:154,138
LF:154
LH:154
BRDA:35,0,0,138
BRDA:92,1,0,45
BRDA:97,2,0,93
BRDA:105,3,0,93
BRDA:113,4,0,45
BRDA:40,5,0,93
BRDA:43,6,0,45
BRDA:45,7,0,31
BRDA:46,8,0,31
BRDA:47,9,0,27
BRDA:47,10,0,4
BRDA:48,11,0,27
BRDA:48,12,0,4
BRDA:51,13,0,31
BRDA:60,14,0,1
BRDA:117,15,0,27
BRDA:124,16,0,4
BRDA:137,17,0,552
BRF:18
BRH:18
end_of_record
TN:
SF:app\Student\HomePage\homepage.jsx
FN:12,StudentHomePage
FN:21,handleChat
FN:25,handleQuiz
FN:29,handleFlashcards
FNF:4
FNH:4
FNDA:74,StudentHomePage
FNDA:4,handleChat
FNDA:2,handleQuiz
FNDA:2,handleFlashcards
DA:1,1
DA:2,1
DA:3,1
DA:4,1
DA:5,1
DA:6,1
DA:7,1
DA:8,1
DA:9,1
DA:10,1
DA:11,1
DA:12,1
DA:13,74
DA:14,74
DA:15,74
DA:16,74
DA:17,74
DA:18,74
DA:19,74
DA:20,74
DA:21,74
DA:22,4
DA:23,74
DA:24,74
DA:25,74
DA:26,2
DA:27,74
DA:28,74
DA:29,74
DA:30,2
DA:31,74
DA:32,74
DA:33,74
DA:34,74
DA:35,74
DA:36,74
DA:37,74
DA:38,74
DA:39,74
DA:40,74
DA:41,74
DA:42,74
DA:43,74
DA:44,74
DA:45,74
DA:46,74
DA:47,74
DA:48,74
DA:49,74
DA:50,74
DA:51,74
DA:52,74
DA:53,74
DA:54,74
DA:55,74
DA:56,74
DA:57,74
DA:58,74
DA:59,74
DA:60,74
DA:61,74
DA:62,74
DA:63,74
DA:64,74
DA:65,74
DA:66,74
DA:67,74
DA:68,74
DA:69,74
DA:70,74
DA:71,74
DA:72,74
DA:73,74
DA:74,74
DA:75,74
DA:76,74
DA:77,74
DA:78,74
DA:79,74
DA:80,74
DA:81,74
DA:82,74
DA:83,74
DA:84,74
DA:85,74
DA:86,74
DA:87,74
DA:88,74
DA:89,74
DA:90,74
DA:91,74
DA:92,74
DA:93,74
DA:94,74
DA:95,74
DA:96,74
DA:97,74
DA:98,74
DA:99,74
DA:100,74
DA:101,74
DA:102,74
DA:103,74
DA:104,74
DA:105,74
DA:106,74
DA:107,74
DA:108,74
DA:109,74
DA:110,74
DA:111,74
DA:112,74
DA:113,74
DA:114,74
DA:115,74
DA:116,74
DA:117,74
DA:118,74
DA:119,74
DA:120,74
DA:121,74
DA:122,74
DA:123,74
DA:124,74
DA:125,74
DA:126,74
DA:127,74
DA:128,74
DA:129,74
DA:130,74
DA:131,74
DA:132,74
DA:133,74
DA:134,74
DA:135,74
DA:136,74
DA:137,74
DA:138,74
DA:139,74
DA:140,74
DA:141,74
DA:142,74
DA:143,74
DA:144,74
DA:145,74
DA:146,74
DA:147,74
DA:148,74
DA:149,74
DA:150,74
DA:151,74
DA:152,74
DA:153,74
DA:154,74
DA:155,74
DA:156,74
DA:157,74
DA:158,74
DA:159,74
DA:160,74
DA:161,74
DA:162,74
DA:163,74
DA:164,74
DA:165,74
DA:166,74
DA:167,74
DA:168,74
DA:169,74
DA:170,74
DA:171,74
DA:172,74
DA:173,74
DA:174,74
DA:175,74
DA:176,74
DA:177,74
DA:178,74
DA:179,74
DA:180,74
DA:181,74
DA:182,74
DA:183,74
DA:184,74
DA:185,74
DA:186,74
DA:187,74
DA:188,74
LF:188
LH:188
BRDA:12,0,0,74
BRDA:21,1,0,4
BRDA:25,2,0,2
BRDA:29,3,0,2
BRF:4
BRH:4
end_of_record
TN:
SF:app\Student\Quizzes\quiz1.jsx
FN:18,Section
FN:34,onClick
FN:79,StudentQuizzesPage
FN:88,fetchQuizzes
FN:121,handleSelectQuiz
FN:132,onClick
FNF:6
FNH:6
FNDA:110,Section
FNDA:5,onClick
FNDA:119,StudentQuizzesPage
FNDA:64,fetchQuizzes
FNDA:5,handleSelectQuiz
FNDA:1,onClick
DA:1,1
DA:2,1
DA:3,1
DA:4,1
DA:5,1
DA:6,1
DA:7,1
DA:8,1
DA:9,1
DA:10,1
DA:11,1
DA:12,1
DA:13,1
DA:14,1
DA:15,1
DA:16,1
DA:17,1
DA:18,1
DA:19,110
DA:20,110
DA:21,110
DA:22,110
DA:23,110
DA:24,110
DA:25,69
DA:26,69
DA:27,69
DA:28,41
DA:29,41
DA:30,41
DA:31,43
DA:32,43
DA:33,43
DA:34,43
DA:35,43
DA:36,43
DA:37,43
DA:38,43
DA:39,43
DA:40,43
DA:41,43
DA:42,43
DA:43,43
DA:44,43
DA:45,43
DA:46,43
DA:47,31
DA:48,43
DA:49,43
DA:50,43
DA:51,43
DA:52,43
DA:53,43
DA:54,42
DA:55,42
DA:56,42
DA:57,43
DA:58,43
DA:59,43
DA:60,43
DA:61,43
DA:62,31
DA:63,31
DA:64,31
DA:65,43
DA:66,43
DA:67,31
DA:68,31
DA:69,31
DA:70,12
DA:71,43
DA:72,43
DA:73,41
DA:74,41
DA:75,110
DA:76,110
DA:77,1
DA:78,1
DA:79,1
DA:80,119
DA:81,119
DA:82,119
DA:83,119
DA:84,119
DA:85,119
DA:86,119
DA:87,64
DA:88,64
DA:89,64
DA:90,64
DA:91,64
DA:92,64
DA:93,59
DA:94,64
DA:95,2
DA:96,2
DA:97,64
DA:98,64
DA:99,64
DA:100,64
DA:101,64
DA:102,64
DA:103,64
DA:104,64
DA:105,64
DA:106,4
DA:107,4
DA:108,64
DA:109,61
DA:110,60
DA:111,60
DA:112,61
DA:113,64
DA:114,64
DA:115,64
DA:116,64
DA:117,64
DA:118,64
DA:119,119
DA:120,119
DA:121,119
DA:122,5
DA:123,3
DA:124,119
DA:125,119
DA:126,119
DA:127,119
DA:128,119
DA:129,119
DA:130,119
DA:131,119
DA:132,119
DA:133,119
DA:134,119
DA:135,119
DA:136,119
DA:137,119
DA:138,119
DA:139,119
DA:140,119
DA:141,119
DA:142,119
DA:143,119
DA:144,119
DA:145,119
DA:146,4
DA:147,4
DA:148,4
DA:149,119
DA:150,119
DA:151,119
DA:152,64
DA:153,64
DA:154,64
DA:155,55
DA:156,55
DA:157,55
DA:158,55
DA:159,55
DA:160,55
DA:161,55
DA:162,55
DA:163,55
DA:164,55
DA:165,55
DA:166,55
DA:167,55
DA:168,55
DA:169,55
DA:170,55
DA:171,55
DA:172,119
DA:173,119
DA:174,119
DA:175,119
DA:176,119
LF:176
LH:176
BRDA:18,0,0,110
BRDA:24,1,0,69
BRDA:28,2,0,41
BRDA:30,3,0,43
BRDA:38,4,0,1
BRDA:53,5,0,42
BRDA:57,6,0,1
BRDA:59,7,0,42
BRDA:59,8,0,41
BRDA:59,9,0,40
BRDA:59,10,0,1
BRDA:59,11,0,2
BRDA:61,12,0,31
BRDA:61,13,0,31
BRDA:65,14,0,12
BRDA:66,15,0,31
BRDA:66,16,0,31
BRDA:70,17,0,12
BRDA:34,18,0,5
BRDA:41,19,0,43
BRDA:42,20,0,1
BRDA:44,21,0,39
BRDA:44,22,0,4
BRDA:47,23,0,31
BRDA:48,24,0,12
BRDA:49,25,0,4
BRDA:79,26,0,119
BRDA:145,27,0,4
BRDA:151,28,0,64
BRDA:155,29,0,55
BRDA:86,30,0,64
BRDA:88,31,0,64
BRDA:92,32,0,59
BRDA:94,33,0,2
BRDA:95,34,0,1
BRDA:96,35,0,57
BRDA:97,36,0,1
BRDA:97,37,0,56
BRDA:98,38,0,55
BRDA:98,39,0,1
BRDA:105,40,0,4
BRDA:106,41,0,0
BRDA:107,42,0,0
BRDA:108,43,0,60
BRDA:108,44,0,61
BRDA:109,45,0,60
BRDA:93,46,0,1
BRDA:98,47,0,44
BRDA:100,48,0,43
BRDA:100,49,0,2
BRDA:103,50,0,43
BRDA:103,51,0,2
BRDA:116,52,0,64
BRDA:121,53,0,5
BRDA:122,54,0,2
BRDA:122,55,0,3
BRDA:132,56,0,1
BRF:57
BRH:55
end_of_record
TN:
SF:app\Student\chat\chat2.jsx
FN:12,createId
FN:17,Banner
FN:24,ChatPage
FN:47,ensureSessionId
FN:54,updateMessage
FN:62,handleSend
FN:82,processEvent
FN:116,readStream
FN:219,onChange
FN:220,onKeyDown
FNF:10
FNH:8
FNDA:92,createId
FNDA:0,Banner
FNDA:143,ChatPage
FNDA:31,ensureSessionId
FNDA:26,updateMessage
FNDA:32,handleSend
FNDA:0,processEvent
FNDA:23,readStream
FNDA:36,onChange
FNDA:2,onKeyDown
DA:1,1
DA:2,1
DA:3,1
DA:4,1
DA:5,1
DA:6,1
DA:7,1
DA:8,1
DA:9,1
DA:10,1
DA:11,1
DA:12,1
DA:13,92
DA:14,92
DA:15,1
DA:16,1
DA:17,0
DA:18,0
DA:19,0
DA:20,0
DA:21,0
DA:22,0
DA:23,1
DA:24,1
DA:25,143
DA:26,143
DA:27,143
DA:28,143
DA:29,143
DA:30,143
DA:31,143
DA:32,143
DA:33,143
DA:34,143
DA:35,143
DA:36,143
DA:37,143
DA:38,143
DA:39,143
DA:40,143
DA:41,143
DA:42,53
DA:43,5
DA:44,5
DA:45,143
DA:46,143
DA:47,143
DA:48,31
DA:49,30
DA:50,30
DA:51,31
DA:52,143
DA:53,143
DA:54,143
DA:55,26
DA:56,74
DA:57,74
DA:58,74
DA:59,26
DA:60,143
DA:61,143
DA:62,143
DA:63,32
DA:64,32
DA:65,31
DA:66,31
DA:67,31
DA:68,31
DA:69,31
DA:70,31
DA:71,31
DA:72,31
DA:73,31
DA:74,31
DA:75,31
DA:76,31
DA:77,31
DA:78,31
DA:79,31
DA:80,31
DA:81,31
DA:82,31
DA:83,0
DA:84,0
DA:85,0
DA:86,0
DA:87,0
DA:88,0
DA:89,0
DA:90,0
DA:91,0
DA:92,0
DA:93,0
DA:94,0
DA:95,0
DA:96,0
DA:97,0
DA:98,0
DA:99,0
DA:100,0
DA:101,0
DA:102,0
DA:103,0
DA:104,0
DA:105,0
DA:106,0
DA:107,0
DA:108,0
DA:109,0
DA:110,0
DA:111,0
DA:112,0
DA:113,0
DA:114,31
DA:115,31
DA:116,31
DA:117,23
DA:118,23
DA:119,23
DA:120,23
DA:121,23
DA:122,0
DA:123,0
DA:124,0
DA:125,0
DA:126,0
DA:127,0
DA:128,0
DA:129,0
DA:130,0
DA:131,0
DA:132,0
DA:133,31
DA:134,31
DA:135,31
DA:136,31
DA:137,31
DA:138,31
DA:139,31
DA:140,31
DA:141,31
DA:142,31
DA:143,31
DA:144,31
DA:145,31
DA:146,24
DA:147,31
DA:148,1
DA:149,1
DA:150,23
DA:151,23
DA:152,31
DA:153,26
DA:154,26
DA:155,26
DA:156,26
DA:157,26
DA:158,26
DA:159,26
DA:160,26
DA:161,31
DA:162,143
DA:163,143
DA:164,143
DA:165,143
DA:166,143
DA:167,143
DA:168,143
DA:169,143
DA:170,143
DA:171,143
DA:172,143
DA:173,143
DA:174,55
DA:175,55
DA:176,114
DA:177,114
DA:178,114
DA:179,114
DA:180,114
DA:181,114
DA:182,55
DA:183,55
DA:184,31
DA:185,31
DA:186,31
DA:187,31
DA:188,31
DA:189,31
DA:190,31
DA:191,31
DA:192,31
DA:193,55
DA:194,55
DA:195,143
DA:196,143
DA:197,143
DA:198,143
DA:199,143
DA:200,143
DA:201,143
DA:202,143
DA:203,143
DA:204,143
DA:205,143
DA:206,143
DA:207,143
DA:208,143
DA:209,143
DA:210,31
DA:211,31
DA:212,31
DA:213,143
DA:214,143
DA:215,143
DA:216,143
DA:217,143
DA:218,143
DA:219,143
DA:220,143
DA:221,143
DA:222,143
DA:223,143
DA:224,143
DA:225,143
DA:226,143
DA:227,143
DA:228,143
DA:229,143
DA:230,143
DA:231,143
DA:232,143
DA:233,143
DA:234,143
DA:235,143
DA:236,143
DA:237,143
DA:238,143
DA:239,143
DA:240,24
DA:241,24
DA:242,24
DA:243,143
DA:244,143
DA:245,143
DA:246,143
DA:247,143
LF:247
LH:199
BRDA:12,0,0,92
BRDA:15,1,0,0
BRDA:24,2,0,143
BRDA:173,3,0,55
BRDA:183,4,0,31
BRDA:209,5,0,31
BRDA:229,6,0,112
BRDA:239,7,0,24
BRDA:39,8,0,108
BRDA:39,9,0,55
BRDA:41,10,0,53
BRDA:41,11,0,53
BRDA:42,12,0,5
BRDA:47,13,0,31
BRDA:48,14,0,30
BRDA:54,15,0,26
BRDA:55,16,0,24
BRDA:55,17,0,74
BRDA:56,18,0,50
BRDA:56,19,0,24
BRDA:57,20,0,0
BRDA:62,21,0,32
BRDA:64,22,0,31
BRDA:64,23,0,1
BRDA:64,24,0,31
BRDA:71,25,0,31
BRDA:116,26,0,23
BRDA:121,27,0,0
BRDA:135,28,0,31
BRDA:145,29,0,24
BRDA:147,30,0,23
BRDA:147,31,0,1
BRDA:149,32,0,23
BRDA:151,33,0,0
BRDA:152,34,0,26
BRDA:153,35,0,0
BRDA:154,36,0,0
BRDA:155,37,0,24
BRDA:175,38,0,114
BRDA:176,39,0,57
BRDA:176,40,0,57
BRDA:178,41,0,57
BRDA:178,42,0,57
BRDA:219,43,0,36
BRDA:220,44,0,2
BRF:45
BRH:39
end_of_record
TN:
SF:app\components\ConditionalBody.jsx
FN:4,ConditionalBody
FNF:1
FNH:0
FNDA:0,ConditionalBody
DA:1,1
DA:2,1
DA:3,1
DA:4,1
DA:5,0
DA:6,0
DA:7,0
DA:8,0
DA:9,0
DA:10,0
DA:11,0
DA:12,0
DA:13,0
DA:14,0
DA:15,0
DA:16,0
DA:17,0
DA:18,0
DA:19,0
DA:20,0
DA:21,0
DA:22,0
LF:22
LH:4
BRF:0
BRH:0
end_of_record
TN:
SF:app\components\ConditionalHeader.jsx
FN:11,ConditionalHeader
FNF:1
FNH:0
FNDA:0,ConditionalHeader
DA:1,1
DA:2,1
DA:3,1
DA:4,1
DA:5,1
DA:6,1
DA:7,1
DA:8,1
DA:9,1
DA:10,1
DA:11,1
DA:12,0
DA:13,0
DA:14,0
DA:15,0
DA:16,0
DA:17,0
DA:18,0
DA:19,0
DA:20,0
DA:21,0
DA:22,0
DA:23,0
DA:24,0
DA:25,0
DA:26,0
DA:27,0
DA:28,0
DA:29,0
DA:30,0
DA:31,0
DA:32,0
DA:33,0
DA:34,0
DA:35,0
DA:36,0
DA:37,0
DA:38,0
DA:39,0
DA:40,0
DA:41,0
DA:42,0
DA:43,0
DA:44,0
DA:45,0
DA:46,0
DA:47,0
DA:48,0
DA:49,0
DA:50,0
DA:51,0
DA:52,0
DA:53,0
DA:54,0
DA:55,0
DA:56,0
DA:57,0
DA:58,0
DA:59,0
DA:60,0
DA:61,0
DA:62,0
DA:63,0
DA:64,0
DA:65,0
DA:66,0
DA:67,0
DA:68,0
DA:69,0
DA:70,0
DA:71,0
DA:72,0
DA:73,0
DA:74,0
DA:75,0
DA:76,0
DA:77,0
DA:78,0
DA:79,0
DA:80,0
DA:81,0
DA:82,0
DA:83,0
DA:84,0
DA:85,0
DA:86,0
DA:87,0
DA:88,0
LF:88
LH:11
BRF:0
BRH:0
end_of_record
TN:
SF:components\RoleSwitch.jsx
FN:6,RoleSwitch
FNF:1
FNH:0
FNDA:0,RoleSwitch
DA:1,1
DA:2,1
DA:3,1
DA:4,1
DA:5,1
DA:6,1
DA:7,0
DA:8,0
DA:9,0
DA:10,0
DA:11,0
DA:12,0
DA:13,0
DA:14,0
DA:15,0
DA:16,0
DA:17,0
DA:18,0
DA:19,0
DA:20,0
DA:21,0
DA:22,0
DA:23,0
DA:24,0
DA:25,0
DA:26,0
DA:27,0
DA:28,0
DA:29,0
DA:30,0
DA:31,0
DA:32,0
DA:33,0
DA:34,0
LF:34
LH:6
BRF:0
BRH:0
end_of_record
